[INFO   ] [PROGRAM_OPTIONS] n_sites                           = 24
[INFO   ] [PROGRAM_OPTIONS] n_pt                              = 3
[INFO   ] [PROGRAM_OPTIONS] model_type                        = ModelType::AF
[INFO   ] [PROGRAM_OPTIONS] J_classical                       = 1
[INFO   ] [PROGRAM_OPTIONS] J_quantum                         = 1
[INFO   ] [PROGRAM_OPTIONS] run_type                          = ModelType::EG
[INFO   ] [PROGRAM_OPTIONS] print_unpopulated_basis_flag      = 0
[INFO   ] [PROGRAM_OPTIONS] print_unpopulated_basis_size_flag = 1
[INFO   ] [PROGRAM_OPTIONS] print_populated_basis_flag        = 0
[INFO   ] [PROGRAM_OPTIONS] print_populated_basis_size_flag   = 1
[INFO   ] [PROGRAM_OPTIONS] print_sp_hamiltonian_flag         = 0
[INFO   ] [PROGRAM_OPTIONS] print_hamiltonian_flag            = 0
[INFO   ] [PROGRAM_OPTIONS] print_eigen_values_flag           = 1
[INFO   ] [PROGRAM_OPTIONS] print_eigen_vectors_flag          = 0
------------------------------------------
[common-recipe] [data    ] Unpopulated basis (0'th pt-order basis) size: 1.
[common-recipe] [progress] About to populate pt-basis.
[common-recipe] [time    ] Populating pt-basis took 0.0284561s.
[common-recipe] [progress] Has populated pt-basis.
[common-recipe] [data    ] Populated basis (3'th pt-order basis) size: 78.
[common-recipe] [progress] About to generate hamiltoniam.
[common-recipe] [time    ] Generating kn-hamiltoniam matrix took 0.148174s.
[common-recipe] [progress] Has generated kn-hamiltoniam.
[common-recipe] [progress] About to solve eigen problem.
[common-recipe] [time    ] Solving eigen problem took: 0.00163563s.
[common-recipe] [progress] Has solved eigen problem.
[common-recipe] [data    ] eigen_values:
[common-recipe]   -9.6980
------------------------------------------
[common-recipe] [data    ] Unpopulated basis (0'th pt-order basis) size: 1.
[common-recipe] [progress] About to populate pt-basis.
[common-recipe] [time    ] Populating pt-basis took 0.384486s.
[common-recipe] [progress] Has populated pt-basis.
[common-recipe] [data    ] Populated basis (3'th pt-order basis) size: 1198.
[common-recipe] [progress] About to generate hamiltoniam.
[common-recipe] [time    ] Generating kn-hamiltoniam matrix took 2.02599s.
[common-recipe] [progress] Has generated kn-hamiltoniam.
[common-recipe] [progress] About to solve eigen problem.
[common-recipe] [time    ] Solving eigen problem took: 0.0318352s.
[common-recipe] [progress] Has solved eigen problem.
[common-recipe] [data    ] eigen_values:
[common-recipe]   -9.0580
------------------------------------------
[common-recipe] [data    ] Unpopulated basis (0'th pt-order basis) size: 1.
[common-recipe] [progress] About to populate pt-basis.
[common-recipe] [time    ] Populating pt-basis took 0.385342s.
[common-recipe] [progress] Has populated pt-basis.
[common-recipe] [data    ] Populated basis (3'th pt-order basis) size: 1198.
[common-recipe] [progress] About to generate hamiltoniam.
[common-recipe] [time    ] Generating kn-hamiltoniam matrix took 2.20715s.
[common-recipe] [progress] Has generated kn-hamiltoniam.
[common-recipe] [progress] About to solve eigen problem.
[common-recipe] [time    ] Solving eigen problem took: 0.0328525s.
[common-recipe] [progress] Has solved eigen problem.
[common-recipe] [data    ] eigen_values:
[common-recipe]   -9.0019
------------------------------------------
[common-recipe] [data    ] Unpopulated basis (0'th pt-order basis) size: 1.
[common-recipe] [progress] About to populate pt-basis.
[common-recipe] [time    ] Populating pt-basis took 0.405552s.
[common-recipe] [progress] Has populated pt-basis.
[common-recipe] [data    ] Populated basis (3'th pt-order basis) size: 1198.
[common-recipe] [progress] About to generate hamiltoniam.
[common-recipe] [time    ] Generating kn-hamiltoniam matrix took 2.07196s.
[common-recipe] [progress] Has generated kn-hamiltoniam.
[common-recipe] [progress] About to solve eigen problem.
[common-recipe] [time    ] Solving eigen problem took: 0.0452727s.
[common-recipe] [progress] Has solved eigen problem.
[common-recipe] [data    ] eigen_values:
[common-recipe]   -8.8490
------------------------------------------
[common-recipe] [data    ] Unpopulated basis (0'th pt-order basis) size: 1.
[common-recipe] [progress] About to populate pt-basis.
[common-recipe] [time    ] Populating pt-basis took 0.402576s.
[common-recipe] [progress] Has populated pt-basis.
[common-recipe] [data    ] Populated basis (3'th pt-order basis) size: 1198.
[common-recipe] [progress] About to generate hamiltoniam.
[common-recipe] [time    ] Generating kn-hamiltoniam matrix took 2.03457s.
[common-recipe] [progress] Has generated kn-hamiltoniam.
[common-recipe] [progress] About to solve eigen problem.
[common-recipe] [time    ] Solving eigen problem took: 0.0437081s.
[common-recipe] [progress] Has solved eigen problem.
[common-recipe] [data    ] eigen_values:
[common-recipe]   -8.6429
------------------------------------------
[common-recipe] [data    ] Unpopulated basis (0'th pt-order basis) size: 1.
[common-recipe] [progress] About to populate pt-basis.
[common-recipe] [time    ] Populating pt-basis took 0.389956s.
[common-recipe] [progress] Has populated pt-basis.
[common-recipe] [data    ] Populated basis (3'th pt-order basis) size: 1198.
[common-recipe] [progress] About to generate hamiltoniam.
[common-recipe] [time    ] Generating kn-hamiltoniam matrix took 2.04757s.
[common-recipe] [progress] Has generated kn-hamiltoniam.
[common-recipe] [progress] About to solve eigen problem.
[common-recipe] [time    ] Solving eigen problem took: 0.0404004s.
[common-recipe] [progress] Has solved eigen problem.
[common-recipe] [data    ] eigen_values:
[common-recipe]   -8.4420
------------------------------------------
[common-recipe] [data    ] Unpopulated basis (0'th pt-order basis) size: 1.
[common-recipe] [progress] About to populate pt-basis.
[common-recipe] [time    ] Populating pt-basis took 0.388854s.
[common-recipe] [progress] Has populated pt-basis.
[common-recipe] [data    ] Populated basis (3'th pt-order basis) size: 1198.
[common-recipe] [progress] About to generate hamiltoniam.
[common-recipe] [time    ] Generating kn-hamiltoniam matrix took 2.02311s.
[common-recipe] [progress] Has generated kn-hamiltoniam.
[common-recipe] [progress] About to solve eigen problem.
[common-recipe] [time    ] Solving eigen problem took: 0.0439863s.
[common-recipe] [progress] Has solved eigen problem.
[common-recipe] [data    ] eigen_values:
[common-recipe]   -8.2989
------------------------------------------
[common-recipe] [data    ] Unpopulated basis (0'th pt-order basis) size: 1.
[common-recipe] [progress] About to populate pt-basis.
[common-recipe] [time    ] Populating pt-basis took 0.422354s.
[common-recipe] [progress] Has populated pt-basis.
[common-recipe] [data    ] Populated basis (3'th pt-order basis) size: 1198.
[common-recipe] [progress] About to generate hamiltoniam.
[common-recipe] [time    ] Generating kn-hamiltoniam matrix took 1.97078s.
[common-recipe] [progress] Has generated kn-hamiltoniam.
[common-recipe] [progress] About to solve eigen problem.
[common-recipe] [time    ] Solving eigen problem took: 0.0385571s.
[common-recipe] [progress] Has solved eigen problem.
[common-recipe] [data    ] eigen_values:
[common-recipe]   -8.2471
------------------------------------------
[common-recipe] [data    ] Unpopulated basis (0'th pt-order basis) size: 1.
[common-recipe] [progress] About to populate pt-basis.
[common-recipe] [time    ] Populating pt-basis took 0.374906s.
[common-recipe] [progress] Has populated pt-basis.
[common-recipe] [data    ] Populated basis (3'th pt-order basis) size: 1198.
[common-recipe] [progress] About to generate hamiltoniam.
[common-recipe] [time    ] Generating kn-hamiltoniam matrix took 1.98007s.
[common-recipe] [progress] Has generated kn-hamiltoniam.
[common-recipe] [progress] About to solve eigen problem.
[common-recipe] [time    ] Solving eigen problem took: 0.0399279s.
[common-recipe] [progress] Has solved eigen problem.
[common-recipe] [data    ] eigen_values:
[common-recipe]   -8.2989
------------------------------------------
[common-recipe] [data    ] Unpopulated basis (0'th pt-order basis) size: 1.
[common-recipe] [progress] About to populate pt-basis.
[common-recipe] [time    ] Populating pt-basis took 0.383608s.
[common-recipe] [progress] Has populated pt-basis.
[common-recipe] [data    ] Populated basis (3'th pt-order basis) size: 1198.
[common-recipe] [progress] About to generate hamiltoniam.
[common-recipe] [time    ] Generating kn-hamiltoniam matrix took 1.99093s.
[common-recipe] [progress] Has generated kn-hamiltoniam.
[common-recipe] [progress] About to solve eigen problem.
[common-recipe] [time    ] Solving eigen problem took: 0.0418081s.
[common-recipe] [progress] Has solved eigen problem.
[common-recipe] [data    ] eigen_values:
[common-recipe]   -8.4420
------------------------------------------
[common-recipe] [data    ] Unpopulated basis (0'th pt-order basis) size: 1.
[common-recipe] [progress] About to populate pt-basis.
[common-recipe] [time    ] Populating pt-basis took 0.380356s.
[common-recipe] [progress] Has populated pt-basis.
[common-recipe] [data    ] Populated basis (3'th pt-order basis) size: 1198.
[common-recipe] [progress] About to generate hamiltoniam.
[common-recipe] [time    ] Generating kn-hamiltoniam matrix took 1.99935s.
[common-recipe] [progress] Has generated kn-hamiltoniam.
[common-recipe] [progress] About to solve eigen problem.
[common-recipe] [time    ] Solving eigen problem took: 0.0427319s.
[common-recipe] [progress] Has solved eigen problem.
[common-recipe] [data    ] eigen_values:
[common-recipe]   -8.6429
------------------------------------------
[common-recipe] [data    ] Unpopulated basis (0'th pt-order basis) size: 1.
[common-recipe] [progress] About to populate pt-basis.
[common-recipe] [time    ] Populating pt-basis took 0.383747s.
[common-recipe] [progress] Has populated pt-basis.
[common-recipe] [data    ] Populated basis (3'th pt-order basis) size: 1198.
[common-recipe] [progress] About to generate hamiltoniam.
[common-recipe] [time    ] Generating kn-hamiltoniam matrix took 2.00631s.
[common-recipe] [progress] Has generated kn-hamiltoniam.
[common-recipe] [progress] About to solve eigen problem.
[common-recipe] [time    ] Solving eigen problem took: 0.0429733s.
[common-recipe] [progress] Has solved eigen problem.
[common-recipe] [data    ] eigen_values:
[common-recipe]   -8.8490
------------------------------------------
[common-recipe] [data    ] Unpopulated basis (0'th pt-order basis) size: 1.
[common-recipe] [progress] About to populate pt-basis.
[common-recipe] [time    ] Populating pt-basis took 0.382495s.
[common-recipe] [progress] Has populated pt-basis.
[common-recipe] [data    ] Populated basis (3'th pt-order basis) size: 1198.
[common-recipe] [progress] About to generate hamiltoniam.
[common-recipe] [time    ] Generating kn-hamiltoniam matrix took 2.11056s.
[common-recipe] [progress] Has generated kn-hamiltoniam.
[common-recipe] [progress] About to solve eigen problem.
[common-recipe] [time    ] Solving eigen problem took: 0.0300188s.
[common-recipe] [progress] Has solved eigen problem.
[common-recipe] [data    ] eigen_values:
[common-recipe]   -9.0019
------------------------------------------
[common-recipe] [data    ] Unpopulated basis (0'th pt-order basis) size: 1.
[common-recipe] [progress] About to populate pt-basis.
[common-recipe] [time    ] Populating pt-basis took 0.393049s.
[common-recipe] [progress] Has populated pt-basis.
[common-recipe] [data    ] Populated basis (3'th pt-order basis) size: 1198.
[common-recipe] [progress] About to generate hamiltoniam.
[common-recipe] [time    ] Generating kn-hamiltoniam matrix took 1.99602s.
[common-recipe] [progress] Has generated kn-hamiltoniam.
[common-recipe] [progress] About to solve eigen problem.
[common-recipe] [time    ] Solving eigen problem took: 0.0293005s.
[common-recipe] [progress] Has solved eigen problem.
[common-recipe] [data    ] eigen_values:
[common-recipe]   -9.0580
------------------------------------------
[common-recipe] [data    ] Unpopulated basis (0'th pt-order basis) size: 1.
[common-recipe] [progress] About to populate pt-basis.
[common-recipe] [time    ] Populating pt-basis took 0.386929s.
[common-recipe] [progress] Has populated pt-basis.
[common-recipe] [data    ] Populated basis (3'th pt-order basis) size: 1198.
[common-recipe] [progress] About to generate hamiltoniam.
[common-recipe] [time    ] Generating kn-hamiltoniam matrix took 1.99748s.
[common-recipe] [progress] Has generated kn-hamiltoniam.
[common-recipe] [progress] About to solve eigen problem.
[common-recipe] [time    ] Solving eigen problem took: 0.0285939s.
[common-recipe] [progress] Has solved eigen problem.
[common-recipe] [data    ] eigen_values:
[common-recipe]   -9.0019
------------------------------------------
[common-recipe] [data    ] Unpopulated basis (0'th pt-order basis) size: 1.
[common-recipe] [progress] About to populate pt-basis.
[common-recipe] [time    ] Populating pt-basis took 0.381775s.
[common-recipe] [progress] Has populated pt-basis.
[common-recipe] [data    ] Populated basis (3'th pt-order basis) size: 1198.
[common-recipe] [progress] About to generate hamiltoniam.
[common-recipe] [time    ] Generating kn-hamiltoniam matrix took 2.04604s.
[common-recipe] [progress] Has generated kn-hamiltoniam.
[common-recipe] [progress] About to solve eigen problem.
[common-recipe] [time    ] Solving eigen problem took: 0.0420485s.
[common-recipe] [progress] Has solved eigen problem.
[common-recipe] [data    ] eigen_values:
[common-recipe]   -8.8490
------------------------------------------
[common-recipe] [data    ] Unpopulated basis (0'th pt-order basis) size: 1.
[common-recipe] [progress] About to populate pt-basis.
[common-recipe] [time    ] Populating pt-basis took 0.396614s.
[common-recipe] [progress] Has populated pt-basis.
[common-recipe] [data    ] Populated basis (3'th pt-order basis) size: 1198.
[common-recipe] [progress] About to generate hamiltoniam.
[common-recipe] [time    ] Generating kn-hamiltoniam matrix took 2.05602s.
[common-recipe] [progress] Has generated kn-hamiltoniam.
[common-recipe] [progress] About to solve eigen problem.
[common-recipe] [time    ] Solving eigen problem took: 0.0393224s.
[common-recipe] [progress] Has solved eigen problem.
[common-recipe] [data    ] eigen_values:
[common-recipe]   -8.6429
------------------------------------------
[common-recipe] [data    ] Unpopulated basis (0'th pt-order basis) size: 1.
[common-recipe] [progress] About to populate pt-basis.
[common-recipe] [time    ] Populating pt-basis took 0.391567s.
[common-recipe] [progress] Has populated pt-basis.
[common-recipe] [data    ] Populated basis (3'th pt-order basis) size: 1198.
[common-recipe] [progress] About to generate hamiltoniam.
[common-recipe] [time    ] Generating kn-hamiltoniam matrix took 2.0446s.
[common-recipe] [progress] Has generated kn-hamiltoniam.
[common-recipe] [progress] About to solve eigen problem.
[common-recipe] [time    ] Solving eigen problem took: 0.0408368s.
[common-recipe] [progress] Has solved eigen problem.
[common-recipe] [data    ] eigen_values:
[common-recipe]   -8.4420
------------------------------------------
[common-recipe] [data    ] Unpopulated basis (0'th pt-order basis) size: 1.
[common-recipe] [progress] About to populate pt-basis.
[common-recipe] [time    ] Populating pt-basis took 0.389041s.
[common-recipe] [progress] Has populated pt-basis.
[common-recipe] [data    ] Populated basis (3'th pt-order basis) size: 1198.
[common-recipe] [progress] About to generate hamiltoniam.
[common-recipe] [time    ] Generating kn-hamiltoniam matrix took 2.04049s.
[common-recipe] [progress] Has generated kn-hamiltoniam.
[common-recipe] [progress] About to solve eigen problem.
[common-recipe] [time    ] Solving eigen problem took: 0.0431627s.
[common-recipe] [progress] Has solved eigen problem.
[common-recipe] [data    ] eigen_values:
[common-recipe]   -8.2989
------------------------------------------
[common-recipe] [data    ] Unpopulated basis (0'th pt-order basis) size: 1.
[common-recipe] [progress] About to populate pt-basis.
[common-recipe] [time    ] Populating pt-basis took 0.39563s.
[common-recipe] [progress] Has populated pt-basis.
[common-recipe] [data    ] Populated basis (3'th pt-order basis) size: 1198.
[common-recipe] [progress] About to generate hamiltoniam.
[common-recipe] [time    ] Generating kn-hamiltoniam matrix took 2.08199s.
[common-recipe] [progress] Has generated kn-hamiltoniam.
[common-recipe] [progress] About to solve eigen problem.
[common-recipe] [time    ] Solving eigen problem took: 0.05789s.
[common-recipe] [progress] Has solved eigen problem.
[common-recipe] [data    ] eigen_values:
[common-recipe]   -8.2471
------------------------------------------
[common-recipe] [data    ] Unpopulated basis (0'th pt-order basis) size: 1.
[common-recipe] [progress] About to populate pt-basis.
[common-recipe] [time    ] Populating pt-basis took 0.395505s.
[common-recipe] [progress] Has populated pt-basis.
[common-recipe] [data    ] Populated basis (3'th pt-order basis) size: 1198.
[common-recipe] [progress] About to generate hamiltoniam.
[common-recipe] [time    ] Generating kn-hamiltoniam matrix took 2.24583s.
[common-recipe] [progress] Has generated kn-hamiltoniam.
[common-recipe] [progress] About to solve eigen problem.
[common-recipe] [time    ] Solving eigen problem took: 0.0398912s.
[common-recipe] [progress] Has solved eigen problem.
[common-recipe] [data    ] eigen_values:
[common-recipe]   -8.2989
------------------------------------------
[common-recipe] [data    ] Unpopulated basis (0'th pt-order basis) size: 1.
[common-recipe] [progress] About to populate pt-basis.
[common-recipe] [time    ] Populating pt-basis took 0.375254s.
[common-recipe] [progress] Has populated pt-basis.
[common-recipe] [data    ] Populated basis (3'th pt-order basis) size: 1198.
[common-recipe] [progress] About to generate hamiltoniam.
[common-recipe] [time    ] Generating kn-hamiltoniam matrix took 2.01344s.
[common-recipe] [progress] Has generated kn-hamiltoniam.
[common-recipe] [progress] About to solve eigen problem.
[common-recipe] [time    ] Solving eigen problem took: 0.041427s.
[common-recipe] [progress] Has solved eigen problem.
[common-recipe] [data    ] eigen_values:
[common-recipe]   -8.4420
------------------------------------------
[common-recipe] [data    ] Unpopulated basis (0'th pt-order basis) size: 1.
[common-recipe] [progress] About to populate pt-basis.
[common-recipe] [time    ] Populating pt-basis took 0.37855s.
[common-recipe] [progress] Has populated pt-basis.
[common-recipe] [data    ] Populated basis (3'th pt-order basis) size: 1198.
[common-recipe] [progress] About to generate hamiltoniam.
[common-recipe] [time    ] Generating kn-hamiltoniam matrix took 2.4226s.
[common-recipe] [progress] Has generated kn-hamiltoniam.
[common-recipe] [progress] About to solve eigen problem.
[common-recipe] [time    ] Solving eigen problem took: 0.0520201s.
[common-recipe] [progress] Has solved eigen problem.
[common-recipe] [data    ] eigen_values:
[common-recipe]   -8.6429
------------------------------------------
[common-recipe] [data    ] Unpopulated basis (0'th pt-order basis) size: 1.
[common-recipe] [progress] About to populate pt-basis.
[common-recipe] [time    ] Populating pt-basis took 0.430446s.
[common-recipe] [progress] Has populated pt-basis.
[common-recipe] [data    ] Populated basis (3'th pt-order basis) size: 1198.
[common-recipe] [progress] About to generate hamiltoniam.
[common-recipe] [time    ] Generating kn-hamiltoniam matrix took 2.16287s.
[common-recipe] [progress] Has generated kn-hamiltoniam.
[common-recipe] [progress] About to solve eigen problem.
[common-recipe] [time    ] Solving eigen problem took: 0.043451s.
[common-recipe] [progress] Has solved eigen problem.
[common-recipe] [data    ] eigen_values:
[common-recipe]   -8.8490
------------------------------------------
[common-recipe] [data    ] Unpopulated basis (0'th pt-order basis) size: 1.
[common-recipe] [progress] About to populate pt-basis.
[common-recipe] [time    ] Populating pt-basis took 0.38499s.
[common-recipe] [progress] Has populated pt-basis.
[common-recipe] [data    ] Populated basis (3'th pt-order basis) size: 1198.
[common-recipe] [progress] About to generate hamiltoniam.
[common-recipe] [time    ] Generating kn-hamiltoniam matrix took 2.12059s.
[common-recipe] [progress] Has generated kn-hamiltoniam.
[common-recipe] [progress] About to solve eigen problem.
[common-recipe] [time    ] Solving eigen problem took: 0.0289727s.
[common-recipe] [progress] Has solved eigen problem.
[common-recipe] [data    ] eigen_values:
[common-recipe]   -9.0019
------------------------------------------
 ├state: gs 
 ││enery = -9.69796
 ││enery (reference) = -10.6355
 ├state: es [k_n = 0]
 ││abs. enery        = -9.05799
 ││exc. enery        = 0.639966
 ││exc. enery (ref.) = 0
 ├state: es [k_n = 1]
 ││abs. enery        = -9.00187
 ││exc. enery        = 0.696089
 ││exc. enery (ref.) = 0.406552
 ├state: es [k_n = 2]
 ││abs. enery        = -8.84903
 ││exc. enery        = 0.848929
 ││exc. enery (ref.) = 0.785398
 ├state: es [k_n = 3]
 ││abs. enery        = -8.64289
 ││exc. enery        = 1.05506
 ││exc. enery (ref.) = 1.11072
 ├state: es [k_n = 4]
 ││abs. enery        = -8.44199
 ││exc. enery        = 1.25596
 ││exc. enery (ref.) = 1.36035
 ├state: es [k_n = 5]
 ││abs. enery        = -8.29886
 ││exc. enery        = 1.3991
 ││exc. enery (ref.) = 1.51727
 ├state: es [k_n = 6]
 ││abs. enery        = -8.24714
 ││exc. enery        = 1.45082
 ││exc. enery (ref.) = 1.5708
 ├state: es [k_n = 7]
 ││abs. enery        = -8.29886
 ││exc. enery        = 1.3991
 ││exc. enery (ref.) = 1.51727
 ├state: es [k_n = 8]
 ││abs. enery        = -8.44199
 ││exc. enery        = 1.25596
 ││exc. enery (ref.) = 1.36035
 ├state: es [k_n = 9]
 ││abs. enery        = -8.64289
 ││exc. enery        = 1.05506
 ││exc. enery (ref.) = 1.11072
 ├state: es [k_n = 10]
 ││abs. enery        = -8.84903
 ││exc. enery        = 0.848929
 ││exc. enery (ref.) = 0.785398
 ├state: es [k_n = 11]
 ││abs. enery        = -9.00187
 ││exc. enery        = 0.696089
 ││exc. enery (ref.) = 0.406552
 ├state: es [k_n = 12]
 ││abs. enery        = -9.05799
 ││exc. enery        = 0.639966
 ││exc. enery (ref.) = 1.92367e-16
 ├state: es [k_n = 13]
 ││abs. enery        = -9.00187
 ││exc. enery        = 0.696089
 ││exc. enery (ref.) = 0.406552
 ├state: es [k_n = 14]
 ││abs. enery        = -8.84903
 ││exc. enery        = 0.848929
 ││exc. enery (ref.) = 0.785398
 ├state: es [k_n = 15]
 ││abs. enery        = -8.64289
 ││exc. enery        = 1.05506
 ││exc. enery (ref.) = 1.11072
 ├state: es [k_n = 16]
 ││abs. enery        = -8.44199
 ││exc. enery        = 1.25596
 ││exc. enery (ref.) = 1.36035
 ├state: es [k_n = 17]
 ││abs. enery        = -8.29886
 ││exc. enery        = 1.3991
 ││exc. enery (ref.) = 1.51727
 ├state: es [k_n = 18]
 ││abs. enery        = -8.24714
 ││exc. enery        = 1.45082
 ││exc. enery (ref.) = 1.5708
 ├state: es [k_n = 19]
 ││abs. enery        = -8.29886
 ││exc. enery        = 1.3991
 ││exc. enery (ref.) = 1.51727
 ├state: es [k_n = 20]
 ││abs. enery        = -8.44199
 ││exc. enery        = 1.25596
 ││exc. enery (ref.) = 1.36035
 ├state: es [k_n = 21]
 ││abs. enery        = -8.64289
 ││exc. enery        = 1.05506
 ││exc. enery (ref.) = 1.11072
 ├state: es [k_n = 22]
 ││abs. enery        = -8.84903
 ││exc. enery        = 0.848929
 ││exc. enery (ref.) = 0.785398
 ├state: es [k_n = 23]
 ││abs. enery        = -9.00187
 ││exc. enery        = 0.696089
 ││exc. enery (ref.) = 0.406552
[RESULT] [POST] gs_energy: -9.69796
[RESULT] [POST] domain: [0, 0.261799, 0.523599, 0.785398, 1.0472, 1.309, 1.5708, 1.8326, 2.0944, 2.35619, 2.61799, 2.87979, 3.14159, 3.40339, 3.66519, 3.92699, 4.18879, 4.45059, 4.71239, 4.97419, 5.23599, 5.49779, 5.75959, 6.02139]
[RESULT] [POST] es_absolute_energies: [-9.05799, -9.00187, -8.84903, -8.64289, -8.44199, -8.29886, -8.24714, -8.29886, -8.44199, -8.64289, -8.84903, -9.00187, -9.05799, -9.00187, -8.84903, -8.64289, -8.44199, -8.29886, -8.24714, -8.29886, -8.44199, -8.64289, -8.84903, -9.00187]
[RESULT] [POST] es_excitation_energies: [0.639966, 0.696089, 0.848929, 1.05506, 1.25596, 1.3991, 1.45082, 1.3991, 1.25596, 1.05506, 0.848929, 0.696089, 0.639966, 0.696089, 0.848929, 1.05506, 1.25596, 1.3991, 1.45082, 1.3991, 1.25596, 1.05506, 0.848929, 0.696089]
