[INFO   ] [PROGRAM_OPTIONS] n_sites                           = 20
[INFO   ] [PROGRAM_OPTIONS] n_pt                              = 5
[INFO   ] [PROGRAM_OPTIONS] model_type                        = ModelType::AF
[INFO   ] [PROGRAM_OPTIONS] J_classical                       = 1
[INFO   ] [PROGRAM_OPTIONS] J_quantum                         = 1
[INFO   ] [PROGRAM_OPTIONS] run_type                          = ModelType::EG
[INFO   ] [PROGRAM_OPTIONS] print_unpopulated_basis_flag      = 0
[INFO   ] [PROGRAM_OPTIONS] print_unpopulated_basis_size_flag = 1
[INFO   ] [PROGRAM_OPTIONS] print_populated_basis_flag        = 0
[INFO   ] [PROGRAM_OPTIONS] print_populated_basis_size_flag   = 1
[INFO   ] [PROGRAM_OPTIONS] print_sp_hamiltonian_flag         = 0
[INFO   ] [PROGRAM_OPTIONS] print_hamiltonian_flag            = 0
[INFO   ] [PROGRAM_OPTIONS] print_eigen_values_flag           = 1
[INFO   ] [PROGRAM_OPTIONS] print_eigen_vectors_flag          = 0
------------------------------------------
[common-recipe] [data    ] Unpopulated basis (0'th pt-order basis) size: 1.
[common-recipe] [progress] About to populate pt-basis.
[common-recipe] [time    ] Populating pt-basis took 0.197217s.
[common-recipe] [progress] Has populated pt-basis.
[common-recipe] [data    ] Populated basis (5'th pt-order basis) size: 476.
[common-recipe] [progress] About to generate hamiltoniam.
[common-recipe] [time    ] Generating kn-hamiltoniam matrix took 0.499823s.
[common-recipe] [progress] Has generated kn-hamiltoniam.
[common-recipe] [progress] About to solve eigen problem.
[common-recipe] [time    ] Solving eigen problem took: 0.0185444s.
[common-recipe] [progress] Has solved eigen problem.
[common-recipe] [data    ] eigen_values:
[common-recipe]   -8.6532
------------------------------------------
[common-recipe] [data    ] Unpopulated basis (0'th pt-order basis) size: 1.
[common-recipe] [progress] About to populate pt-basis.
[common-recipe] [time    ] Populating pt-basis took 1.72453s.
[common-recipe] [progress] Has populated pt-basis.
[common-recipe] [data    ] Populated basis (5'th pt-order basis) size: 3772.
[common-recipe] [progress] About to generate hamiltoniam.
[common-recipe] [time    ] Generating kn-hamiltoniam matrix took 3.69433s.
[common-recipe] [progress] Has generated kn-hamiltoniam.
[common-recipe] [progress] About to solve eigen problem.
[common-recipe] [time    ] Solving eigen problem took: 0.345218s.
[common-recipe] [progress] Has solved eigen problem.
[common-recipe] [data    ] eigen_values:
[common-recipe]   -8.3038
------------------------------------------
[common-recipe] [data    ] Unpopulated basis (0'th pt-order basis) size: 1.
[common-recipe] [progress] About to populate pt-basis.
[common-recipe] [time    ] Populating pt-basis took 1.7493s.
[common-recipe] [progress] Has populated pt-basis.
[common-recipe] [data    ] Populated basis (5'th pt-order basis) size: 3772.
[common-recipe] [progress] About to generate hamiltoniam.
[common-recipe] [time    ] Generating kn-hamiltoniam matrix took 3.76752s.
[common-recipe] [progress] Has generated kn-hamiltoniam.
[common-recipe] [progress] About to solve eigen problem.
[common-recipe] [time    ] Solving eigen problem took: 0.364547s.
[common-recipe] [progress] Has solved eigen problem.
[common-recipe] [data    ] eigen_values:
[common-recipe]   -8.1427
------------------------------------------
[common-recipe] [data    ] Unpopulated basis (0'th pt-order basis) size: 1.
[common-recipe] [progress] About to populate pt-basis.
[common-recipe] [time    ] Populating pt-basis took 1.74327s.
[common-recipe] [progress] Has populated pt-basis.
[common-recipe] [data    ] Populated basis (5'th pt-order basis) size: 3772.
[common-recipe] [progress] About to generate hamiltoniam.
[common-recipe] [time    ] Generating kn-hamiltoniam matrix took 3.74594s.
[common-recipe] [progress] Has generated kn-hamiltoniam.
[common-recipe] [progress] About to solve eigen problem.
[common-recipe] [time    ] Solving eigen problem took: 0.372568s.
[common-recipe] [progress] Has solved eigen problem.
[common-recipe] [data    ] eigen_values:
[common-recipe]   -7.7685
------------------------------------------
[common-recipe] [data    ] Unpopulated basis (0'th pt-order basis) size: 1.
[common-recipe] [progress] About to populate pt-basis.
[common-recipe] [time    ] Populating pt-basis took 1.7432s.
[common-recipe] [progress] Has populated pt-basis.
[common-recipe] [data    ] Populated basis (5'th pt-order basis) size: 3772.
[common-recipe] [progress] About to generate hamiltoniam.
[common-recipe] [time    ] Generating kn-hamiltoniam matrix took 3.75747s.
[common-recipe] [progress] Has generated kn-hamiltoniam.
[common-recipe] [progress] About to solve eigen problem.
[common-recipe] [time    ] Solving eigen problem took: 0.586863s.
[common-recipe] [progress] Has solved eigen problem.
[common-recipe] [data    ] eigen_values:
[common-recipe]   -7.4105
------------------------------------------
[common-recipe] [data    ] Unpopulated basis (0'th pt-order basis) size: 1.
[common-recipe] [progress] About to populate pt-basis.
[common-recipe] [time    ] Populating pt-basis took 1.74052s.
[common-recipe] [progress] Has populated pt-basis.
[common-recipe] [data    ] Populated basis (5'th pt-order basis) size: 3772.
[common-recipe] [progress] About to generate hamiltoniam.
[common-recipe] [time    ] Generating kn-hamiltoniam matrix took 3.75238s.
[common-recipe] [progress] Has generated kn-hamiltoniam.
[common-recipe] [progress] About to solve eigen problem.
[common-recipe] [time    ] Solving eigen problem took: 0.422808s.
[common-recipe] [progress] Has solved eigen problem.
[common-recipe] [data    ] eigen_values:
[common-recipe]   -7.1739
------------------------------------------
[common-recipe] [data    ] Unpopulated basis (0'th pt-order basis) size: 1.
[common-recipe] [progress] About to populate pt-basis.
[common-recipe] [time    ] Populating pt-basis took 1.73718s.
[common-recipe] [progress] Has populated pt-basis.
[common-recipe] [data    ] Populated basis (5'th pt-order basis) size: 3772.
[common-recipe] [progress] About to generate hamiltoniam.
[common-recipe] [time    ] Generating kn-hamiltoniam matrix took 3.74458s.
[common-recipe] [progress] Has generated kn-hamiltoniam.
[common-recipe] [progress] About to solve eigen problem.
[common-recipe] [time    ] Solving eigen problem took: 0.452765s.
[common-recipe] [progress] Has solved eigen problem.
[common-recipe] [data    ] eigen_values:
[common-recipe]   -7.0918
------------------------------------------
[common-recipe] [data    ] Unpopulated basis (0'th pt-order basis) size: 1.
[common-recipe] [progress] About to populate pt-basis.
[common-recipe] [time    ] Populating pt-basis took 1.73994s.
[common-recipe] [progress] Has populated pt-basis.
[common-recipe] [data    ] Populated basis (5'th pt-order basis) size: 3772.
[common-recipe] [progress] About to generate hamiltoniam.
[common-recipe] [time    ] Generating kn-hamiltoniam matrix took 3.75288s.
[common-recipe] [progress] Has generated kn-hamiltoniam.
[common-recipe] [progress] About to solve eigen problem.
[common-recipe] [time    ] Solving eigen problem took: 0.424542s.
[common-recipe] [progress] Has solved eigen problem.
[common-recipe] [data    ] eigen_values:
[common-recipe]   -7.1739
------------------------------------------
[common-recipe] [data    ] Unpopulated basis (0'th pt-order basis) size: 1.
[common-recipe] [progress] About to populate pt-basis.
[common-recipe] [time    ] Populating pt-basis took 1.73515s.
[common-recipe] [progress] Has populated pt-basis.
[common-recipe] [data    ] Populated basis (5'th pt-order basis) size: 3772.
[common-recipe] [progress] About to generate hamiltoniam.
[common-recipe] [time    ] Generating kn-hamiltoniam matrix took 3.75274s.
[common-recipe] [progress] Has generated kn-hamiltoniam.
[common-recipe] [progress] About to solve eigen problem.
[common-recipe] [time    ] Solving eigen problem took: 0.570702s.
[common-recipe] [progress] Has solved eigen problem.
[common-recipe] [data    ] eigen_values:
[common-recipe]   -7.4105
------------------------------------------
[common-recipe] [data    ] Unpopulated basis (0'th pt-order basis) size: 1.
[common-recipe] [progress] About to populate pt-basis.
[common-recipe] [time    ] Populating pt-basis took 1.66617s.
[common-recipe] [progress] Has populated pt-basis.
[common-recipe] [data    ] Populated basis (5'th pt-order basis) size: 3772.
[common-recipe] [progress] About to generate hamiltoniam.
[common-recipe] [time    ] Generating kn-hamiltoniam matrix took 3.61455s.
[common-recipe] [progress] Has generated kn-hamiltoniam.
[common-recipe] [progress] About to solve eigen problem.
[common-recipe] [time    ] Solving eigen problem took: 0.359274s.
[common-recipe] [progress] Has solved eigen problem.
[common-recipe] [data    ] eigen_values:
[common-recipe]   -7.7685
------------------------------------------
[common-recipe] [data    ] Unpopulated basis (0'th pt-order basis) size: 1.
[common-recipe] [progress] About to populate pt-basis.
[common-recipe] [time    ] Populating pt-basis took 1.73135s.
[common-recipe] [progress] Has populated pt-basis.
[common-recipe] [data    ] Populated basis (5'th pt-order basis) size: 3772.
[common-recipe] [progress] About to generate hamiltoniam.
[common-recipe] [time    ] Generating kn-hamiltoniam matrix took 3.70722s.
[common-recipe] [progress] Has generated kn-hamiltoniam.
[common-recipe] [progress] About to solve eigen problem.
[common-recipe] [time    ] Solving eigen problem took: 0.359071s.
[common-recipe] [progress] Has solved eigen problem.
[common-recipe] [data    ] eigen_values:
[common-recipe]   -8.1427
------------------------------------------
[common-recipe] [data    ] Unpopulated basis (0'th pt-order basis) size: 1.
[common-recipe] [progress] About to populate pt-basis.
[common-recipe] [time    ] Populating pt-basis took 1.72635s.
[common-recipe] [progress] Has populated pt-basis.
[common-recipe] [data    ] Populated basis (5'th pt-order basis) size: 3772.
[common-recipe] [progress] About to generate hamiltoniam.
[common-recipe] [time    ] Generating kn-hamiltoniam matrix took 3.71844s.
[common-recipe] [progress] Has generated kn-hamiltoniam.
[common-recipe] [progress] About to solve eigen problem.
[common-recipe] [time    ] Solving eigen problem took: 0.372685s.
[common-recipe] [progress] Has solved eigen problem.
[common-recipe] [data    ] eigen_values:
[common-recipe]   -8.3038
------------------------------------------
[common-recipe] [data    ] Unpopulated basis (0'th pt-order basis) size: 1.
[common-recipe] [progress] About to populate pt-basis.
[common-recipe] [time    ] Populating pt-basis took 1.72566s.
[common-recipe] [progress] Has populated pt-basis.
[common-recipe] [data    ] Populated basis (5'th pt-order basis) size: 3772.
[common-recipe] [progress] About to generate hamiltoniam.
[common-recipe] [time    ] Generating kn-hamiltoniam matrix took 3.73595s.
[common-recipe] [progress] Has generated kn-hamiltoniam.
[common-recipe] [progress] About to solve eigen problem.
[common-recipe] [time    ] Solving eigen problem took: 0.37527s.
[common-recipe] [progress] Has solved eigen problem.
[common-recipe] [data    ] eigen_values:
[common-recipe]   -8.1427
------------------------------------------
[common-recipe] [data    ] Unpopulated basis (0'th pt-order basis) size: 1.
[common-recipe] [progress] About to populate pt-basis.
[common-recipe] [time    ] Populating pt-basis took 1.72376s.
[common-recipe] [progress] Has populated pt-basis.
[common-recipe] [data    ] Populated basis (5'th pt-order basis) size: 3772.
[common-recipe] [progress] About to generate hamiltoniam.
[common-recipe] [time    ] Generating kn-hamiltoniam matrix took 3.7089s.
[common-recipe] [progress] Has generated kn-hamiltoniam.
[common-recipe] [progress] About to solve eigen problem.
[common-recipe] [time    ] Solving eigen problem took: 0.371052s.
[common-recipe] [progress] Has solved eigen problem.
[common-recipe] [data    ] eigen_values:
[common-recipe]   -7.7685
------------------------------------------
[common-recipe] [data    ] Unpopulated basis (0'th pt-order basis) size: 1.
[common-recipe] [progress] About to populate pt-basis.
[common-recipe] [time    ] Populating pt-basis took 1.72114s.
[common-recipe] [progress] Has populated pt-basis.
[common-recipe] [data    ] Populated basis (5'th pt-order basis) size: 3772.
[common-recipe] [progress] About to generate hamiltoniam.
[common-recipe] [time    ] Generating kn-hamiltoniam matrix took 3.77962s.
[common-recipe] [progress] Has generated kn-hamiltoniam.
[common-recipe] [progress] About to solve eigen problem.
[common-recipe] [time    ] Solving eigen problem took: 0.591638s.
[common-recipe] [progress] Has solved eigen problem.
[common-recipe] [data    ] eigen_values:
[common-recipe]   -7.4105
------------------------------------------
[common-recipe] [data    ] Unpopulated basis (0'th pt-order basis) size: 1.
[common-recipe] [progress] About to populate pt-basis.
[common-recipe] [time    ] Populating pt-basis took 1.75256s.
[common-recipe] [progress] Has populated pt-basis.
[common-recipe] [data    ] Populated basis (5'th pt-order basis) size: 3772.
[common-recipe] [progress] About to generate hamiltoniam.
[common-recipe] [time    ] Generating kn-hamiltoniam matrix took 3.77655s.
[common-recipe] [progress] Has generated kn-hamiltoniam.
[common-recipe] [progress] About to solve eigen problem.
[common-recipe] [time    ] Solving eigen problem took: 0.423737s.
[common-recipe] [progress] Has solved eigen problem.
[common-recipe] [data    ] eigen_values:
[common-recipe]   -7.1739
------------------------------------------
[common-recipe] [data    ] Unpopulated basis (0'th pt-order basis) size: 1.
[common-recipe] [progress] About to populate pt-basis.
[common-recipe] [time    ] Populating pt-basis took 1.75279s.
[common-recipe] [progress] Has populated pt-basis.
[common-recipe] [data    ] Populated basis (5'th pt-order basis) size: 3772.
[common-recipe] [progress] About to generate hamiltoniam.
[common-recipe] [time    ] Generating kn-hamiltoniam matrix took 3.78535s.
[common-recipe] [progress] Has generated kn-hamiltoniam.
[common-recipe] [progress] About to solve eigen problem.
[common-recipe] [time    ] Solving eigen problem took: 0.447386s.
[common-recipe] [progress] Has solved eigen problem.
[common-recipe] [data    ] eigen_values:
[common-recipe]   -7.0918
------------------------------------------
[common-recipe] [data    ] Unpopulated basis (0'th pt-order basis) size: 1.
[common-recipe] [progress] About to populate pt-basis.
[common-recipe] [time    ] Populating pt-basis took 1.68468s.
[common-recipe] [progress] Has populated pt-basis.
[common-recipe] [data    ] Populated basis (5'th pt-order basis) size: 3772.
[common-recipe] [progress] About to generate hamiltoniam.
[common-recipe] [time    ] Generating kn-hamiltoniam matrix took 3.63132s.
[common-recipe] [progress] Has generated kn-hamiltoniam.
[common-recipe] [progress] About to solve eigen problem.
[common-recipe] [time    ] Solving eigen problem took: 0.412774s.
[common-recipe] [progress] Has solved eigen problem.
[common-recipe] [data    ] eigen_values:
[common-recipe]   -7.1739
------------------------------------------
[common-recipe] [data    ] Unpopulated basis (0'th pt-order basis) size: 1.
[common-recipe] [progress] About to populate pt-basis.
[common-recipe] [time    ] Populating pt-basis took 1.74359s.
[common-recipe] [progress] Has populated pt-basis.
[common-recipe] [data    ] Populated basis (5'th pt-order basis) size: 3772.
[common-recipe] [progress] About to generate hamiltoniam.
[common-recipe] [time    ] Generating kn-hamiltoniam matrix took 3.74658s.
[common-recipe] [progress] Has generated kn-hamiltoniam.
[common-recipe] [progress] About to solve eigen problem.
[common-recipe] [time    ] Solving eigen problem took: 0.472739s.
[common-recipe] [progress] Has solved eigen problem.
[common-recipe] [data    ] eigen_values:
[common-recipe]   -7.4105
------------------------------------------
[common-recipe] [data    ] Unpopulated basis (0'th pt-order basis) size: 1.
[common-recipe] [progress] About to populate pt-basis.
[common-recipe] [time    ] Populating pt-basis took 1.78441s.
[common-recipe] [progress] Has populated pt-basis.
[common-recipe] [data    ] Populated basis (5'th pt-order basis) size: 3772.
[common-recipe] [progress] About to generate hamiltoniam.
[common-recipe] [time    ] Generating kn-hamiltoniam matrix took 3.83883s.
[common-recipe] [progress] Has generated kn-hamiltoniam.
[common-recipe] [progress] About to solve eigen problem.
[common-recipe] [time    ] Solving eigen problem took: 0.386638s.
[common-recipe] [progress] Has solved eigen problem.
[common-recipe] [data    ] eigen_values:
[common-recipe]   -7.7685
------------------------------------------
[common-recipe] [data    ] Unpopulated basis (0'th pt-order basis) size: 1.
[common-recipe] [progress] About to populate pt-basis.
[common-recipe] [time    ] Populating pt-basis took 1.77877s.
[common-recipe] [progress] Has populated pt-basis.
[common-recipe] [data    ] Populated basis (5'th pt-order basis) size: 3772.
[common-recipe] [progress] About to generate hamiltoniam.
[common-recipe] [time    ] Generating kn-hamiltoniam matrix took 3.84611s.
[common-recipe] [progress] Has generated kn-hamiltoniam.
[common-recipe] [progress] About to solve eigen problem.
[common-recipe] [time    ] Solving eigen problem took: 0.432398s.
[common-recipe] [progress] Has solved eigen problem.
[common-recipe] [data    ] eigen_values:
[common-recipe]   -8.1427
------------------------------------------
 ├state: gs 
 ││enery = -8.65319
 ││enery (reference) = -8.86294
 ├state: es [k_n = 0]
 ││abs. enery        = -8.30382
 ││exc. enery        = 0.349362
 ││exc. enery (ref.) = 0
 ├state: es [k_n = 1]
 ││abs. enery        = -8.1427
 ││exc. enery        = 0.510488
 ││exc. enery (ref.) = 0.485403
 ├state: es [k_n = 2]
 ││abs. enery        = -7.76848
 ││exc. enery        = 0.884701
 ││exc. enery (ref.) = 0.923291
 ├state: es [k_n = 3]
 ││abs. enery        = -7.41047
 ││exc. enery        = 1.24272
 ││exc. enery (ref.) = 1.2708
 ├state: es [k_n = 4]
 ││abs. enery        = -7.17387
 ││exc. enery        = 1.47931
 ││exc. enery (ref.) = 1.49392
 ├state: es [k_n = 5]
 ││abs. enery        = -7.09177
 ││exc. enery        = 1.56142
 ││exc. enery (ref.) = 1.5708
 ├state: es [k_n = 6]
 ││abs. enery        = -7.17387
 ││exc. enery        = 1.47931
 ││exc. enery (ref.) = 1.49392
 ├state: es [k_n = 7]
 ││abs. enery        = -7.41047
 ││exc. enery        = 1.24272
 ││exc. enery (ref.) = 1.2708
 ├state: es [k_n = 8]
 ││abs. enery        = -7.76848
 ││exc. enery        = 0.884701
 ││exc. enery (ref.) = 0.923291
 ├state: es [k_n = 9]
 ││abs. enery        = -8.1427
 ││exc. enery        = 0.510488
 ││exc. enery (ref.) = 0.485403
 ├state: es [k_n = 10]
 ││abs. enery        = -8.30382
 ││exc. enery        = 0.349362
 ││exc. enery (ref.) = 1.92367e-16
 ├state: es [k_n = 11]
 ││abs. enery        = -8.1427
 ││exc. enery        = 0.510488
 ││exc. enery (ref.) = 0.485403
 ├state: es [k_n = 12]
 ││abs. enery        = -7.76848
 ││exc. enery        = 0.884701
 ││exc. enery (ref.) = 0.923291
 ├state: es [k_n = 13]
 ││abs. enery        = -7.41047
 ││exc. enery        = 1.24272
 ││exc. enery (ref.) = 1.2708
 ├state: es [k_n = 14]
 ││abs. enery        = -7.17387
 ││exc. enery        = 1.47931
 ││exc. enery (ref.) = 1.49392
 ├state: es [k_n = 15]
 ││abs. enery        = -7.09177
 ││exc. enery        = 1.56142
 ││exc. enery (ref.) = 1.5708
 ├state: es [k_n = 16]
 ││abs. enery        = -7.17387
 ││exc. enery        = 1.47931
 ││exc. enery (ref.) = 1.49392
 ├state: es [k_n = 17]
 ││abs. enery        = -7.41047
 ││exc. enery        = 1.24272
 ││exc. enery (ref.) = 1.2708
 ├state: es [k_n = 18]
 ││abs. enery        = -7.76848
 ││exc. enery        = 0.884701
 ││exc. enery (ref.) = 0.923291
 ├state: es [k_n = 19]
 ││abs. enery        = -8.1427
 ││exc. enery        = 0.510488
 ││exc. enery (ref.) = 0.485403
[RESULT] [POST] gs_energy: -8.65319
[RESULT] [POST] domain: [0, 0.314159, 0.628319, 0.942478, 1.25664, 1.5708, 1.88496, 2.19911, 2.51327, 2.82743, 3.14159, 3.45575, 3.76991, 4.08407, 4.39823, 4.71239, 5.02655, 5.34071, 5.65487, 5.96903]
[RESULT] [POST] es_absolute_energies: [-8.30382, -8.1427, -7.76848, -7.41047, -7.17387, -7.09177, -7.17387, -7.41047, -7.76848, -8.1427, -8.30382, -8.1427, -7.76848, -7.41047, -7.17387, -7.09177, -7.17387, -7.41047, -7.76848, -8.1427]
[RESULT] [POST] es_excitation_energies: [0.349362, 0.510488, 0.884701, 1.24272, 1.47931, 1.56142, 1.47931, 1.24272, 0.884701, 0.510488, 0.349362, 0.510488, 0.884701, 1.24272, 1.47931, 1.56142, 1.47931, 1.24272, 0.884701, 0.510488]
