[INFO   ] [PROGRAM_OPTIONS] n_sites                           = 24
[INFO   ] [PROGRAM_OPTIONS] n_pt                              = 0
[INFO   ] [PROGRAM_OPTIONS] model_type                        = ModelType::AF
[INFO   ] [PROGRAM_OPTIONS] J_classical                       = 1
[INFO   ] [PROGRAM_OPTIONS] J_quantum                         = 1
[INFO   ] [PROGRAM_OPTIONS] run_type                          = ModelType::EG
[INFO   ] [PROGRAM_OPTIONS] print_unpopulated_basis_flag      = 0
[INFO   ] [PROGRAM_OPTIONS] print_unpopulated_basis_size_flag = 1
[INFO   ] [PROGRAM_OPTIONS] print_populated_basis_flag        = 0
[INFO   ] [PROGRAM_OPTIONS] print_populated_basis_size_flag   = 1
[INFO   ] [PROGRAM_OPTIONS] print_sp_hamiltonian_flag         = 0
[INFO   ] [PROGRAM_OPTIONS] print_hamiltonian_flag            = 0
[INFO   ] [PROGRAM_OPTIONS] print_eigen_values_flag           = 1
[INFO   ] [PROGRAM_OPTIONS] print_eigen_vectors_flag          = 0
------------------------------------------
[common-recipe] [data    ] Unpopulated basis (0'th pt-order basis) size: 1.
[common-recipe] [progress] About to populate pt-basis.
[common-recipe] [time    ] Populating pt-basis took 2.18e-07s.
[common-recipe] [progress] Has populated pt-basis.
[common-recipe] [data    ] Populated basis (0'th pt-order basis) size: 1.
[common-recipe] [progress] About to generate hamiltoniam.
[common-recipe] [time    ] Generating kn-hamiltoniam matrix took 0.0037943s.
[common-recipe] [progress] Has generated kn-hamiltoniam.
[common-recipe] [progress] About to solve eigen problem.
[common-recipe] [time    ] Solving eigen problem took: 3.1844e-05s.
[common-recipe] [progress] Has solved eigen problem.
[common-recipe] [data    ] eigen_values:
[common-recipe]   -6.0000
------------------------------------------
[common-recipe] [data    ] Unpopulated basis (0'th pt-order basis) size: 1.
[common-recipe] [progress] About to populate pt-basis.
[common-recipe] [time    ] Populating pt-basis took 6.4e-08s.
[common-recipe] [progress] Has populated pt-basis.
[common-recipe] [data    ] Populated basis (0'th pt-order basis) size: 1.
[common-recipe] [progress] About to generate hamiltoniam.
[common-recipe] [time    ] Generating kn-hamiltoniam matrix took 0.00336601s.
[common-recipe] [progress] Has generated kn-hamiltoniam.
[common-recipe] [progress] About to solve eigen problem.
[common-recipe] [time    ] Solving eigen problem took: 1.1977e-05s.
[common-recipe] [progress] Has solved eigen problem.
[common-recipe] [data    ] eigen_values:
[common-recipe]   -5.0000
------------------------------------------
[common-recipe] [data    ] Unpopulated basis (0'th pt-order basis) size: 1.
[common-recipe] [progress] About to populate pt-basis.
[common-recipe] [time    ] Populating pt-basis took 5.8e-08s.
[common-recipe] [progress] Has populated pt-basis.
[common-recipe] [data    ] Populated basis (0'th pt-order basis) size: 1.
[common-recipe] [progress] About to generate hamiltoniam.
[common-recipe] [time    ] Generating kn-hamiltoniam matrix took 0.00354138s.
[common-recipe] [progress] Has generated kn-hamiltoniam.
[common-recipe] [progress] About to solve eigen problem.
[common-recipe] [time    ] Solving eigen problem took: 1.7896e-05s.
[common-recipe] [progress] Has solved eigen problem.
[common-recipe] [data    ] eigen_values:
[common-recipe]   -5.0000
------------------------------------------
[common-recipe] [data    ] Unpopulated basis (0'th pt-order basis) size: 1.
[common-recipe] [progress] About to populate pt-basis.
[common-recipe] [time    ] Populating pt-basis took 6.5e-08s.
[common-recipe] [progress] Has populated pt-basis.
[common-recipe] [data    ] Populated basis (0'th pt-order basis) size: 1.
[common-recipe] [progress] About to generate hamiltoniam.
[common-recipe] [time    ] Generating kn-hamiltoniam matrix took 0.00321687s.
[common-recipe] [progress] Has generated kn-hamiltoniam.
[common-recipe] [progress] About to solve eigen problem.
[common-recipe] [time    ] Solving eigen problem took: 1.1012e-05s.
[common-recipe] [progress] Has solved eigen problem.
[common-recipe] [data    ] eigen_values:
[common-recipe]   -5.0000
------------------------------------------
[common-recipe] [data    ] Unpopulated basis (0'th pt-order basis) size: 1.
[common-recipe] [progress] About to populate pt-basis.
[common-recipe] [time    ] Populating pt-basis took 4e-08s.
[common-recipe] [progress] Has populated pt-basis.
[common-recipe] [data    ] Populated basis (0'th pt-order basis) size: 1.
[common-recipe] [progress] About to generate hamiltoniam.
[common-recipe] [time    ] Generating kn-hamiltoniam matrix took 0.00310544s.
[common-recipe] [progress] Has generated kn-hamiltoniam.
[common-recipe] [progress] About to solve eigen problem.
[common-recipe] [time    ] Solving eigen problem took: 7.067e-06s.
[common-recipe] [progress] Has solved eigen problem.
[common-recipe] [data    ] eigen_values:
[common-recipe]   -5.0000
------------------------------------------
[common-recipe] [data    ] Unpopulated basis (0'th pt-order basis) size: 1.
[common-recipe] [progress] About to populate pt-basis.
[common-recipe] [time    ] Populating pt-basis took 7.1e-08s.
[common-recipe] [progress] Has populated pt-basis.
[common-recipe] [data    ] Populated basis (0'th pt-order basis) size: 1.
[common-recipe] [progress] About to generate hamiltoniam.
[common-recipe] [time    ] Generating kn-hamiltoniam matrix took 0.00300372s.
[common-recipe] [progress] Has generated kn-hamiltoniam.
[common-recipe] [progress] About to solve eigen problem.
[common-recipe] [time    ] Solving eigen problem took: 5.695e-06s.
[common-recipe] [progress] Has solved eigen problem.
[common-recipe] [data    ] eigen_values:
[common-recipe]   -5.0000
------------------------------------------
[common-recipe] [data    ] Unpopulated basis (0'th pt-order basis) size: 1.
[common-recipe] [progress] About to populate pt-basis.
[common-recipe] [time    ] Populating pt-basis took 5.4e-08s.
[common-recipe] [progress] Has populated pt-basis.
[common-recipe] [data    ] Populated basis (0'th pt-order basis) size: 1.
[common-recipe] [progress] About to generate hamiltoniam.
[common-recipe] [time    ] Generating kn-hamiltoniam matrix took 0.00290546s.
[common-recipe] [progress] Has generated kn-hamiltoniam.
[common-recipe] [progress] About to solve eigen problem.
[common-recipe] [time    ] Solving eigen problem took: 5.46e-06s.
[common-recipe] [progress] Has solved eigen problem.
[common-recipe] [data    ] eigen_values:
[common-recipe]   -5.0000
------------------------------------------
[common-recipe] [data    ] Unpopulated basis (0'th pt-order basis) size: 1.
[common-recipe] [progress] About to populate pt-basis.
[common-recipe] [time    ] Populating pt-basis took 5.1e-08s.
[common-recipe] [progress] Has populated pt-basis.
[common-recipe] [data    ] Populated basis (0'th pt-order basis) size: 1.
[common-recipe] [progress] About to generate hamiltoniam.
[common-recipe] [time    ] Generating kn-hamiltoniam matrix took 0.00287525s.
[common-recipe] [progress] Has generated kn-hamiltoniam.
[common-recipe] [progress] About to solve eigen problem.
[common-recipe] [time    ] Solving eigen problem took: 1.0215e-05s.
[common-recipe] [progress] Has solved eigen problem.
[common-recipe] [data    ] eigen_values:
[common-recipe]   -5.0000
------------------------------------------
[common-recipe] [data    ] Unpopulated basis (0'th pt-order basis) size: 1.
[common-recipe] [progress] About to populate pt-basis.
[common-recipe] [time    ] Populating pt-basis took 3.9e-08s.
[common-recipe] [progress] Has populated pt-basis.
[common-recipe] [data    ] Populated basis (0'th pt-order basis) size: 1.
[common-recipe] [progress] About to generate hamiltoniam.
[common-recipe] [time    ] Generating kn-hamiltoniam matrix took 0.0031333s.
[common-recipe] [progress] Has generated kn-hamiltoniam.
[common-recipe] [progress] About to solve eigen problem.
[common-recipe] [time    ] Solving eigen problem took: 1.4111e-05s.
[common-recipe] [progress] Has solved eigen problem.
[common-recipe] [data    ] eigen_values:
[common-recipe]   -5.0000
------------------------------------------
[common-recipe] [data    ] Unpopulated basis (0'th pt-order basis) size: 1.
[common-recipe] [progress] About to populate pt-basis.
[common-recipe] [time    ] Populating pt-basis took 4e-08s.
[common-recipe] [progress] Has populated pt-basis.
[common-recipe] [data    ] Populated basis (0'th pt-order basis) size: 1.
[common-recipe] [progress] About to generate hamiltoniam.
[common-recipe] [time    ] Generating kn-hamiltoniam matrix took 0.0027587s.
[common-recipe] [progress] Has generated kn-hamiltoniam.
[common-recipe] [progress] About to solve eigen problem.
[common-recipe] [time    ] Solving eigen problem took: 5.784e-06s.
[common-recipe] [progress] Has solved eigen problem.
[common-recipe] [data    ] eigen_values:
[common-recipe]   -5.0000
------------------------------------------
[common-recipe] [data    ] Unpopulated basis (0'th pt-order basis) size: 1.
[common-recipe] [progress] About to populate pt-basis.
[common-recipe] [time    ] Populating pt-basis took 4.3e-08s.
[common-recipe] [progress] Has populated pt-basis.
[common-recipe] [data    ] Populated basis (0'th pt-order basis) size: 1.
[common-recipe] [progress] About to generate hamiltoniam.
[common-recipe] [time    ] Generating kn-hamiltoniam matrix took 0.00265766s.
[common-recipe] [progress] Has generated kn-hamiltoniam.
[common-recipe] [progress] About to solve eigen problem.
[common-recipe] [time    ] Solving eigen problem took: 7.874e-06s.
[common-recipe] [progress] Has solved eigen problem.
[common-recipe] [data    ] eigen_values:
[common-recipe]   -5.0000
------------------------------------------
[common-recipe] [data    ] Unpopulated basis (0'th pt-order basis) size: 1.
[common-recipe] [progress] About to populate pt-basis.
[common-recipe] [time    ] Populating pt-basis took 3.2e-08s.
[common-recipe] [progress] Has populated pt-basis.
[common-recipe] [data    ] Populated basis (0'th pt-order basis) size: 1.
[common-recipe] [progress] About to generate hamiltoniam.
[common-recipe] [time    ] Generating kn-hamiltoniam matrix took 0.00263506s.
[common-recipe] [progress] Has generated kn-hamiltoniam.
[common-recipe] [progress] About to solve eigen problem.
[common-recipe] [time    ] Solving eigen problem took: 6.885e-06s.
[common-recipe] [progress] Has solved eigen problem.
[common-recipe] [data    ] eigen_values:
[common-recipe]   -5.0000
------------------------------------------
[common-recipe] [data    ] Unpopulated basis (0'th pt-order basis) size: 1.
[common-recipe] [progress] About to populate pt-basis.
[common-recipe] [time    ] Populating pt-basis took 3.3e-08s.
[common-recipe] [progress] Has populated pt-basis.
[common-recipe] [data    ] Populated basis (0'th pt-order basis) size: 1.
[common-recipe] [progress] About to generate hamiltoniam.
[common-recipe] [time    ] Generating kn-hamiltoniam matrix took 0.00253096s.
[common-recipe] [progress] Has generated kn-hamiltoniam.
[common-recipe] [progress] About to solve eigen problem.
[common-recipe] [time    ] Solving eigen problem took: 5.451e-06s.
[common-recipe] [progress] Has solved eigen problem.
[common-recipe] [data    ] eigen_values:
[common-recipe]   -5.0000
------------------------------------------
[common-recipe] [data    ] Unpopulated basis (0'th pt-order basis) size: 1.
[common-recipe] [progress] About to populate pt-basis.
[common-recipe] [time    ] Populating pt-basis took 3e-08s.
[common-recipe] [progress] Has populated pt-basis.
[common-recipe] [data    ] Populated basis (0'th pt-order basis) size: 1.
[common-recipe] [progress] About to generate hamiltoniam.
[common-recipe] [time    ] Generating kn-hamiltoniam matrix took 0.0025839s.
[common-recipe] [progress] Has generated kn-hamiltoniam.
[common-recipe] [progress] About to solve eigen problem.
[common-recipe] [time    ] Solving eigen problem took: 1.081e-05s.
[common-recipe] [progress] Has solved eigen problem.
[common-recipe] [data    ] eigen_values:
[common-recipe]   -5.0000
------------------------------------------
[common-recipe] [data    ] Unpopulated basis (0'th pt-order basis) size: 1.
[common-recipe] [progress] About to populate pt-basis.
[common-recipe] [time    ] Populating pt-basis took 3.1e-08s.
[common-recipe] [progress] Has populated pt-basis.
[common-recipe] [data    ] Populated basis (0'th pt-order basis) size: 1.
[common-recipe] [progress] About to generate hamiltoniam.
[common-recipe] [time    ] Generating kn-hamiltoniam matrix took 0.00280641s.
[common-recipe] [progress] Has generated kn-hamiltoniam.
[common-recipe] [progress] About to solve eigen problem.
[common-recipe] [time    ] Solving eigen problem took: 1.1294e-05s.
[common-recipe] [progress] Has solved eigen problem.
[common-recipe] [data    ] eigen_values:
[common-recipe]   -5.0000
------------------------------------------
[common-recipe] [data    ] Unpopulated basis (0'th pt-order basis) size: 1.
[common-recipe] [progress] About to populate pt-basis.
[common-recipe] [time    ] Populating pt-basis took 4.01e-07s.
[common-recipe] [progress] Has populated pt-basis.
[common-recipe] [data    ] Populated basis (0'th pt-order basis) size: 1.
[common-recipe] [progress] About to generate hamiltoniam.
[common-recipe] [time    ] Generating kn-hamiltoniam matrix took 0.00256999s.
[common-recipe] [progress] Has generated kn-hamiltoniam.
[common-recipe] [progress] About to solve eigen problem.
[common-recipe] [time    ] Solving eigen problem took: 1.2794e-05s.
[common-recipe] [progress] Has solved eigen problem.
[common-recipe] [data    ] eigen_values:
[common-recipe]   -5.0000
------------------------------------------
[common-recipe] [data    ] Unpopulated basis (0'th pt-order basis) size: 1.
[common-recipe] [progress] About to populate pt-basis.
[common-recipe] [time    ] Populating pt-basis took 5.8e-08s.
[common-recipe] [progress] Has populated pt-basis.
[common-recipe] [data    ] Populated basis (0'th pt-order basis) size: 1.
[common-recipe] [progress] About to generate hamiltoniam.
[common-recipe] [time    ] Generating kn-hamiltoniam matrix took 0.00245793s.
[common-recipe] [progress] Has generated kn-hamiltoniam.
[common-recipe] [progress] About to solve eigen problem.
[common-recipe] [time    ] Solving eigen problem took: 6.107e-06s.
[common-recipe] [progress] Has solved eigen problem.
[common-recipe] [data    ] eigen_values:
[common-recipe]   -5.0000
------------------------------------------
[common-recipe] [data    ] Unpopulated basis (0'th pt-order basis) size: 1.
[common-recipe] [progress] About to populate pt-basis.
[common-recipe] [time    ] Populating pt-basis took 4.5e-08s.
[common-recipe] [progress] Has populated pt-basis.
[common-recipe] [data    ] Populated basis (0'th pt-order basis) size: 1.
[common-recipe] [progress] About to generate hamiltoniam.
[common-recipe] [time    ] Generating kn-hamiltoniam matrix took 0.00244398s.
[common-recipe] [progress] Has generated kn-hamiltoniam.
[common-recipe] [progress] About to solve eigen problem.
[common-recipe] [time    ] Solving eigen problem took: 3.888e-06s.
[common-recipe] [progress] Has solved eigen problem.
[common-recipe] [data    ] eigen_values:
[common-recipe]   -5.0000
------------------------------------------
[common-recipe] [data    ] Unpopulated basis (0'th pt-order basis) size: 1.
[common-recipe] [progress] About to populate pt-basis.
[common-recipe] [time    ] Populating pt-basis took 3.4e-08s.
[common-recipe] [progress] Has populated pt-basis.
[common-recipe] [data    ] Populated basis (0'th pt-order basis) size: 1.
[common-recipe] [progress] About to generate hamiltoniam.
[common-recipe] [time    ] Generating kn-hamiltoniam matrix took 0.00234634s.
[common-recipe] [progress] Has generated kn-hamiltoniam.
[common-recipe] [progress] About to solve eigen problem.
[common-recipe] [time    ] Solving eigen problem took: 4.676e-06s.
[common-recipe] [progress] Has solved eigen problem.
[common-recipe] [data    ] eigen_values:
[common-recipe]   -5.0000
------------------------------------------
[common-recipe] [data    ] Unpopulated basis (0'th pt-order basis) size: 1.
[common-recipe] [progress] About to populate pt-basis.
[common-recipe] [time    ] Populating pt-basis took 4e-08s.
[common-recipe] [progress] Has populated pt-basis.
[common-recipe] [data    ] Populated basis (0'th pt-order basis) size: 1.
[common-recipe] [progress] About to generate hamiltoniam.
[common-recipe] [time    ] Generating kn-hamiltoniam matrix took 0.00226175s.
[common-recipe] [progress] Has generated kn-hamiltoniam.
[common-recipe] [progress] About to solve eigen problem.
[common-recipe] [time    ] Solving eigen problem took: 5.146e-06s.
[common-recipe] [progress] Has solved eigen problem.
[common-recipe] [data    ] eigen_values:
[common-recipe]   -5.0000
------------------------------------------
[common-recipe] [data    ] Unpopulated basis (0'th pt-order basis) size: 1.
[common-recipe] [progress] About to populate pt-basis.
[common-recipe] [time    ] Populating pt-basis took 1.9e-08s.
[common-recipe] [progress] Has populated pt-basis.
[common-recipe] [data    ] Populated basis (0'th pt-order basis) size: 1.
[common-recipe] [progress] About to generate hamiltoniam.
[common-recipe] [time    ] Generating kn-hamiltoniam matrix took 0.00232776s.
[common-recipe] [progress] Has generated kn-hamiltoniam.
[common-recipe] [progress] About to solve eigen problem.
[common-recipe] [time    ] Solving eigen problem took: 3.679e-06s.
[common-recipe] [progress] Has solved eigen problem.
[common-recipe] [data    ] eigen_values:
[common-recipe]   -5.0000
------------------------------------------
[common-recipe] [data    ] Unpopulated basis (0'th pt-order basis) size: 1.
[common-recipe] [progress] About to populate pt-basis.
[common-recipe] [time    ] Populating pt-basis took 2.8e-08s.
[common-recipe] [progress] Has populated pt-basis.
[common-recipe] [data    ] Populated basis (0'th pt-order basis) size: 1.
[common-recipe] [progress] About to generate hamiltoniam.
[common-recipe] [time    ] Generating kn-hamiltoniam matrix took 0.00230309s.
[common-recipe] [progress] Has generated kn-hamiltoniam.
[common-recipe] [progress] About to solve eigen problem.
[common-recipe] [time    ] Solving eigen problem took: 5.807e-06s.
[common-recipe] [progress] Has solved eigen problem.
[common-recipe] [data    ] eigen_values:
[common-recipe]   -5.0000
------------------------------------------
[common-recipe] [data    ] Unpopulated basis (0'th pt-order basis) size: 1.
[common-recipe] [progress] About to populate pt-basis.
[common-recipe] [time    ] Populating pt-basis took 3.1e-08s.
[common-recipe] [progress] Has populated pt-basis.
[common-recipe] [data    ] Populated basis (0'th pt-order basis) size: 1.
[common-recipe] [progress] About to generate hamiltoniam.
[common-recipe] [time    ] Generating kn-hamiltoniam matrix took 0.00231107s.
[common-recipe] [progress] Has generated kn-hamiltoniam.
[common-recipe] [progress] About to solve eigen problem.
[common-recipe] [time    ] Solving eigen problem took: 4.68e-06s.
[common-recipe] [progress] Has solved eigen problem.
[common-recipe] [data    ] eigen_values:
[common-recipe]   -5.0000
------------------------------------------
[common-recipe] [data    ] Unpopulated basis (0'th pt-order basis) size: 1.
[common-recipe] [progress] About to populate pt-basis.
[common-recipe] [time    ] Populating pt-basis took 2.7e-08s.
[common-recipe] [progress] Has populated pt-basis.
[common-recipe] [data    ] Populated basis (0'th pt-order basis) size: 1.
[common-recipe] [progress] About to generate hamiltoniam.
[common-recipe] [time    ] Generating kn-hamiltoniam matrix took 0.00248885s.
[common-recipe] [progress] Has generated kn-hamiltoniam.
[common-recipe] [progress] About to solve eigen problem.
[common-recipe] [time    ] Solving eigen problem took: 6.274e-06s.
[common-recipe] [progress] Has solved eigen problem.
[common-recipe] [data    ] eigen_values:
[common-recipe]   -5.0000
------------------------------------------
[common-recipe] [data    ] Unpopulated basis (0'th pt-order basis) size: 1.
[common-recipe] [progress] About to populate pt-basis.
[common-recipe] [time    ] Populating pt-basis took 2.7e-08s.
[common-recipe] [progress] Has populated pt-basis.
[common-recipe] [data    ] Populated basis (0'th pt-order basis) size: 1.
[common-recipe] [progress] About to generate hamiltoniam.
[common-recipe] [time    ] Generating kn-hamiltoniam matrix took 0.00280166s.
[common-recipe] [progress] Has generated kn-hamiltoniam.
[common-recipe] [progress] About to solve eigen problem.
[common-recipe] [time    ] Solving eigen problem took: 3.0956e-05s.
[common-recipe] [progress] Has solved eigen problem.
[common-recipe] [data    ] eigen_values:
[common-recipe]   -5.0000
------------------------------------------
 ├state: gs 
 ││enery = -6
 ││enery (reference) = -10.6355
 ├state: es [k_n = 0]
 ││abs. enery        = -5
 ││exc. enery        = 1
 ││exc. enery (ref.) = 0
 ├state: es [k_n = 1]
 ││abs. enery        = -5
 ││exc. enery        = 1
 ││exc. enery (ref.) = 0.406552
 ├state: es [k_n = 2]
 ││abs. enery        = -5
 ││exc. enery        = 1
 ││exc. enery (ref.) = 0.785398
 ├state: es [k_n = 3]
 ││abs. enery        = -5
 ││exc. enery        = 1
 ││exc. enery (ref.) = 1.11072
 ├state: es [k_n = 4]
 ││abs. enery        = -5
 ││exc. enery        = 1
 ││exc. enery (ref.) = 1.36035
 ├state: es [k_n = 5]
 ││abs. enery        = -5
 ││exc. enery        = 1
 ││exc. enery (ref.) = 1.51727
 ├state: es [k_n = 6]
 ││abs. enery        = -5
 ││exc. enery        = 1
 ││exc. enery (ref.) = 1.5708
 ├state: es [k_n = 7]
 ││abs. enery        = -5
 ││exc. enery        = 1
 ││exc. enery (ref.) = 1.51727
 ├state: es [k_n = 8]
 ││abs. enery        = -5
 ││exc. enery        = 1
 ││exc. enery (ref.) = 1.36035
 ├state: es [k_n = 9]
 ││abs. enery        = -5
 ││exc. enery        = 1
 ││exc. enery (ref.) = 1.11072
 ├state: es [k_n = 10]
 ││abs. enery        = -5
 ││exc. enery        = 1
 ││exc. enery (ref.) = 0.785398
 ├state: es [k_n = 11]
 ││abs. enery        = -5
 ││exc. enery        = 1
 ││exc. enery (ref.) = 0.406552
 ├state: es [k_n = 12]
 ││abs. enery        = -5
 ││exc. enery        = 1
 ││exc. enery (ref.) = 1.92367e-16
 ├state: es [k_n = 13]
 ││abs. enery        = -5
 ││exc. enery        = 1
 ││exc. enery (ref.) = 0.406552
 ├state: es [k_n = 14]
 ││abs. enery        = -5
 ││exc. enery        = 1
 ││exc. enery (ref.) = 0.785398
 ├state: es [k_n = 15]
 ││abs. enery        = -5
 ││exc. enery        = 1
 ││exc. enery (ref.) = 1.11072
 ├state: es [k_n = 16]
 ││abs. enery        = -5
 ││exc. enery        = 1
 ││exc. enery (ref.) = 1.36035
 ├state: es [k_n = 17]
 ││abs. enery        = -5
 ││exc. enery        = 1
 ││exc. enery (ref.) = 1.51727
 ├state: es [k_n = 18]
 ││abs. enery        = -5
 ││exc. enery        = 1
 ││exc. enery (ref.) = 1.5708
 ├state: es [k_n = 19]
 ││abs. enery        = -5
 ││exc. enery        = 1
 ││exc. enery (ref.) = 1.51727
 ├state: es [k_n = 20]
 ││abs. enery        = -5
 ││exc. enery        = 1
 ││exc. enery (ref.) = 1.36035
 ├state: es [k_n = 21]
 ││abs. enery        = -5
 ││exc. enery        = 1
 ││exc. enery (ref.) = 1.11072
 ├state: es [k_n = 22]
 ││abs. enery        = -5
 ││exc. enery        = 1
 ││exc. enery (ref.) = 0.785398
 ├state: es [k_n = 23]
 ││abs. enery        = -5
 ││exc. enery        = 1
 ││exc. enery (ref.) = 0.406552
[RESULT] [POST] gs_energy: -6
[RESULT] [POST] domain: [0, 0.261799, 0.523599, 0.785398, 1.0472, 1.309, 1.5708, 1.8326, 2.0944, 2.35619, 2.61799, 2.87979, 3.14159, 3.40339, 3.66519, 3.92699, 4.18879, 4.45059, 4.71239, 4.97419, 5.23599, 5.49779, 5.75959, 6.02139]
[RESULT] [POST] es_absolute_energies: [-5, -5, -5, -5, -5, -5, -5, -5, -5, -5, -5, -5, -5, -5, -5, -5, -5, -5, -5, -5, -5, -5, -5, -5]
[RESULT] [POST] es_excitation_energies: [1, 1, 1, 1, 1, 1, 1, 1, 1, 1, 1, 1, 1, 1, 1, 1, 1, 1, 1, 1, 1, 1, 1, 1]
