[INFO   ] [PROGRAM_OPTIONS] n_sites                           = 20
[INFO   ] [PROGRAM_OPTIONS] n_pt                              = 4
[INFO   ] [PROGRAM_OPTIONS] model_type                        = ModelType::AF
[INFO   ] [PROGRAM_OPTIONS] J_classical                       = 1
[INFO   ] [PROGRAM_OPTIONS] J_quantum                         = 1
[INFO   ] [PROGRAM_OPTIONS] run_type                          = ModelType::EG
[INFO   ] [PROGRAM_OPTIONS] print_unpopulated_basis_flag      = 0
[INFO   ] [PROGRAM_OPTIONS] print_unpopulated_basis_size_flag = 1
[INFO   ] [PROGRAM_OPTIONS] print_populated_basis_flag        = 0
[INFO   ] [PROGRAM_OPTIONS] print_populated_basis_size_flag   = 1
[INFO   ] [PROGRAM_OPTIONS] print_sp_hamiltonian_flag         = 0
[INFO   ] [PROGRAM_OPTIONS] print_hamiltonian_flag            = 0
[INFO   ] [PROGRAM_OPTIONS] print_eigen_values_flag           = 1
[INFO   ] [PROGRAM_OPTIONS] print_eigen_vectors_flag          = 0
------------------------------------------
[common-recipe] [data    ] Unpopulated basis (0'th pt-order basis) size: 1.
[common-recipe] [progress] About to populate pt-basis.
[common-recipe] [time    ] Populating pt-basis took 0.0676864s.
[common-recipe] [progress] Has populated pt-basis.
[common-recipe] [data    ] Populated basis (4'th pt-order basis) size: 183.
[common-recipe] [progress] About to generate hamiltoniam.
[common-recipe] [time    ] Generating kn-hamiltoniam matrix took 0.231325s.
[common-recipe] [progress] Has generated kn-hamiltoniam.
[common-recipe] [progress] About to solve eigen problem.
[common-recipe] [time    ] Solving eigen problem took: 0.0039953s.
[common-recipe] [progress] Has solved eigen problem.
[common-recipe] [data    ] eigen_values:
[common-recipe]   -8.4963
------------------------------------------
[common-recipe] [data    ] Unpopulated basis (0'th pt-order basis) size: 1.
[common-recipe] [progress] About to populate pt-basis.
[common-recipe] [time    ] Populating pt-basis took 0.751607s.
[common-recipe] [progress] Has populated pt-basis.
[common-recipe] [data    ] Populated basis (4'th pt-order basis) size: 1762.
[common-recipe] [progress] About to generate hamiltoniam.
[common-recipe] [time    ] Generating kn-hamiltoniam matrix took 2.17533s.
[common-recipe] [progress] Has generated kn-hamiltoniam.
[common-recipe] [progress] About to solve eigen problem.
[common-recipe] [time    ] Solving eigen problem took: 0.121064s.
[common-recipe] [progress] Has solved eigen problem.
[common-recipe] [data    ] eigen_values:
[common-recipe]   -8.0392
------------------------------------------
[common-recipe] [data    ] Unpopulated basis (0'th pt-order basis) size: 1.
[common-recipe] [progress] About to populate pt-basis.
[common-recipe] [time    ] Populating pt-basis took 0.766791s.
[common-recipe] [progress] Has populated pt-basis.
[common-recipe] [data    ] Populated basis (4'th pt-order basis) size: 1762.
[common-recipe] [progress] About to generate hamiltoniam.
[common-recipe] [time    ] Generating kn-hamiltoniam matrix took 2.12625s.
[common-recipe] [progress] Has generated kn-hamiltoniam.
[common-recipe] [progress] About to solve eigen problem.
[common-recipe] [time    ] Solving eigen problem took: 0.101361s.
[common-recipe] [progress] Has solved eigen problem.
[common-recipe] [data    ] eigen_values:
[common-recipe]   -7.9162
------------------------------------------
[common-recipe] [data    ] Unpopulated basis (0'th pt-order basis) size: 1.
[common-recipe] [progress] About to populate pt-basis.
[common-recipe] [time    ] Populating pt-basis took 0.762388s.
[common-recipe] [progress] Has populated pt-basis.
[common-recipe] [data    ] Populated basis (4'th pt-order basis) size: 1762.
[common-recipe] [progress] About to generate hamiltoniam.
[common-recipe] [time    ] Generating kn-hamiltoniam matrix took 2.12631s.
[common-recipe] [progress] Has generated kn-hamiltoniam.
[common-recipe] [progress] About to solve eigen problem.
[common-recipe] [time    ] Solving eigen problem took: 0.102298s.
[common-recipe] [progress] Has solved eigen problem.
[common-recipe] [data    ] eigen_values:
[common-recipe]   -7.6100
------------------------------------------
[common-recipe] [data    ] Unpopulated basis (0'th pt-order basis) size: 1.
[common-recipe] [progress] About to populate pt-basis.
[common-recipe] [time    ] Populating pt-basis took 0.76131s.
[common-recipe] [progress] Has populated pt-basis.
[common-recipe] [data    ] Populated basis (4'th pt-order basis) size: 1762.
[common-recipe] [progress] About to generate hamiltoniam.
[common-recipe] [time    ] Generating kn-hamiltoniam matrix took 2.12821s.
[common-recipe] [progress] Has generated kn-hamiltoniam.
[common-recipe] [progress] About to solve eigen problem.
[common-recipe] [time    ] Solving eigen problem took: 0.136711s.
[common-recipe] [progress] Has solved eigen problem.
[common-recipe] [data    ] eigen_values:
[common-recipe]   -7.2771
------------------------------------------
[common-recipe] [data    ] Unpopulated basis (0'th pt-order basis) size: 1.
[common-recipe] [progress] About to populate pt-basis.
[common-recipe] [time    ] Populating pt-basis took 0.764795s.
[common-recipe] [progress] Has populated pt-basis.
[common-recipe] [data    ] Populated basis (4'th pt-order basis) size: 1762.
[common-recipe] [progress] About to generate hamiltoniam.
[common-recipe] [time    ] Generating kn-hamiltoniam matrix took 2.11724s.
[common-recipe] [progress] Has generated kn-hamiltoniam.
[common-recipe] [progress] About to solve eigen problem.
[common-recipe] [time    ] Solving eigen problem took: 0.143304s.
[common-recipe] [progress] Has solved eigen problem.
[common-recipe] [data    ] eigen_values:
[common-recipe]   -7.0435
------------------------------------------
[common-recipe] [data    ] Unpopulated basis (0'th pt-order basis) size: 1.
[common-recipe] [progress] About to populate pt-basis.
[common-recipe] [time    ] Populating pt-basis took 0.76746s.
[common-recipe] [progress] Has populated pt-basis.
[common-recipe] [data    ] Populated basis (4'th pt-order basis) size: 1762.
[common-recipe] [progress] About to generate hamiltoniam.
[common-recipe] [time    ] Generating kn-hamiltoniam matrix took 2.12875s.
[common-recipe] [progress] Has generated kn-hamiltoniam.
[common-recipe] [progress] About to solve eigen problem.
[common-recipe] [time    ] Solving eigen problem took: 0.14012s.
[common-recipe] [progress] Has solved eigen problem.
[common-recipe] [data    ] eigen_values:
[common-recipe]   -6.9610
------------------------------------------
[common-recipe] [data    ] Unpopulated basis (0'th pt-order basis) size: 1.
[common-recipe] [progress] About to populate pt-basis.
[common-recipe] [time    ] Populating pt-basis took 0.773261s.
[common-recipe] [progress] Has populated pt-basis.
[common-recipe] [data    ] Populated basis (4'th pt-order basis) size: 1762.
[common-recipe] [progress] About to generate hamiltoniam.
[common-recipe] [time    ] Generating kn-hamiltoniam matrix took 2.15629s.
[common-recipe] [progress] Has generated kn-hamiltoniam.
[common-recipe] [progress] About to solve eigen problem.
[common-recipe] [time    ] Solving eigen problem took: 0.115894s.
[common-recipe] [progress] Has solved eigen problem.
[common-recipe] [data    ] eigen_values:
[common-recipe]   -7.0435
------------------------------------------
[common-recipe] [data    ] Unpopulated basis (0'th pt-order basis) size: 1.
[common-recipe] [progress] About to populate pt-basis.
[common-recipe] [time    ] Populating pt-basis took 0.762591s.
[common-recipe] [progress] Has populated pt-basis.
[common-recipe] [data    ] Populated basis (4'th pt-order basis) size: 1762.
[common-recipe] [progress] About to generate hamiltoniam.
[common-recipe] [time    ] Generating kn-hamiltoniam matrix took 2.12891s.
[common-recipe] [progress] Has generated kn-hamiltoniam.
[common-recipe] [progress] About to solve eigen problem.
[common-recipe] [time    ] Solving eigen problem took: 0.111626s.
[common-recipe] [progress] Has solved eigen problem.
[common-recipe] [data    ] eigen_values:
[common-recipe]   -7.2771
------------------------------------------
[common-recipe] [data    ] Unpopulated basis (0'th pt-order basis) size: 1.
[common-recipe] [progress] About to populate pt-basis.
[common-recipe] [time    ] Populating pt-basis took 0.767968s.
[common-recipe] [progress] Has populated pt-basis.
[common-recipe] [data    ] Populated basis (4'th pt-order basis) size: 1762.
[common-recipe] [progress] About to generate hamiltoniam.
[common-recipe] [time    ] Generating kn-hamiltoniam matrix took 2.1332s.
[common-recipe] [progress] Has generated kn-hamiltoniam.
[common-recipe] [progress] About to solve eigen problem.
[common-recipe] [time    ] Solving eigen problem took: 0.131681s.
[common-recipe] [progress] Has solved eigen problem.
[common-recipe] [data    ] eigen_values:
[common-recipe]   -7.6100
------------------------------------------
[common-recipe] [data    ] Unpopulated basis (0'th pt-order basis) size: 1.
[common-recipe] [progress] About to populate pt-basis.
[common-recipe] [time    ] Populating pt-basis took 0.771066s.
[common-recipe] [progress] Has populated pt-basis.
[common-recipe] [data    ] Populated basis (4'th pt-order basis) size: 1762.
[common-recipe] [progress] About to generate hamiltoniam.
[common-recipe] [time    ] Generating kn-hamiltoniam matrix took 2.15843s.
[common-recipe] [progress] Has generated kn-hamiltoniam.
[common-recipe] [progress] About to solve eigen problem.
[common-recipe] [time    ] Solving eigen problem took: 0.125357s.
[common-recipe] [progress] Has solved eigen problem.
[common-recipe] [data    ] eigen_values:
[common-recipe]   -7.9162
------------------------------------------
[common-recipe] [data    ] Unpopulated basis (0'th pt-order basis) size: 1.
[common-recipe] [progress] About to populate pt-basis.
[common-recipe] [time    ] Populating pt-basis took 0.76217s.
[common-recipe] [progress] Has populated pt-basis.
[common-recipe] [data    ] Populated basis (4'th pt-order basis) size: 1762.
[common-recipe] [progress] About to generate hamiltoniam.
[common-recipe] [time    ] Generating kn-hamiltoniam matrix took 2.12239s.
[common-recipe] [progress] Has generated kn-hamiltoniam.
[common-recipe] [progress] About to solve eigen problem.
[common-recipe] [time    ] Solving eigen problem took: 0.122442s.
[common-recipe] [progress] Has solved eigen problem.
[common-recipe] [data    ] eigen_values:
[common-recipe]   -8.0392
------------------------------------------
[common-recipe] [data    ] Unpopulated basis (0'th pt-order basis) size: 1.
[common-recipe] [progress] About to populate pt-basis.
[common-recipe] [time    ] Populating pt-basis took 0.75796s.
[common-recipe] [progress] Has populated pt-basis.
[common-recipe] [data    ] Populated basis (4'th pt-order basis) size: 1762.
[common-recipe] [progress] About to generate hamiltoniam.
[common-recipe] [time    ] Generating kn-hamiltoniam matrix took 2.12154s.
[common-recipe] [progress] Has generated kn-hamiltoniam.
[common-recipe] [progress] About to solve eigen problem.
[common-recipe] [time    ] Solving eigen problem took: 0.102556s.
[common-recipe] [progress] Has solved eigen problem.
[common-recipe] [data    ] eigen_values:
[common-recipe]   -7.9162
------------------------------------------
[common-recipe] [data    ] Unpopulated basis (0'th pt-order basis) size: 1.
[common-recipe] [progress] About to populate pt-basis.
[common-recipe] [time    ] Populating pt-basis took 0.765799s.
[common-recipe] [progress] Has populated pt-basis.
[common-recipe] [data    ] Populated basis (4'th pt-order basis) size: 1762.
[common-recipe] [progress] About to generate hamiltoniam.
[common-recipe] [time    ] Generating kn-hamiltoniam matrix took 2.13598s.
[common-recipe] [progress] Has generated kn-hamiltoniam.
[common-recipe] [progress] About to solve eigen problem.
[common-recipe] [time    ] Solving eigen problem took: 0.108773s.
[common-recipe] [progress] Has solved eigen problem.
[common-recipe] [data    ] eigen_values:
[common-recipe]   -7.6100
------------------------------------------
[common-recipe] [data    ] Unpopulated basis (0'th pt-order basis) size: 1.
[common-recipe] [progress] About to populate pt-basis.
[common-recipe] [time    ] Populating pt-basis took 0.773461s.
[common-recipe] [progress] Has populated pt-basis.
[common-recipe] [data    ] Populated basis (4'th pt-order basis) size: 1762.
[common-recipe] [progress] About to generate hamiltoniam.
[common-recipe] [time    ] Generating kn-hamiltoniam matrix took 2.16038s.
[common-recipe] [progress] Has generated kn-hamiltoniam.
[common-recipe] [progress] About to solve eigen problem.
[common-recipe] [time    ] Solving eigen problem took: 0.111693s.
[common-recipe] [progress] Has solved eigen problem.
[common-recipe] [data    ] eigen_values:
[common-recipe]   -7.2771
------------------------------------------
[common-recipe] [data    ] Unpopulated basis (0'th pt-order basis) size: 1.
[common-recipe] [progress] About to populate pt-basis.
[common-recipe] [time    ] Populating pt-basis took 0.76826s.
[common-recipe] [progress] Has populated pt-basis.
[common-recipe] [data    ] Populated basis (4'th pt-order basis) size: 1762.
[common-recipe] [progress] About to generate hamiltoniam.
[common-recipe] [time    ] Generating kn-hamiltoniam matrix took 2.12673s.
[common-recipe] [progress] Has generated kn-hamiltoniam.
[common-recipe] [progress] About to solve eigen problem.
[common-recipe] [time    ] Solving eigen problem took: 0.143609s.
[common-recipe] [progress] Has solved eigen problem.
[common-recipe] [data    ] eigen_values:
[common-recipe]   -7.0435
------------------------------------------
[common-recipe] [data    ] Unpopulated basis (0'th pt-order basis) size: 1.
[common-recipe] [progress] About to populate pt-basis.
[common-recipe] [time    ] Populating pt-basis took 0.76865s.
[common-recipe] [progress] Has populated pt-basis.
[common-recipe] [data    ] Populated basis (4'th pt-order basis) size: 1762.
[common-recipe] [progress] About to generate hamiltoniam.
[common-recipe] [time    ] Generating kn-hamiltoniam matrix took 2.12443s.
[common-recipe] [progress] Has generated kn-hamiltoniam.
[common-recipe] [progress] About to solve eigen problem.
[common-recipe] [time    ] Solving eigen problem took: 0.140802s.
[common-recipe] [progress] Has solved eigen problem.
[common-recipe] [data    ] eigen_values:
[common-recipe]   -6.9610
------------------------------------------
[common-recipe] [data    ] Unpopulated basis (0'th pt-order basis) size: 1.
[common-recipe] [progress] About to populate pt-basis.
[common-recipe] [time    ] Populating pt-basis took 0.76206s.
[common-recipe] [progress] Has populated pt-basis.
[common-recipe] [data    ] Populated basis (4'th pt-order basis) size: 1762.
[common-recipe] [progress] About to generate hamiltoniam.
[common-recipe] [time    ] Generating kn-hamiltoniam matrix took 2.11771s.
[common-recipe] [progress] Has generated kn-hamiltoniam.
[common-recipe] [progress] About to solve eigen problem.
[common-recipe] [time    ] Solving eigen problem took: 0.117037s.
[common-recipe] [progress] Has solved eigen problem.
[common-recipe] [data    ] eigen_values:
[common-recipe]   -7.0435
------------------------------------------
[common-recipe] [data    ] Unpopulated basis (0'th pt-order basis) size: 1.
[common-recipe] [progress] About to populate pt-basis.
[common-recipe] [time    ] Populating pt-basis took 0.761895s.
[common-recipe] [progress] Has populated pt-basis.
[common-recipe] [data    ] Populated basis (4'th pt-order basis) size: 1762.
[common-recipe] [progress] About to generate hamiltoniam.
[common-recipe] [time    ] Generating kn-hamiltoniam matrix took 2.11762s.
[common-recipe] [progress] Has generated kn-hamiltoniam.
[common-recipe] [progress] About to solve eigen problem.
[common-recipe] [time    ] Solving eigen problem took: 0.138208s.
[common-recipe] [progress] Has solved eigen problem.
[common-recipe] [data    ] eigen_values:
[common-recipe]   -7.2771
------------------------------------------
[common-recipe] [data    ] Unpopulated basis (0'th pt-order basis) size: 1.
[common-recipe] [progress] About to populate pt-basis.
[common-recipe] [time    ] Populating pt-basis took 0.761855s.
[common-recipe] [progress] Has populated pt-basis.
[common-recipe] [data    ] Populated basis (4'th pt-order basis) size: 1762.
[common-recipe] [progress] About to generate hamiltoniam.
[common-recipe] [time    ] Generating kn-hamiltoniam matrix took 2.13499s.
[common-recipe] [progress] Has generated kn-hamiltoniam.
[common-recipe] [progress] About to solve eigen problem.
[common-recipe] [time    ] Solving eigen problem took: 0.189739s.
[common-recipe] [progress] Has solved eigen problem.
[common-recipe] [data    ] eigen_values:
[common-recipe]   -7.6100
------------------------------------------
[common-recipe] [data    ] Unpopulated basis (0'th pt-order basis) size: 1.
[common-recipe] [progress] About to populate pt-basis.
[common-recipe] [time    ] Populating pt-basis took 0.922358s.
[common-recipe] [progress] Has populated pt-basis.
[common-recipe] [data    ] Populated basis (4'th pt-order basis) size: 1762.
[common-recipe] [progress] About to generate hamiltoniam.
[common-recipe] [time    ] Generating kn-hamiltoniam matrix took 1.6912s.
[common-recipe] [progress] Has generated kn-hamiltoniam.
[common-recipe] [progress] About to solve eigen problem.
[common-recipe] [time    ] Solving eigen problem took: 0.0816195s.
[common-recipe] [progress] Has solved eigen problem.
[common-recipe] [data    ] eigen_values:
[common-recipe]   -7.9162
------------------------------------------
 ├state: gs 
 ││enery = -8.49632
 ││enery (reference) = -8.86294
 ├state: es [k_n = 0]
 ││abs. enery        = -8.03924
 ││exc. enery        = 0.457086
 ││exc. enery (ref.) = 0
 ├state: es [k_n = 1]
 ││abs. enery        = -7.91624
 ││exc. enery        = 0.580086
 ││exc. enery (ref.) = 0.485403
 ├state: es [k_n = 2]
 ││abs. enery        = -7.61005
 ││exc. enery        = 0.886273
 ││exc. enery (ref.) = 0.923291
 ├state: es [k_n = 3]
 ││abs. enery        = -7.27707
 ││exc. enery        = 1.21925
 ││exc. enery (ref.) = 1.2708
 ├state: es [k_n = 4]
 ││abs. enery        = -7.04355
 ││exc. enery        = 1.45277
 ││exc. enery (ref.) = 1.49392
 ├state: es [k_n = 5]
 ││abs. enery        = -6.96098
 ││exc. enery        = 1.53534
 ││exc. enery (ref.) = 1.5708
 ├state: es [k_n = 6]
 ││abs. enery        = -7.04355
 ││exc. enery        = 1.45277
 ││exc. enery (ref.) = 1.49392
 ├state: es [k_n = 7]
 ││abs. enery        = -7.27707
 ││exc. enery        = 1.21925
 ││exc. enery (ref.) = 1.2708
 ├state: es [k_n = 8]
 ││abs. enery        = -7.61005
 ││exc. enery        = 0.886273
 ││exc. enery (ref.) = 0.923291
 ├state: es [k_n = 9]
 ││abs. enery        = -7.91624
 ││exc. enery        = 0.580086
 ││exc. enery (ref.) = 0.485403
 ├state: es [k_n = 10]
 ││abs. enery        = -8.03924
 ││exc. enery        = 0.457086
 ││exc. enery (ref.) = 1.92367e-16
 ├state: es [k_n = 11]
 ││abs. enery        = -7.91624
 ││exc. enery        = 0.580086
 ││exc. enery (ref.) = 0.485403
 ├state: es [k_n = 12]
 ││abs. enery        = -7.61005
 ││exc. enery        = 0.886273
 ││exc. enery (ref.) = 0.923291
 ├state: es [k_n = 13]
 ││abs. enery        = -7.27707
 ││exc. enery        = 1.21925
 ││exc. enery (ref.) = 1.2708
 ├state: es [k_n = 14]
 ││abs. enery        = -7.04355
 ││exc. enery        = 1.45277
 ││exc. enery (ref.) = 1.49392
 ├state: es [k_n = 15]
 ││abs. enery        = -6.96098
 ││exc. enery        = 1.53534
 ││exc. enery (ref.) = 1.5708
 ├state: es [k_n = 16]
 ││abs. enery        = -7.04355
 ││exc. enery        = 1.45277
 ││exc. enery (ref.) = 1.49392
 ├state: es [k_n = 17]
 ││abs. enery        = -7.27707
 ││exc. enery        = 1.21925
 ││exc. enery (ref.) = 1.2708
 ├state: es [k_n = 18]
 ││abs. enery        = -7.61005
 ││exc. enery        = 0.886273
 ││exc. enery (ref.) = 0.923291
 ├state: es [k_n = 19]
 ││abs. enery        = -7.91624
 ││exc. enery        = 0.580086
 ││exc. enery (ref.) = 0.485403
[RESULT] [POST] gs_energy: -8.49632
[RESULT] [POST] domain: [0, 0.314159, 0.628319, 0.942478, 1.25664, 1.5708, 1.88496, 2.19911, 2.51327, 2.82743, 3.14159, 3.45575, 3.76991, 4.08407, 4.39823, 4.71239, 5.02655, 5.34071, 5.65487, 5.96903]
[RESULT] [POST] es_absolute_energies: [-8.03924, -7.91624, -7.61005, -7.27707, -7.04355, -6.96098, -7.04355, -7.27707, -7.61005, -7.91624, -8.03924, -7.91624, -7.61005, -7.27707, -7.04355, -6.96098, -7.04355, -7.27707, -7.61005, -7.91624]
[RESULT] [POST] es_excitation_energies: [0.457086, 0.580086, 0.886273, 1.21925, 1.45277, 1.53534, 1.45277, 1.21925, 0.886273, 0.580086, 0.457086, 0.580086, 0.886273, 1.21925, 1.45277, 1.53534, 1.45277, 1.21925, 0.886273, 0.580086]
