[INFO   ] [PROGRAM_OPTIONS] n_sites                           = 24
[INFO   ] [PROGRAM_OPTIONS] n_pt                              = 4
[INFO   ] [PROGRAM_OPTIONS] model_type                        = ModelType::AF
[INFO   ] [PROGRAM_OPTIONS] J_classical                       = 1
[INFO   ] [PROGRAM_OPTIONS] J_quantum                         = 1
[INFO   ] [PROGRAM_OPTIONS] run_type                          = ModelType::EG
[INFO   ] [PROGRAM_OPTIONS] print_unpopulated_basis_flag      = 0
[INFO   ] [PROGRAM_OPTIONS] print_unpopulated_basis_size_flag = 1
[INFO   ] [PROGRAM_OPTIONS] print_populated_basis_flag        = 0
[INFO   ] [PROGRAM_OPTIONS] print_populated_basis_size_flag   = 1
[INFO   ] [PROGRAM_OPTIONS] print_sp_hamiltonian_flag         = 0
[INFO   ] [PROGRAM_OPTIONS] print_hamiltonian_flag            = 0
[INFO   ] [PROGRAM_OPTIONS] print_eigen_values_flag           = 1
[INFO   ] [PROGRAM_OPTIONS] print_eigen_vectors_flag          = 0
------------------------------------------
[common-recipe] [data    ] Unpopulated basis (0'th pt-order basis) size: 1.
[common-recipe] [progress] About to populate pt-basis.
[common-recipe] [time    ] Populating pt-basis took 0.149056s.
[common-recipe] [progress] Has populated pt-basis.
[common-recipe] [data    ] Populated basis (4'th pt-order basis) size: 342.
[common-recipe] [progress] About to generate hamiltoniam.
[common-recipe] [time    ] Generating kn-hamiltoniam matrix took 0.586992s.
[common-recipe] [progress] Has generated kn-hamiltoniam.
[common-recipe] [progress] About to solve eigen problem.
[common-recipe] [time    ] Solving eigen problem took: 0.00718866s.
[common-recipe] [progress] Has solved eigen problem.
[common-recipe] [data    ] eigen_values:
[common-recipe]   -10.0712
------------------------------------------
[common-recipe] [data    ] Unpopulated basis (0'th pt-order basis) size: 1.
[common-recipe] [progress] About to populate pt-basis.
[common-recipe] [time    ] Populating pt-basis took 2.05061s.
[common-recipe] [progress] Has populated pt-basis.
[common-recipe] [data    ] Populated basis (4'th pt-order basis) size: 4529.
[common-recipe] [progress] About to generate hamiltoniam.
[common-recipe] [time    ] Generating kn-hamiltoniam matrix took 7.37066s.
[common-recipe] [progress] Has generated kn-hamiltoniam.
[common-recipe] [progress] About to solve eigen problem.
[common-recipe] [time    ] Solving eigen problem took: 0.315037s.
[common-recipe] [progress] Has solved eigen problem.
[common-recipe] [data    ] eigen_values:
[common-recipe]   -9.5551
------------------------------------------
[common-recipe] [data    ] Unpopulated basis (0'th pt-order basis) size: 1.
[common-recipe] [progress] About to populate pt-basis.
[common-recipe] [time    ] Populating pt-basis took 2.04479s.
[common-recipe] [progress] Has populated pt-basis.
[common-recipe] [data    ] Populated basis (4'th pt-order basis) size: 4529.
[common-recipe] [progress] About to generate hamiltoniam.
[common-recipe] [time    ] Generating kn-hamiltoniam matrix took 7.20468s.
[common-recipe] [progress] Has generated kn-hamiltoniam.
[common-recipe] [progress] About to solve eigen problem.
[common-recipe] [time    ] Solving eigen problem took: 0.332545s.
[common-recipe] [progress] Has solved eigen problem.
[common-recipe] [data    ] eigen_values:
[common-recipe]   -9.4778
------------------------------------------
[common-recipe] [data    ] Unpopulated basis (0'th pt-order basis) size: 1.
[common-recipe] [progress] About to populate pt-basis.
[common-recipe] [time    ] Populating pt-basis took 1.99703s.
[common-recipe] [progress] Has populated pt-basis.
[common-recipe] [data    ] Populated basis (4'th pt-order basis) size: 4529.
[common-recipe] [progress] About to generate hamiltoniam.
[common-recipe] [time    ] Generating kn-hamiltoniam matrix took 7.0628s.
[common-recipe] [progress] Has generated kn-hamiltoniam.
[common-recipe] [progress] About to solve eigen problem.
[common-recipe] [time    ] Solving eigen problem took: 0.400777s.
[common-recipe] [progress] Has solved eigen problem.
[common-recipe] [data    ] eigen_values:
[common-recipe]   -9.2728
------------------------------------------
[common-recipe] [data    ] Unpopulated basis (0'th pt-order basis) size: 1.
[common-recipe] [progress] About to populate pt-basis.
[common-recipe] [time    ] Populating pt-basis took 2.04033s.
[common-recipe] [progress] Has populated pt-basis.
[common-recipe] [data    ] Populated basis (4'th pt-order basis) size: 4529.
[common-recipe] [progress] About to generate hamiltoniam.
[common-recipe] [time    ] Generating kn-hamiltoniam matrix took 7.16532s.
[common-recipe] [progress] Has generated kn-hamiltoniam.
[common-recipe] [progress] About to solve eigen problem.
[common-recipe] [time    ] Solving eigen problem took: 0.406833s.
[common-recipe] [progress] Has solved eigen problem.
[common-recipe] [data    ] eigen_values:
[common-recipe]   -9.0118
------------------------------------------
[common-recipe] [data    ] Unpopulated basis (0'th pt-order basis) size: 1.
[common-recipe] [progress] About to populate pt-basis.
[common-recipe] [time    ] Populating pt-basis took 2.00146s.
[common-recipe] [progress] Has populated pt-basis.
[common-recipe] [data    ] Populated basis (4'th pt-order basis) size: 4529.
[common-recipe] [progress] About to generate hamiltoniam.
[common-recipe] [time    ] Generating kn-hamiltoniam matrix took 7.05761s.
[common-recipe] [progress] Has generated kn-hamiltoniam.
[common-recipe] [progress] About to solve eigen problem.
[common-recipe] [time    ] Solving eigen problem took: 0.412706s.
[common-recipe] [progress] Has solved eigen problem.
[common-recipe] [data    ] eigen_values:
[common-recipe]   -8.7747
------------------------------------------
[common-recipe] [data    ] Unpopulated basis (0'th pt-order basis) size: 1.
[common-recipe] [progress] About to populate pt-basis.
[common-recipe] [time    ] Populating pt-basis took 2.03782s.
[common-recipe] [progress] Has populated pt-basis.
[common-recipe] [data    ] Populated basis (4'th pt-order basis) size: 4529.
[common-recipe] [progress] About to generate hamiltoniam.
[common-recipe] [time    ] Generating kn-hamiltoniam matrix took 7.15968s.
[common-recipe] [progress] Has generated kn-hamiltoniam.
[common-recipe] [progress] About to solve eigen problem.
[common-recipe] [time    ] Solving eigen problem took: 0.423963s.
[common-recipe] [progress] Has solved eigen problem.
[common-recipe] [data    ] eigen_values:
[common-recipe]   -8.6139
------------------------------------------
[common-recipe] [data    ] Unpopulated basis (0'th pt-order basis) size: 1.
[common-recipe] [progress] About to populate pt-basis.
[common-recipe] [time    ] Populating pt-basis took 2.04097s.
[common-recipe] [progress] Has populated pt-basis.
[common-recipe] [data    ] Populated basis (4'th pt-order basis) size: 4529.
[common-recipe] [progress] About to generate hamiltoniam.
[common-recipe] [time    ] Generating kn-hamiltoniam matrix took 7.12887s.
[common-recipe] [progress] Has generated kn-hamiltoniam.
[common-recipe] [progress] About to solve eigen problem.
[common-recipe] [time    ] Solving eigen problem took: 0.476404s.
[common-recipe] [progress] Has solved eigen problem.
[common-recipe] [data    ] eigen_values:
[common-recipe]   -8.5573
------------------------------------------
[common-recipe] [data    ] Unpopulated basis (0'th pt-order basis) size: 1.
[common-recipe] [progress] About to populate pt-basis.
[common-recipe] [time    ] Populating pt-basis took 2.08902s.
[common-recipe] [progress] Has populated pt-basis.
[common-recipe] [data    ] Populated basis (4'th pt-order basis) size: 4529.
[common-recipe] [progress] About to generate hamiltoniam.
[common-recipe] [time    ] Generating kn-hamiltoniam matrix took 7.30878s.
[common-recipe] [progress] Has generated kn-hamiltoniam.
[common-recipe] [progress] About to solve eigen problem.
[common-recipe] [time    ] Solving eigen problem took: 0.422953s.
[common-recipe] [progress] Has solved eigen problem.
[common-recipe] [data    ] eigen_values:
[common-recipe]   -8.6139
------------------------------------------
[common-recipe] [data    ] Unpopulated basis (0'th pt-order basis) size: 1.
[common-recipe] [progress] About to populate pt-basis.
[common-recipe] [time    ] Populating pt-basis took 2.2666s.
[common-recipe] [progress] Has populated pt-basis.
[common-recipe] [data    ] Populated basis (4'th pt-order basis) size: 4529.
[common-recipe] [progress] About to generate hamiltoniam.
[common-recipe] [time    ] Generating kn-hamiltoniam matrix took 7.8349s.
[common-recipe] [progress] Has generated kn-hamiltoniam.
[common-recipe] [progress] About to solve eigen problem.
[common-recipe] [time    ] Solving eigen problem took: 0.413508s.
[common-recipe] [progress] Has solved eigen problem.
[common-recipe] [data    ] eigen_values:
[common-recipe]   -8.7747
------------------------------------------
[common-recipe] [data    ] Unpopulated basis (0'th pt-order basis) size: 1.
[common-recipe] [progress] About to populate pt-basis.
[common-recipe] [time    ] Populating pt-basis took 2.16499s.
[common-recipe] [progress] Has populated pt-basis.
[common-recipe] [data    ] Populated basis (4'th pt-order basis) size: 4529.
[common-recipe] [progress] About to generate hamiltoniam.
[common-recipe] [time    ] Generating kn-hamiltoniam matrix took 7.79944s.
[common-recipe] [progress] Has generated kn-hamiltoniam.
[common-recipe] [progress] About to solve eigen problem.
[common-recipe] [time    ] Solving eigen problem took: 0.437604s.
[common-recipe] [progress] Has solved eigen problem.
[common-recipe] [data    ] eigen_values:
[common-recipe]   -9.0118
------------------------------------------
[common-recipe] [data    ] Unpopulated basis (0'th pt-order basis) size: 1.
[common-recipe] [progress] About to populate pt-basis.
[common-recipe] [time    ] Populating pt-basis took 2.01253s.
[common-recipe] [progress] Has populated pt-basis.
[common-recipe] [data    ] Populated basis (4'th pt-order basis) size: 4529.
[common-recipe] [progress] About to generate hamiltoniam.
[common-recipe] [time    ] Generating kn-hamiltoniam matrix took 7.38477s.
[common-recipe] [progress] Has generated kn-hamiltoniam.
[common-recipe] [progress] About to solve eigen problem.
[common-recipe] [time    ] Solving eigen problem took: 0.396644s.
[common-recipe] [progress] Has solved eigen problem.
[common-recipe] [data    ] eigen_values:
[common-recipe]   -9.2728
------------------------------------------
[common-recipe] [data    ] Unpopulated basis (0'th pt-order basis) size: 1.
[common-recipe] [progress] About to populate pt-basis.
[common-recipe] [time    ] Populating pt-basis took 2.11481s.
[common-recipe] [progress] Has populated pt-basis.
[common-recipe] [data    ] Populated basis (4'th pt-order basis) size: 4529.
[common-recipe] [progress] About to generate hamiltoniam.
[common-recipe] [time    ] Generating kn-hamiltoniam matrix took 7.36791s.
[common-recipe] [progress] Has generated kn-hamiltoniam.
[common-recipe] [progress] About to solve eigen problem.
[common-recipe] [time    ] Solving eigen problem took: 0.334986s.
[common-recipe] [progress] Has solved eigen problem.
[common-recipe] [data    ] eigen_values:
[common-recipe]   -9.4778
------------------------------------------
[common-recipe] [data    ] Unpopulated basis (0'th pt-order basis) size: 1.
[common-recipe] [progress] About to populate pt-basis.
[common-recipe] [time    ] Populating pt-basis took 2.00145s.
[common-recipe] [progress] Has populated pt-basis.
[common-recipe] [data    ] Populated basis (4'th pt-order basis) size: 4529.
[common-recipe] [progress] About to generate hamiltoniam.
[common-recipe] [time    ] Generating kn-hamiltoniam matrix took 7.06634s.
[common-recipe] [progress] Has generated kn-hamiltoniam.
[common-recipe] [progress] About to solve eigen problem.
[common-recipe] [time    ] Solving eigen problem took: 0.330925s.
[common-recipe] [progress] Has solved eigen problem.
[common-recipe] [data    ] eigen_values:
[common-recipe]   -9.5551
------------------------------------------
[common-recipe] [data    ] Unpopulated basis (0'th pt-order basis) size: 1.
[common-recipe] [progress] About to populate pt-basis.
[common-recipe] [time    ] Populating pt-basis took 2.07362s.
[common-recipe] [progress] Has populated pt-basis.
[common-recipe] [data    ] Populated basis (4'th pt-order basis) size: 4529.
[common-recipe] [progress] About to generate hamiltoniam.
[common-recipe] [time    ] Generating kn-hamiltoniam matrix took 7.50743s.
[common-recipe] [progress] Has generated kn-hamiltoniam.
[common-recipe] [progress] About to solve eigen problem.
[common-recipe] [time    ] Solving eigen problem took: 0.346967s.
[common-recipe] [progress] Has solved eigen problem.
[common-recipe] [data    ] eigen_values:
[common-recipe]   -9.4778
------------------------------------------
[common-recipe] [data    ] Unpopulated basis (0'th pt-order basis) size: 1.
[common-recipe] [progress] About to populate pt-basis.
[common-recipe] [time    ] Populating pt-basis took 2.35709s.
[common-recipe] [progress] Has populated pt-basis.
[common-recipe] [data    ] Populated basis (4'th pt-order basis) size: 4529.
[common-recipe] [progress] About to generate hamiltoniam.
[common-recipe] [time    ] Generating kn-hamiltoniam matrix took 7.33733s.
[common-recipe] [progress] Has generated kn-hamiltoniam.
[common-recipe] [progress] About to solve eigen problem.
[common-recipe] [time    ] Solving eigen problem took: 0.398512s.
[common-recipe] [progress] Has solved eigen problem.
[common-recipe] [data    ] eigen_values:
[common-recipe]   -9.2728
------------------------------------------
[common-recipe] [data    ] Unpopulated basis (0'th pt-order basis) size: 1.
[common-recipe] [progress] About to populate pt-basis.
[common-recipe] [time    ] Populating pt-basis took 2.06663s.
[common-recipe] [progress] Has populated pt-basis.
[common-recipe] [data    ] Populated basis (4'th pt-order basis) size: 4529.
[common-recipe] [progress] About to generate hamiltoniam.
[common-recipe] [time    ] Generating kn-hamiltoniam matrix took 7.54761s.
[common-recipe] [progress] Has generated kn-hamiltoniam.
[common-recipe] [progress] About to solve eigen problem.
[common-recipe] [time    ] Solving eigen problem took: 0.415554s.
[common-recipe] [progress] Has solved eigen problem.
[common-recipe] [data    ] eigen_values:
[common-recipe]   -9.0118
------------------------------------------
[common-recipe] [data    ] Unpopulated basis (0'th pt-order basis) size: 1.
[common-recipe] [progress] About to populate pt-basis.
[common-recipe] [time    ] Populating pt-basis took 2.06437s.
[common-recipe] [progress] Has populated pt-basis.
[common-recipe] [data    ] Populated basis (4'th pt-order basis) size: 4529.
[common-recipe] [progress] About to generate hamiltoniam.
[common-recipe] [time    ] Generating kn-hamiltoniam matrix took 7.44519s.
[common-recipe] [progress] Has generated kn-hamiltoniam.
[common-recipe] [progress] About to solve eigen problem.
[common-recipe] [time    ] Solving eigen problem took: 0.419197s.
[common-recipe] [progress] Has solved eigen problem.
[common-recipe] [data    ] eigen_values:
[common-recipe]   -8.7747
------------------------------------------
[common-recipe] [data    ] Unpopulated basis (0'th pt-order basis) size: 1.
[common-recipe] [progress] About to populate pt-basis.
[common-recipe] [time    ] Populating pt-basis took 2.07158s.
[common-recipe] [progress] Has populated pt-basis.
[common-recipe] [data    ] Populated basis (4'th pt-order basis) size: 4529.
[common-recipe] [progress] About to generate hamiltoniam.
[common-recipe] [time    ] Generating kn-hamiltoniam matrix took 7.66852s.
[common-recipe] [progress] Has generated kn-hamiltoniam.
[common-recipe] [progress] About to solve eigen problem.
[common-recipe] [time    ] Solving eigen problem took: 0.745297s.
[common-recipe] [progress] Has solved eigen problem.
[common-recipe] [data    ] eigen_values:
[common-recipe]   -8.6139
------------------------------------------
[common-recipe] [data    ] Unpopulated basis (0'th pt-order basis) size: 1.
[common-recipe] [progress] About to populate pt-basis.
[common-recipe] [time    ] Populating pt-basis took 2.84528s.
[common-recipe] [progress] Has populated pt-basis.
[common-recipe] [data    ] Populated basis (4'th pt-order basis) size: 4529.
[common-recipe] [progress] About to generate hamiltoniam.
[common-recipe] [time    ] Generating kn-hamiltoniam matrix took 8.99004s.
[common-recipe] [progress] Has generated kn-hamiltoniam.
[common-recipe] [progress] About to solve eigen problem.
[common-recipe] [time    ] Solving eigen problem took: 0.577208s.
[common-recipe] [progress] Has solved eigen problem.
[common-recipe] [data    ] eigen_values:
[common-recipe]   -8.5573
------------------------------------------
[common-recipe] [data    ] Unpopulated basis (0'th pt-order basis) size: 1.
[common-recipe] [progress] About to populate pt-basis.
[common-recipe] [time    ] Populating pt-basis took 2.46155s.
[common-recipe] [progress] Has populated pt-basis.
[common-recipe] [data    ] Populated basis (4'th pt-order basis) size: 4529.
[common-recipe] [progress] About to generate hamiltoniam.
[common-recipe] [time    ] Generating kn-hamiltoniam matrix took 9.10594s.
[common-recipe] [progress] Has generated kn-hamiltoniam.
[common-recipe] [progress] About to solve eigen problem.
[common-recipe] [time    ] Solving eigen problem took: 0.488873s.
[common-recipe] [progress] Has solved eigen problem.
[common-recipe] [data    ] eigen_values:
[common-recipe]   -8.6139
------------------------------------------
[common-recipe] [data    ] Unpopulated basis (0'th pt-order basis) size: 1.
[common-recipe] [progress] About to populate pt-basis.
[common-recipe] [time    ] Populating pt-basis took 2.12174s.
[common-recipe] [progress] Has populated pt-basis.
[common-recipe] [data    ] Populated basis (4'th pt-order basis) size: 4529.
[common-recipe] [progress] About to generate hamiltoniam.
[common-recipe] [time    ] Generating kn-hamiltoniam matrix took 7.54239s.
[common-recipe] [progress] Has generated kn-hamiltoniam.
[common-recipe] [progress] About to solve eigen problem.
[common-recipe] [time    ] Solving eigen problem took: 0.430115s.
[common-recipe] [progress] Has solved eigen problem.
[common-recipe] [data    ] eigen_values:
[common-recipe]   -8.7747
------------------------------------------
[common-recipe] [data    ] Unpopulated basis (0'th pt-order basis) size: 1.
[common-recipe] [progress] About to populate pt-basis.
[common-recipe] [time    ] Populating pt-basis took 2.15699s.
[common-recipe] [progress] Has populated pt-basis.
[common-recipe] [data    ] Populated basis (4'th pt-order basis) size: 4529.
[common-recipe] [progress] About to generate hamiltoniam.
[common-recipe] [time    ] Generating kn-hamiltoniam matrix took 7.714s.
[common-recipe] [progress] Has generated kn-hamiltoniam.
[common-recipe] [progress] About to solve eigen problem.
[common-recipe] [time    ] Solving eigen problem took: 0.407025s.
[common-recipe] [progress] Has solved eigen problem.
[common-recipe] [data    ] eigen_values:
[common-recipe]   -9.0118
------------------------------------------
[common-recipe] [data    ] Unpopulated basis (0'th pt-order basis) size: 1.
[common-recipe] [progress] About to populate pt-basis.
[common-recipe] [time    ] Populating pt-basis took 2.2227s.
[common-recipe] [progress] Has populated pt-basis.
[common-recipe] [data    ] Populated basis (4'th pt-order basis) size: 4529.
[common-recipe] [progress] About to generate hamiltoniam.
[common-recipe] [time    ] Generating kn-hamiltoniam matrix took 7.79125s.
[common-recipe] [progress] Has generated kn-hamiltoniam.
[common-recipe] [progress] About to solve eigen problem.
[common-recipe] [time    ] Solving eigen problem took: 0.462752s.
[common-recipe] [progress] Has solved eigen problem.
[common-recipe] [data    ] eigen_values:
[common-recipe]   -9.2728
------------------------------------------
[common-recipe] [data    ] Unpopulated basis (0'th pt-order basis) size: 1.
[common-recipe] [progress] About to populate pt-basis.
[common-recipe] [time    ] Populating pt-basis took 2.04301s.
[common-recipe] [progress] Has populated pt-basis.
[common-recipe] [data    ] Populated basis (4'th pt-order basis) size: 4529.
[common-recipe] [progress] About to generate hamiltoniam.
[common-recipe] [time    ] Generating kn-hamiltoniam matrix took 7.21849s.
[common-recipe] [progress] Has generated kn-hamiltoniam.
[common-recipe] [progress] About to solve eigen problem.
[common-recipe] [time    ] Solving eigen problem took: 0.343138s.
[common-recipe] [progress] Has solved eigen problem.
[common-recipe] [data    ] eigen_values:
[common-recipe]   -9.4778
------------------------------------------
 ├state: gs 
 ││enery = -10.0712
 ││enery (reference) = -10.6355
 ├state: es [k_n = 0]
 ││abs. enery        = -9.55506
 ││exc. enery        = 0.516158
 ││exc. enery (ref.) = 0
 ├state: es [k_n = 1]
 ││abs. enery        = -9.47776
 ││exc. enery        = 0.593461
 ││exc. enery (ref.) = 0.406552
 ├state: es [k_n = 2]
 ││abs. enery        = -9.2728
 ││exc. enery        = 0.798418
 ││exc. enery (ref.) = 0.785398
 ├state: es [k_n = 3]
 ││abs. enery        = -9.01176
 ││exc. enery        = 1.05945
 ││exc. enery (ref.) = 1.11072
 ├state: es [k_n = 4]
 ││abs. enery        = -8.77466
 ││exc. enery        = 1.29656
 ││exc. enery (ref.) = 1.36035
 ├state: es [k_n = 5]
 ││abs. enery        = -8.61386
 ││exc. enery        = 1.45736
 ││exc. enery (ref.) = 1.51727
 ├state: es [k_n = 6]
 ││abs. enery        = -8.55726
 ││exc. enery        = 1.51396
 ││exc. enery (ref.) = 1.5708
 ├state: es [k_n = 7]
 ││abs. enery        = -8.61386
 ││exc. enery        = 1.45736
 ││exc. enery (ref.) = 1.51727
 ├state: es [k_n = 8]
 ││abs. enery        = -8.77466
 ││exc. enery        = 1.29656
 ││exc. enery (ref.) = 1.36035
 ├state: es [k_n = 9]
 ││abs. enery        = -9.01176
 ││exc. enery        = 1.05945
 ││exc. enery (ref.) = 1.11072
 ├state: es [k_n = 10]
 ││abs. enery        = -9.2728
 ││exc. enery        = 0.798418
 ││exc. enery (ref.) = 0.785398
 ├state: es [k_n = 11]
 ││abs. enery        = -9.47776
 ││exc. enery        = 0.593461
 ││exc. enery (ref.) = 0.406552
 ├state: es [k_n = 12]
 ││abs. enery        = -9.55506
 ││exc. enery        = 0.516158
 ││exc. enery (ref.) = 1.92367e-16
 ├state: es [k_n = 13]
 ││abs. enery        = -9.47776
 ││exc. enery        = 0.593461
 ││exc. enery (ref.) = 0.406552
 ├state: es [k_n = 14]
 ││abs. enery        = -9.2728
 ││exc. enery        = 0.798418
 ││exc. enery (ref.) = 0.785398
 ├state: es [k_n = 15]
 ││abs. enery        = -9.01176
 ││exc. enery        = 1.05945
 ││exc. enery (ref.) = 1.11072
 ├state: es [k_n = 16]
 ││abs. enery        = -8.77466
 ││exc. enery        = 1.29656
 ││exc. enery (ref.) = 1.36035
 ├state: es [k_n = 17]
 ││abs. enery        = -8.61386
 ││exc. enery        = 1.45736
 ││exc. enery (ref.) = 1.51727
 ├state: es [k_n = 18]
 ││abs. enery        = -8.55726
 ││exc. enery        = 1.51396
 ││exc. enery (ref.) = 1.5708
 ├state: es [k_n = 19]
 ││abs. enery        = -8.61386
 ││exc. enery        = 1.45736
 ││exc. enery (ref.) = 1.51727
 ├state: es [k_n = 20]
 ││abs. enery        = -8.77466
 ││exc. enery        = 1.29656
 ││exc. enery (ref.) = 1.36035
 ├state: es [k_n = 21]
 ││abs. enery        = -9.01176
 ││exc. enery        = 1.05945
 ││exc. enery (ref.) = 1.11072
 ├state: es [k_n = 22]
 ││abs. enery        = -9.2728
 ││exc. enery        = 0.798418
 ││exc. enery (ref.) = 0.785398
 ├state: es [k_n = 23]
 ││abs. enery        = -9.47776
 ││exc. enery        = 0.593461
 ││exc. enery (ref.) = 0.406552
[RESULT] [POST] gs_energy: -10.0712
[RESULT] [POST] domain: [0, 0.261799, 0.523599, 0.785398, 1.0472, 1.309, 1.5708, 1.8326, 2.0944, 2.35619, 2.61799, 2.87979, 3.14159, 3.40339, 3.66519, 3.92699, 4.18879, 4.45059, 4.71239, 4.97419, 5.23599, 5.49779, 5.75959, 6.02139]
[RESULT] [POST] es_absolute_energies: [-9.55506, -9.47776, -9.2728, -9.01176, -8.77466, -8.61386, -8.55726, -8.61386, -8.77466, -9.01176, -9.2728, -9.47776, -9.55506, -9.47776, -9.2728, -9.01176, -8.77466, -8.61386, -8.55726, -8.61386, -8.77466, -9.01176, -9.2728, -9.47776]
[RESULT] [POST] es_excitation_energies: [0.516158, 0.593461, 0.798418, 1.05945, 1.29656, 1.45736, 1.51396, 1.45736, 1.29656, 1.05945, 0.798418, 0.593461, 0.516158, 0.593461, 0.798418, 1.05945, 1.29656, 1.45736, 1.51396, 1.45736, 1.29656, 1.05945, 0.798418, 0.593461]
