[INFO   ] [PROGRAM_OPTIONS] n_sites                           = 24
[INFO   ] [PROGRAM_OPTIONS] n_pt                              = 5
[INFO   ] [PROGRAM_OPTIONS] model_type                        = ModelType::AF
[INFO   ] [PROGRAM_OPTIONS] J_classical                       = 1
[INFO   ] [PROGRAM_OPTIONS] J_quantum                         = 1
[INFO   ] [PROGRAM_OPTIONS] run_type                          = ModelType::EG
[INFO   ] [PROGRAM_OPTIONS] print_unpopulated_basis_flag      = 0
[INFO   ] [PROGRAM_OPTIONS] print_unpopulated_basis_size_flag = 1
[INFO   ] [PROGRAM_OPTIONS] print_populated_basis_flag        = 0
[INFO   ] [PROGRAM_OPTIONS] print_populated_basis_size_flag   = 1
[INFO   ] [PROGRAM_OPTIONS] print_sp_hamiltonian_flag         = 0
[INFO   ] [PROGRAM_OPTIONS] print_hamiltonian_flag            = 0
[INFO   ] [PROGRAM_OPTIONS] print_eigen_values_flag           = 1
[INFO   ] [PROGRAM_OPTIONS] print_eigen_vectors_flag          = 0
------------------------------------------
[common-recipe] [data    ] Unpopulated basis (0'th pt-order basis) size: 1.
[common-recipe] [progress] About to populate pt-basis.
[common-recipe] [time    ] Populating pt-basis took 0.672772s.
[common-recipe] [progress] Has populated pt-basis.
[common-recipe] [data    ] Populated basis (5'th pt-order basis) size: 1108.
[common-recipe] [progress] About to generate hamiltoniam.
[common-recipe] [time    ] Generating kn-hamiltoniam matrix took 1.75701s.
[common-recipe] [progress] Has generated kn-hamiltoniam.
[common-recipe] [progress] About to solve eigen problem.
[common-recipe] [time    ] Solving eigen problem took: 0.0421159s.
[common-recipe] [progress] Has solved eigen problem.
[common-recipe] [data    ] eigen_values:
[common-recipe]   -10.2941
------------------------------------------
[common-recipe] [data    ] Unpopulated basis (0'th pt-order basis) size: 1.
[common-recipe] [progress] About to populate pt-basis.
[common-recipe] [time    ] Populating pt-basis took 7.26863s.
[common-recipe] [progress] Has populated pt-basis.
[common-recipe] [data    ] Populated basis (5'th pt-order basis) size: 12514.
[common-recipe] [progress] About to generate hamiltoniam.
[common-recipe] [time    ] Generating kn-hamiltoniam matrix took 19.7161s.
[common-recipe] [progress] Has generated kn-hamiltoniam.
[common-recipe] [progress] About to solve eigen problem.
[common-recipe] [time    ] Solving eigen problem took: 2.32744s.
[common-recipe] [progress] Has solved eigen problem.
[common-recipe] [data    ] eigen_values:
[common-recipe]   -9.8848
------------------------------------------
[common-recipe] [data    ] Unpopulated basis (0'th pt-order basis) size: 1.
[common-recipe] [progress] About to populate pt-basis.
[common-recipe] [time    ] Populating pt-basis took 7.4822s.
[common-recipe] [progress] Has populated pt-basis.
[common-recipe] [data    ] Populated basis (5'th pt-order basis) size: 12514.
[common-recipe] [progress] About to generate hamiltoniam.
[common-recipe] [time    ] Generating kn-hamiltoniam matrix took 19.8771s.
[common-recipe] [progress] Has generated kn-hamiltoniam.
[common-recipe] [progress] About to solve eigen problem.
[common-recipe] [time    ] Solving eigen problem took: 2.92058s.
[common-recipe] [progress] Has solved eigen problem.
[common-recipe] [data    ] eigen_values:
[common-recipe]   -9.7839
------------------------------------------
[common-recipe] [data    ] Unpopulated basis (0'th pt-order basis) size: 1.
[common-recipe] [progress] About to populate pt-basis.
[common-recipe] [time    ] Populating pt-basis took 7.44314s.
[common-recipe] [progress] Has populated pt-basis.
[common-recipe] [data    ] Populated basis (5'th pt-order basis) size: 12514.
[common-recipe] [progress] About to generate hamiltoniam.
[common-recipe] [time    ] Generating kn-hamiltoniam matrix took 20.1044s.
[common-recipe] [progress] Has generated kn-hamiltoniam.
[common-recipe] [progress] About to solve eigen problem.
[common-recipe] [time    ] Solving eigen problem took: 2.7472s.
[common-recipe] [progress] Has solved eigen problem.
[common-recipe] [data    ] eigen_values:
[common-recipe]   -9.5264
------------------------------------------
[common-recipe] [data    ] Unpopulated basis (0'th pt-order basis) size: 1.
[common-recipe] [progress] About to populate pt-basis.
[common-recipe] [time    ] Populating pt-basis took 7.85804s.
[common-recipe] [progress] Has populated pt-basis.
[common-recipe] [data    ] Populated basis (5'th pt-order basis) size: 12514.
[common-recipe] [progress] About to generate hamiltoniam.
[common-recipe] [time    ] Generating kn-hamiltoniam matrix took 20.2094s.
[common-recipe] [progress] Has generated kn-hamiltoniam.
[common-recipe] [progress] About to solve eigen problem.
[common-recipe] [time    ] Solving eigen problem took: 2.79264s.
[common-recipe] [progress] Has solved eigen problem.
[common-recipe] [data    ] eigen_values:
[common-recipe]   -9.2237
------------------------------------------
[common-recipe] [data    ] Unpopulated basis (0'th pt-order basis) size: 1.
[common-recipe] [progress] About to populate pt-basis.
[common-recipe] [time    ] Populating pt-basis took 8.38467s.
[common-recipe] [progress] Has populated pt-basis.
[common-recipe] [data    ] Populated basis (5'th pt-order basis) size: 12514.
[common-recipe] [progress] About to generate hamiltoniam.
[common-recipe] [time    ] Generating kn-hamiltoniam matrix took 21.8468s.
[common-recipe] [progress] Has generated kn-hamiltoniam.
[common-recipe] [progress] About to solve eigen problem.
[common-recipe] [time    ] Solving eigen problem took: 3.47952s.
[common-recipe] [progress] Has solved eigen problem.
[common-recipe] [data    ] eigen_values:
[common-recipe]   -8.9683
------------------------------------------
[common-recipe] [data    ] Unpopulated basis (0'th pt-order basis) size: 1.
[common-recipe] [progress] About to populate pt-basis.
[common-recipe] [time    ] Populating pt-basis took 8.20923s.
[common-recipe] [progress] Has populated pt-basis.
[common-recipe] [data    ] Populated basis (5'th pt-order basis) size: 12514.
[common-recipe] [progress] About to generate hamiltoniam.
[common-recipe] [time    ] Generating kn-hamiltoniam matrix took 22.584s.
[common-recipe] [progress] Has generated kn-hamiltoniam.
[common-recipe] [progress] About to solve eigen problem.
[common-recipe] [time    ] Solving eigen problem took: 3.27118s.
[common-recipe] [progress] Has solved eigen problem.
[common-recipe] [data    ] eigen_values:
[common-recipe]   -8.8018
------------------------------------------
[common-recipe] [data    ] Unpopulated basis (0'th pt-order basis) size: 1.
[common-recipe] [progress] About to populate pt-basis.
[common-recipe] [time    ] Populating pt-basis took 8.17792s.
[common-recipe] [progress] Has populated pt-basis.
[common-recipe] [data    ] Populated basis (5'th pt-order basis) size: 12514.
[common-recipe] [progress] About to generate hamiltoniam.
[common-recipe] [time    ] Generating kn-hamiltoniam matrix took 22.3107s.
[common-recipe] [progress] Has generated kn-hamiltoniam.
[common-recipe] [progress] About to solve eigen problem.
[common-recipe] [time    ] Solving eigen problem took: 2.8836s.
[common-recipe] [progress] Has solved eigen problem.
[common-recipe] [data    ] eigen_values:
[common-recipe]   -8.7444
------------------------------------------
[common-recipe] [data    ] Unpopulated basis (0'th pt-order basis) size: 1.
[common-recipe] [progress] About to populate pt-basis.
[common-recipe] [time    ] Populating pt-basis took 8.00084s.
[common-recipe] [progress] Has populated pt-basis.
[common-recipe] [data    ] Populated basis (5'th pt-order basis) size: 12514.
[common-recipe] [progress] About to generate hamiltoniam.
[common-recipe] [time    ] Generating kn-hamiltoniam matrix took 21.7316s.
[common-recipe] [progress] Has generated kn-hamiltoniam.
[common-recipe] [progress] About to solve eigen problem.
[common-recipe] [time    ] Solving eigen problem took: 3.07814s.
[common-recipe] [progress] Has solved eigen problem.
[common-recipe] [data    ] eigen_values:
[common-recipe]   -8.8018
------------------------------------------
[common-recipe] [data    ] Unpopulated basis (0'th pt-order basis) size: 1.
[common-recipe] [progress] About to populate pt-basis.
[common-recipe] [time    ] Populating pt-basis took 8.07581s.
[common-recipe] [progress] Has populated pt-basis.
[common-recipe] [data    ] Populated basis (5'th pt-order basis) size: 12514.
[common-recipe] [progress] About to generate hamiltoniam.
[common-recipe] [time    ] Generating kn-hamiltoniam matrix took 20.5647s.
[common-recipe] [progress] Has generated kn-hamiltoniam.
[common-recipe] [progress] About to solve eigen problem.
[common-recipe] [time    ] Solving eigen problem took: 2.95999s.
[common-recipe] [progress] Has solved eigen problem.
[common-recipe] [data    ] eigen_values:
[common-recipe]   -8.9683
------------------------------------------
[common-recipe] [data    ] Unpopulated basis (0'th pt-order basis) size: 1.
[common-recipe] [progress] About to populate pt-basis.
[common-recipe] [time    ] Populating pt-basis took 9.04283s.
[common-recipe] [progress] Has populated pt-basis.
[common-recipe] [data    ] Populated basis (5'th pt-order basis) size: 12514.
[common-recipe] [progress] About to generate hamiltoniam.
[common-recipe] [time    ] Generating kn-hamiltoniam matrix took 25.7906s.
[common-recipe] [progress] Has generated kn-hamiltoniam.
[common-recipe] [progress] About to solve eigen problem.
[common-recipe] [time    ] Solving eigen problem took: 3.21125s.
[common-recipe] [progress] Has solved eigen problem.
[common-recipe] [data    ] eigen_values:
[common-recipe]   -9.2237
------------------------------------------
[common-recipe] [data    ] Unpopulated basis (0'th pt-order basis) size: 1.
[common-recipe] [progress] About to populate pt-basis.
[common-recipe] [time    ] Populating pt-basis took 7.8219s.
[common-recipe] [progress] Has populated pt-basis.
[common-recipe] [data    ] Populated basis (5'th pt-order basis) size: 12514.
[common-recipe] [progress] About to generate hamiltoniam.
[common-recipe] [time    ] Generating kn-hamiltoniam matrix took 21.1429s.
[common-recipe] [progress] Has generated kn-hamiltoniam.
[common-recipe] [progress] About to solve eigen problem.
[common-recipe] [time    ] Solving eigen problem took: 2.86886s.
[common-recipe] [progress] Has solved eigen problem.
[common-recipe] [data    ] eigen_values:
[common-recipe]   -9.5264
------------------------------------------
[common-recipe] [data    ] Unpopulated basis (0'th pt-order basis) size: 1.
[common-recipe] [progress] About to populate pt-basis.
[common-recipe] [time    ] Populating pt-basis took 7.85036s.
[common-recipe] [progress] Has populated pt-basis.
[common-recipe] [data    ] Populated basis (5'th pt-order basis) size: 12514.
[common-recipe] [progress] About to generate hamiltoniam.
[common-recipe] [time    ] Generating kn-hamiltoniam matrix took 20.3163s.
[common-recipe] [progress] Has generated kn-hamiltoniam.
[common-recipe] [progress] About to solve eigen problem.
[common-recipe] [time    ] Solving eigen problem took: 2.85801s.
[common-recipe] [progress] Has solved eigen problem.
[common-recipe] [data    ] eigen_values:
[common-recipe]   -9.7839
------------------------------------------
[common-recipe] [data    ] Unpopulated basis (0'th pt-order basis) size: 1.
[common-recipe] [progress] About to populate pt-basis.
[common-recipe] [time    ] Populating pt-basis took 7.63786s.
[common-recipe] [progress] Has populated pt-basis.
[common-recipe] [data    ] Populated basis (5'th pt-order basis) size: 12514.
[common-recipe] [progress] About to generate hamiltoniam.
[common-recipe] [time    ] Generating kn-hamiltoniam matrix took 20.2907s.
[common-recipe] [progress] Has generated kn-hamiltoniam.
[common-recipe] [progress] About to solve eigen problem.
[common-recipe] [time    ] Solving eigen problem took: 2.454s.
[common-recipe] [progress] Has solved eigen problem.
[common-recipe] [data    ] eigen_values:
[common-recipe]   -9.8848
------------------------------------------
[common-recipe] [data    ] Unpopulated basis (0'th pt-order basis) size: 1.
[common-recipe] [progress] About to populate pt-basis.
[common-recipe] [time    ] Populating pt-basis took 7.66296s.
[common-recipe] [progress] Has populated pt-basis.
[common-recipe] [data    ] Populated basis (5'th pt-order basis) size: 12514.
[common-recipe] [progress] About to generate hamiltoniam.
[common-recipe] [time    ] Generating kn-hamiltoniam matrix took 20.5614s.
[common-recipe] [progress] Has generated kn-hamiltoniam.
[common-recipe] [progress] About to solve eigen problem.
[common-recipe] [time    ] Solving eigen problem took: 2.59049s.
[common-recipe] [progress] Has solved eigen problem.
[common-recipe] [data    ] eigen_values:
[common-recipe]   -9.7839
------------------------------------------
[common-recipe] [data    ] Unpopulated basis (0'th pt-order basis) size: 1.
[common-recipe] [progress] About to populate pt-basis.
[common-recipe] [time    ] Populating pt-basis took 7.61605s.
[common-recipe] [progress] Has populated pt-basis.
[common-recipe] [data    ] Populated basis (5'th pt-order basis) size: 12514.
[common-recipe] [progress] About to generate hamiltoniam.
[common-recipe] [time    ] Generating kn-hamiltoniam matrix took 20.4524s.
[common-recipe] [progress] Has generated kn-hamiltoniam.
[common-recipe] [progress] About to solve eigen problem.
[common-recipe] [time    ] Solving eigen problem took: 3.64335s.
[common-recipe] [progress] Has solved eigen problem.
[common-recipe] [data    ] eigen_values:
[common-recipe]   -9.5264
------------------------------------------
[common-recipe] [data    ] Unpopulated basis (0'th pt-order basis) size: 1.
[common-recipe] [progress] About to populate pt-basis.
[common-recipe] [time    ] Populating pt-basis took 9.71312s.
[common-recipe] [progress] Has populated pt-basis.
[common-recipe] [data    ] Populated basis (5'th pt-order basis) size: 12514.
[common-recipe] [progress] About to generate hamiltoniam.
[common-recipe] [time    ] Generating kn-hamiltoniam matrix took 23.7305s.
[common-recipe] [progress] Has generated kn-hamiltoniam.
[common-recipe] [progress] About to solve eigen problem.
[common-recipe] [time    ] Solving eigen problem took: 3.48836s.
[common-recipe] [progress] Has solved eigen problem.
[common-recipe] [data    ] eigen_values:
[common-recipe]   -9.2237
------------------------------------------
[common-recipe] [data    ] Unpopulated basis (0'th pt-order basis) size: 1.
[common-recipe] [progress] About to populate pt-basis.
[common-recipe] [time    ] Populating pt-basis took 8.87547s.
[common-recipe] [progress] Has populated pt-basis.
[common-recipe] [data    ] Populated basis (5'th pt-order basis) size: 12514.
[common-recipe] [progress] About to generate hamiltoniam.
[common-recipe] [time    ] Generating kn-hamiltoniam matrix took 23.6867s.
[common-recipe] [progress] Has generated kn-hamiltoniam.
[common-recipe] [progress] About to solve eigen problem.
[common-recipe] [time    ] Solving eigen problem took: 3.56779s.
[common-recipe] [progress] Has solved eigen problem.
[common-recipe] [data    ] eigen_values:
[common-recipe]   -8.9683
------------------------------------------
[common-recipe] [data    ] Unpopulated basis (0'th pt-order basis) size: 1.
[common-recipe] [progress] About to populate pt-basis.
[common-recipe] [time    ] Populating pt-basis took 8.94628s.
[common-recipe] [progress] Has populated pt-basis.
[common-recipe] [data    ] Populated basis (5'th pt-order basis) size: 12514.
[common-recipe] [progress] About to generate hamiltoniam.
[common-recipe] [time    ] Generating kn-hamiltoniam matrix took 23.7138s.
[common-recipe] [progress] Has generated kn-hamiltoniam.
[common-recipe] [progress] About to solve eigen problem.
[common-recipe] [time    ] Solving eigen problem took: 3.67515s.
[common-recipe] [progress] Has solved eigen problem.
[common-recipe] [data    ] eigen_values:
[common-recipe]   -8.8018
------------------------------------------
[common-recipe] [data    ] Unpopulated basis (0'th pt-order basis) size: 1.
[common-recipe] [progress] About to populate pt-basis.
[common-recipe] [time    ] Populating pt-basis took 8.91751s.
[common-recipe] [progress] Has populated pt-basis.
[common-recipe] [data    ] Populated basis (5'th pt-order basis) size: 12514.
[common-recipe] [progress] About to generate hamiltoniam.
[common-recipe] [time    ] Generating kn-hamiltoniam matrix took 24.2132s.
[common-recipe] [progress] Has generated kn-hamiltoniam.
[common-recipe] [progress] About to solve eigen problem.
[common-recipe] [time    ] Solving eigen problem took: 3.29629s.
[common-recipe] [progress] Has solved eigen problem.
[common-recipe] [data    ] eigen_values:
[common-recipe]   -8.7444
------------------------------------------
[common-recipe] [data    ] Unpopulated basis (0'th pt-order basis) size: 1.
[common-recipe] [progress] About to populate pt-basis.
[common-recipe] [time    ] Populating pt-basis took 9.54808s.
[common-recipe] [progress] Has populated pt-basis.
[common-recipe] [data    ] Populated basis (5'th pt-order basis) size: 12514.
[common-recipe] [progress] About to generate hamiltoniam.
[common-recipe] [time    ] Generating kn-hamiltoniam matrix took 23.6003s.
[common-recipe] [progress] Has generated kn-hamiltoniam.
[common-recipe] [progress] About to solve eigen problem.
[common-recipe] [time    ] Solving eigen problem took: 3.69324s.
[common-recipe] [progress] Has solved eigen problem.
[common-recipe] [data    ] eigen_values:
[common-recipe]   -8.8018
------------------------------------------
[common-recipe] [data    ] Unpopulated basis (0'th pt-order basis) size: 1.
[common-recipe] [progress] About to populate pt-basis.
[common-recipe] [time    ] Populating pt-basis took 8.89978s.
[common-recipe] [progress] Has populated pt-basis.
[common-recipe] [data    ] Populated basis (5'th pt-order basis) size: 12514.
[common-recipe] [progress] About to generate hamiltoniam.
[common-recipe] [time    ] Generating kn-hamiltoniam matrix took 23.6384s.
[common-recipe] [progress] Has generated kn-hamiltoniam.
[common-recipe] [progress] About to solve eigen problem.
[common-recipe] [time    ] Solving eigen problem took: 3.38693s.
[common-recipe] [progress] Has solved eigen problem.
[common-recipe] [data    ] eigen_values:
[common-recipe]   -8.9683
------------------------------------------
[common-recipe] [data    ] Unpopulated basis (0'th pt-order basis) size: 1.
[common-recipe] [progress] About to populate pt-basis.
[common-recipe] [time    ] Populating pt-basis took 8.82037s.
[common-recipe] [progress] Has populated pt-basis.
[common-recipe] [data    ] Populated basis (5'th pt-order basis) size: 12514.
[common-recipe] [progress] About to generate hamiltoniam.
[common-recipe] [time    ] Generating kn-hamiltoniam matrix took 23.4867s.
[common-recipe] [progress] Has generated kn-hamiltoniam.
[common-recipe] [progress] About to solve eigen problem.
[common-recipe] [time    ] Solving eigen problem took: 3.48121s.
[common-recipe] [progress] Has solved eigen problem.
[common-recipe] [data    ] eigen_values:
[common-recipe]   -9.2237
------------------------------------------
[common-recipe] [data    ] Unpopulated basis (0'th pt-order basis) size: 1.
[common-recipe] [progress] About to populate pt-basis.
[common-recipe] [time    ] Populating pt-basis took 9.75622s.
[common-recipe] [progress] Has populated pt-basis.
[common-recipe] [data    ] Populated basis (5'th pt-order basis) size: 12514.
[common-recipe] [progress] About to generate hamiltoniam.
[common-recipe] [time    ] Generating kn-hamiltoniam matrix took 27.5538s.
[common-recipe] [progress] Has generated kn-hamiltoniam.
[common-recipe] [progress] About to solve eigen problem.
[common-recipe] [time    ] Solving eigen problem took: 3.46651s.
[common-recipe] [progress] Has solved eigen problem.
[common-recipe] [data    ] eigen_values:
[common-recipe]   -9.5264
------------------------------------------
[common-recipe] [data    ] Unpopulated basis (0'th pt-order basis) size: 1.
[common-recipe] [progress] About to populate pt-basis.
[common-recipe] [time    ] Populating pt-basis took 8.4175s.
[common-recipe] [progress] Has populated pt-basis.
[common-recipe] [data    ] Populated basis (5'th pt-order basis) size: 12514.
[common-recipe] [progress] About to generate hamiltoniam.
[common-recipe] [time    ] Generating kn-hamiltoniam matrix took 20.9463s.
[common-recipe] [progress] Has generated kn-hamiltoniam.
[common-recipe] [progress] About to solve eigen problem.
[common-recipe] [time    ] Solving eigen problem took: 2.4339s.
[common-recipe] [progress] Has solved eigen problem.
[common-recipe] [data    ] eigen_values:
[common-recipe]   -9.7839
------------------------------------------
 ├state: gs 
 ││enery = -10.2941
 ││enery (reference) = -10.6355
 ├state: es [k_n = 0]
 ││abs. enery        = -9.88482
 ││exc. enery        = 0.409232
 ││exc. enery (ref.) = 0
 ├state: es [k_n = 1]
 ││abs. enery        = -9.78386
 ││exc. enery        = 0.510191
 ││exc. enery (ref.) = 0.406552
 ├state: es [k_n = 2]
 ││abs. enery        = -9.52636
 ││exc. enery        = 0.767695
 ││exc. enery (ref.) = 0.785398
 ├state: es [k_n = 3]
 ││abs. enery        = -9.22371
 ││exc. enery        = 1.07034
 ││exc. enery (ref.) = 1.11072
 ├state: es [k_n = 4]
 ││abs. enery        = -8.9683
 ││exc. enery        = 1.32575
 ││exc. enery (ref.) = 1.36035
 ├state: es [k_n = 5]
 ││abs. enery        = -8.80183
 ││exc. enery        = 1.49223
 ││exc. enery (ref.) = 1.51727
 ├state: es [k_n = 6]
 ││abs. enery        = -8.74443
 ││exc. enery        = 1.54962
 ││exc. enery (ref.) = 1.5708
 ├state: es [k_n = 7]
 ││abs. enery        = -8.80183
 ││exc. enery        = 1.49223
 ││exc. enery (ref.) = 1.51727
 ├state: es [k_n = 8]
 ││abs. enery        = -8.9683
 ││exc. enery        = 1.32575
 ││exc. enery (ref.) = 1.36035
 ├state: es [k_n = 9]
 ││abs. enery        = -9.22371
 ││exc. enery        = 1.07034
 ││exc. enery (ref.) = 1.11072
 ├state: es [k_n = 10]
 ││abs. enery        = -9.52636
 ││exc. enery        = 0.767695
 ││exc. enery (ref.) = 0.785398
 ├state: es [k_n = 11]
 ││abs. enery        = -9.78386
 ││exc. enery        = 0.510191
 ││exc. enery (ref.) = 0.406552
 ├state: es [k_n = 12]
 ││abs. enery        = -9.88482
 ││exc. enery        = 0.409232
 ││exc. enery (ref.) = 1.92367e-16
 ├state: es [k_n = 13]
 ││abs. enery        = -9.78386
 ││exc. enery        = 0.510191
 ││exc. enery (ref.) = 0.406552
 ├state: es [k_n = 14]
 ││abs. enery        = -9.52636
 ││exc. enery        = 0.767695
 ││exc. enery (ref.) = 0.785398
 ├state: es [k_n = 15]
 ││abs. enery        = -9.22371
 ││exc. enery        = 1.07034
 ││exc. enery (ref.) = 1.11072
 ├state: es [k_n = 16]
 ││abs. enery        = -8.9683
 ││exc. enery        = 1.32575
 ││exc. enery (ref.) = 1.36035
 ├state: es [k_n = 17]
 ││abs. enery        = -8.80183
 ││exc. enery        = 1.49223
 ││exc. enery (ref.) = 1.51727
 ├state: es [k_n = 18]
 ││abs. enery        = -8.74443
 ││exc. enery        = 1.54962
 ││exc. enery (ref.) = 1.5708
 ├state: es [k_n = 19]
 ││abs. enery        = -8.80183
 ││exc. enery        = 1.49223
 ││exc. enery (ref.) = 1.51727
 ├state: es [k_n = 20]
 ││abs. enery        = -8.9683
 ││exc. enery        = 1.32575
 ││exc. enery (ref.) = 1.36035
 ├state: es [k_n = 21]
 ││abs. enery        = -9.22371
 ││exc. enery        = 1.07034
 ││exc. enery (ref.) = 1.11072
 ├state: es [k_n = 22]
 ││abs. enery        = -9.52636
 ││exc. enery        = 0.767695
 ││exc. enery (ref.) = 0.785398
 ├state: es [k_n = 23]
 ││abs. enery        = -9.78386
 ││exc. enery        = 0.510191
 ││exc. enery (ref.) = 0.406552
[RESULT] [POST] gs_energy: -10.2941
[RESULT] [POST] domain: [0, 0.261799, 0.523599, 0.785398, 1.0472, 1.309, 1.5708, 1.8326, 2.0944, 2.35619, 2.61799, 2.87979, 3.14159, 3.40339, 3.66519, 3.92699, 4.18879, 4.45059, 4.71239, 4.97419, 5.23599, 5.49779, 5.75959, 6.02139]
[RESULT] [POST] es_absolute_energies: [-9.88482, -9.78386, -9.52636, -9.22371, -8.9683, -8.80183, -8.74443, -8.80183, -8.9683, -9.22371, -9.52636, -9.78386, -9.88482, -9.78386, -9.52636, -9.22371, -8.9683, -8.80183, -8.74443, -8.80183, -8.9683, -9.22371, -9.52636, -9.78386]
[RESULT] [POST] es_excitation_energies: [0.409232, 0.510191, 0.767695, 1.07034, 1.32575, 1.49223, 1.54962, 1.49223, 1.32575, 1.07034, 0.767695, 0.510191, 0.409232, 0.510191, 0.767695, 1.07034, 1.32575, 1.49223, 1.54962, 1.49223, 1.32575, 1.07034, 0.767695, 0.510191]
