[INFO   ] [PROGRAM_OPTIONS] n_sites                           = 24
[INFO   ] [PROGRAM_OPTIONS] n_pt                              = 1
[INFO   ] [PROGRAM_OPTIONS] model_type                        = ModelType::AF
[INFO   ] [PROGRAM_OPTIONS] J_classical                       = 1
[INFO   ] [PROGRAM_OPTIONS] J_quantum                         = 1
[INFO   ] [PROGRAM_OPTIONS] run_type                          = ModelType::EG
[INFO   ] [PROGRAM_OPTIONS] print_unpopulated_basis_flag      = 0
[INFO   ] [PROGRAM_OPTIONS] print_unpopulated_basis_size_flag = 1
[INFO   ] [PROGRAM_OPTIONS] print_populated_basis_flag        = 0
[INFO   ] [PROGRAM_OPTIONS] print_populated_basis_size_flag   = 1
[INFO   ] [PROGRAM_OPTIONS] print_sp_hamiltonian_flag         = 0
[INFO   ] [PROGRAM_OPTIONS] print_hamiltonian_flag            = 0
[INFO   ] [PROGRAM_OPTIONS] print_eigen_values_flag           = 1
[INFO   ] [PROGRAM_OPTIONS] print_eigen_vectors_flag          = 0
------------------------------------------
[common-recipe] [data    ] Unpopulated basis (0'th pt-order basis) size: 1.
[common-recipe] [progress] About to populate pt-basis.
[common-recipe] [time    ] Populating pt-basis took 0.00274877s.
[common-recipe] [progress] Has populated pt-basis.
[common-recipe] [data    ] Populated basis (1'th pt-order basis) size: 2.
[common-recipe] [progress] About to generate hamiltoniam.
[common-recipe] [time    ] Generating kn-hamiltoniam matrix took 0.00769653s.
[common-recipe] [progress] Has generated kn-hamiltoniam.
[common-recipe] [progress] About to solve eigen problem.
[common-recipe] [time    ] Solving eigen problem took: 0.000109257s.
[common-recipe] [progress] Has solved eigen problem.
[common-recipe] [data    ] eigen_values:
[common-recipe]   -8.0000
------------------------------------------
[common-recipe] [data    ] Unpopulated basis (0'th pt-order basis) size: 1.
[common-recipe] [progress] About to populate pt-basis.
[common-recipe] [time    ] Populating pt-basis took 0.0027209s.
[common-recipe] [progress] Has populated pt-basis.
[common-recipe] [data    ] Populated basis (1'th pt-order basis) size: 22.
[common-recipe] [progress] About to generate hamiltoniam.
[common-recipe] [time    ] Generating kn-hamiltoniam matrix took 0.0436369s.
[common-recipe] [progress] Has generated kn-hamiltoniam.
[common-recipe] [progress] About to solve eigen problem.
[common-recipe] [time    ] Solving eigen problem took: 0.000349646s.
[common-recipe] [progress] Has solved eigen problem.
[common-recipe] [data    ] eigen_values:
[common-recipe]   -7.0938
------------------------------------------
[common-recipe] [data    ] Unpopulated basis (0'th pt-order basis) size: 1.
[common-recipe] [progress] About to populate pt-basis.
[common-recipe] [time    ] Populating pt-basis took 0.00227073s.
[common-recipe] [progress] Has populated pt-basis.
[common-recipe] [data    ] Populated basis (1'th pt-order basis) size: 22.
[common-recipe] [progress] About to generate hamiltoniam.
[common-recipe] [time    ] Generating kn-hamiltoniam matrix took 0.0435897s.
[common-recipe] [progress] Has generated kn-hamiltoniam.
[common-recipe] [progress] About to solve eigen problem.
[common-recipe] [time    ] Solving eigen problem took: 0.000203936s.
[common-recipe] [progress] Has solved eigen problem.
[common-recipe] [data    ] eigen_values:
[common-recipe]   -7.0754
------------------------------------------
[common-recipe] [data    ] Unpopulated basis (0'th pt-order basis) size: 1.
[common-recipe] [progress] About to populate pt-basis.
[common-recipe] [time    ] Populating pt-basis took 0.00224773s.
[common-recipe] [progress] Has populated pt-basis.
[common-recipe] [data    ] Populated basis (1'th pt-order basis) size: 22.
[common-recipe] [progress] About to generate hamiltoniam.
[common-recipe] [time    ] Generating kn-hamiltoniam matrix took 0.043504s.
[common-recipe] [progress] Has generated kn-hamiltoniam.
[common-recipe] [progress] About to solve eigen problem.
[common-recipe] [time    ] Solving eigen problem took: 0.000201701s.
[common-recipe] [progress] Has solved eigen problem.
[common-recipe] [data    ] eigen_values:
[common-recipe]   -7.0240
------------------------------------------
[common-recipe] [data    ] Unpopulated basis (0'th pt-order basis) size: 1.
[common-recipe] [progress] About to populate pt-basis.
[common-recipe] [time    ] Populating pt-basis took 0.00224756s.
[common-recipe] [progress] Has populated pt-basis.
[common-recipe] [data    ] Populated basis (1'th pt-order basis) size: 22.
[common-recipe] [progress] About to generate hamiltoniam.
[common-recipe] [time    ] Generating kn-hamiltoniam matrix took 0.0439654s.
[common-recipe] [progress] Has generated kn-hamiltoniam.
[common-recipe] [progress] About to solve eigen problem.
[common-recipe] [time    ] Solving eigen problem took: 0.00029651s.
[common-recipe] [progress] Has solved eigen problem.
[common-recipe] [data    ] eigen_values:
[common-recipe]   -6.9508
------------------------------------------
[common-recipe] [data    ] Unpopulated basis (0'th pt-order basis) size: 1.
[common-recipe] [progress] About to populate pt-basis.
[common-recipe] [time    ] Populating pt-basis took 0.00235629s.
[common-recipe] [progress] Has populated pt-basis.
[common-recipe] [data    ] Populated basis (1'th pt-order basis) size: 22.
[common-recipe] [progress] About to generate hamiltoniam.
[common-recipe] [time    ] Generating kn-hamiltoniam matrix took 0.0441067s.
[common-recipe] [progress] Has generated kn-hamiltoniam.
[common-recipe] [progress] About to solve eigen problem.
[common-recipe] [time    ] Solving eigen problem took: 0.000269088s.
[common-recipe] [progress] Has solved eigen problem.
[common-recipe] [data    ] eigen_values:
[common-recipe]   -6.8735
------------------------------------------
[common-recipe] [data    ] Unpopulated basis (0'th pt-order basis) size: 1.
[common-recipe] [progress] About to populate pt-basis.
[common-recipe] [time    ] Populating pt-basis took 0.00224331s.
[common-recipe] [progress] Has populated pt-basis.
[common-recipe] [data    ] Populated basis (1'th pt-order basis) size: 22.
[common-recipe] [progress] About to generate hamiltoniam.
[common-recipe] [time    ] Generating kn-hamiltoniam matrix took 0.0444941s.
[common-recipe] [progress] Has generated kn-hamiltoniam.
[common-recipe] [progress] About to solve eigen problem.
[common-recipe] [time    ] Solving eigen problem took: 0.000223618s.
[common-recipe] [progress] Has solved eigen problem.
[common-recipe] [data    ] eigen_values:
[common-recipe]   -6.8139
------------------------------------------
[common-recipe] [data    ] Unpopulated basis (0'th pt-order basis) size: 1.
[common-recipe] [progress] About to populate pt-basis.
[common-recipe] [time    ] Populating pt-basis took 0.00229001s.
[common-recipe] [progress] Has populated pt-basis.
[common-recipe] [data    ] Populated basis (1'th pt-order basis) size: 22.
[common-recipe] [progress] About to generate hamiltoniam.
[common-recipe] [time    ] Generating kn-hamiltoniam matrix took 0.0441528s.
[common-recipe] [progress] Has generated kn-hamiltoniam.
[common-recipe] [progress] About to solve eigen problem.
[common-recipe] [time    ] Solving eigen problem took: 0.000174713s.
[common-recipe] [progress] Has solved eigen problem.
[common-recipe] [data    ] eigen_values:
[common-recipe]   -6.7913
------------------------------------------
[common-recipe] [data    ] Unpopulated basis (0'th pt-order basis) size: 1.
[common-recipe] [progress] About to populate pt-basis.
[common-recipe] [time    ] Populating pt-basis took 0.00213755s.
[common-recipe] [progress] Has populated pt-basis.
[common-recipe] [data    ] Populated basis (1'th pt-order basis) size: 22.
[common-recipe] [progress] About to generate hamiltoniam.
[common-recipe] [time    ] Generating kn-hamiltoniam matrix took 0.0439205s.
[common-recipe] [progress] Has generated kn-hamiltoniam.
[common-recipe] [progress] About to solve eigen problem.
[common-recipe] [time    ] Solving eigen problem took: 0.000310461s.
[common-recipe] [progress] Has solved eigen problem.
[common-recipe] [data    ] eigen_values:
[common-recipe]   -6.8139
------------------------------------------
[common-recipe] [data    ] Unpopulated basis (0'th pt-order basis) size: 1.
[common-recipe] [progress] About to populate pt-basis.
[common-recipe] [time    ] Populating pt-basis took 0.0022365s.
[common-recipe] [progress] Has populated pt-basis.
[common-recipe] [data    ] Populated basis (1'th pt-order basis) size: 22.
[common-recipe] [progress] About to generate hamiltoniam.
[common-recipe] [time    ] Generating kn-hamiltoniam matrix took 0.0441415s.
[common-recipe] [progress] Has generated kn-hamiltoniam.
[common-recipe] [progress] About to solve eigen problem.
[common-recipe] [time    ] Solving eigen problem took: 0.000258702s.
[common-recipe] [progress] Has solved eigen problem.
[common-recipe] [data    ] eigen_values:
[common-recipe]   -6.8735
------------------------------------------
[common-recipe] [data    ] Unpopulated basis (0'th pt-order basis) size: 1.
[common-recipe] [progress] About to populate pt-basis.
[common-recipe] [time    ] Populating pt-basis took 0.00218592s.
[common-recipe] [progress] Has populated pt-basis.
[common-recipe] [data    ] Populated basis (1'th pt-order basis) size: 22.
[common-recipe] [progress] About to generate hamiltoniam.
[common-recipe] [time    ] Generating kn-hamiltoniam matrix took 0.0440345s.
[common-recipe] [progress] Has generated kn-hamiltoniam.
[common-recipe] [progress] About to solve eigen problem.
[common-recipe] [time    ] Solving eigen problem took: 0.000257165s.
[common-recipe] [progress] Has solved eigen problem.
[common-recipe] [data    ] eigen_values:
[common-recipe]   -6.9508
------------------------------------------
[common-recipe] [data    ] Unpopulated basis (0'th pt-order basis) size: 1.
[common-recipe] [progress] About to populate pt-basis.
[common-recipe] [time    ] Populating pt-basis took 0.00250279s.
[common-recipe] [progress] Has populated pt-basis.
[common-recipe] [data    ] Populated basis (1'th pt-order basis) size: 22.
[common-recipe] [progress] About to generate hamiltoniam.
[common-recipe] [time    ] Generating kn-hamiltoniam matrix took 0.0446166s.
[common-recipe] [progress] Has generated kn-hamiltoniam.
[common-recipe] [progress] About to solve eigen problem.
[common-recipe] [time    ] Solving eigen problem took: 0.000234615s.
[common-recipe] [progress] Has solved eigen problem.
[common-recipe] [data    ] eigen_values:
[common-recipe]   -7.0240
------------------------------------------
[common-recipe] [data    ] Unpopulated basis (0'th pt-order basis) size: 1.
[common-recipe] [progress] About to populate pt-basis.
[common-recipe] [time    ] Populating pt-basis took 0.00232575s.
[common-recipe] [progress] Has populated pt-basis.
[common-recipe] [data    ] Populated basis (1'th pt-order basis) size: 22.
[common-recipe] [progress] About to generate hamiltoniam.
[common-recipe] [time    ] Generating kn-hamiltoniam matrix took 0.0442058s.
[common-recipe] [progress] Has generated kn-hamiltoniam.
[common-recipe] [progress] About to solve eigen problem.
[common-recipe] [time    ] Solving eigen problem took: 0.000178285s.
[common-recipe] [progress] Has solved eigen problem.
[common-recipe] [data    ] eigen_values:
[common-recipe]   -7.0754
------------------------------------------
[common-recipe] [data    ] Unpopulated basis (0'th pt-order basis) size: 1.
[common-recipe] [progress] About to populate pt-basis.
[common-recipe] [time    ] Populating pt-basis took 0.00253904s.
[common-recipe] [progress] Has populated pt-basis.
[common-recipe] [data    ] Populated basis (1'th pt-order basis) size: 22.
[common-recipe] [progress] About to generate hamiltoniam.
[common-recipe] [time    ] Generating kn-hamiltoniam matrix took 0.0446013s.
[common-recipe] [progress] Has generated kn-hamiltoniam.
[common-recipe] [progress] About to solve eigen problem.
[common-recipe] [time    ] Solving eigen problem took: 0.000271124s.
[common-recipe] [progress] Has solved eigen problem.
[common-recipe] [data    ] eigen_values:
[common-recipe]   -7.0938
------------------------------------------
[common-recipe] [data    ] Unpopulated basis (0'th pt-order basis) size: 1.
[common-recipe] [progress] About to populate pt-basis.
[common-recipe] [time    ] Populating pt-basis took 0.002281s.
[common-recipe] [progress] Has populated pt-basis.
[common-recipe] [data    ] Populated basis (1'th pt-order basis) size: 22.
[common-recipe] [progress] About to generate hamiltoniam.
[common-recipe] [time    ] Generating kn-hamiltoniam matrix took 0.0444269s.
[common-recipe] [progress] Has generated kn-hamiltoniam.
[common-recipe] [progress] About to solve eigen problem.
[common-recipe] [time    ] Solving eigen problem took: 0.000234622s.
[common-recipe] [progress] Has solved eigen problem.
[common-recipe] [data    ] eigen_values:
[common-recipe]   -7.0754
------------------------------------------
[common-recipe] [data    ] Unpopulated basis (0'th pt-order basis) size: 1.
[common-recipe] [progress] About to populate pt-basis.
[common-recipe] [time    ] Populating pt-basis took 0.00218818s.
[common-recipe] [progress] Has populated pt-basis.
[common-recipe] [data    ] Populated basis (1'th pt-order basis) size: 22.
[common-recipe] [progress] About to generate hamiltoniam.
[common-recipe] [time    ] Generating kn-hamiltoniam matrix took 0.0446263s.
[common-recipe] [progress] Has generated kn-hamiltoniam.
[common-recipe] [progress] About to solve eigen problem.
[common-recipe] [time    ] Solving eigen problem took: 0.000227598s.
[common-recipe] [progress] Has solved eigen problem.
[common-recipe] [data    ] eigen_values:
[common-recipe]   -7.0240
------------------------------------------
[common-recipe] [data    ] Unpopulated basis (0'th pt-order basis) size: 1.
[common-recipe] [progress] About to populate pt-basis.
[common-recipe] [time    ] Populating pt-basis took 0.00222909s.
[common-recipe] [progress] Has populated pt-basis.
[common-recipe] [data    ] Populated basis (1'th pt-order basis) size: 22.
[common-recipe] [progress] About to generate hamiltoniam.
[common-recipe] [time    ] Generating kn-hamiltoniam matrix took 0.0448943s.
[common-recipe] [progress] Has generated kn-hamiltoniam.
[common-recipe] [progress] About to solve eigen problem.
[common-recipe] [time    ] Solving eigen problem took: 0.000205793s.
[common-recipe] [progress] Has solved eigen problem.
[common-recipe] [data    ] eigen_values:
[common-recipe]   -6.9508
------------------------------------------
[common-recipe] [data    ] Unpopulated basis (0'th pt-order basis) size: 1.
[common-recipe] [progress] About to populate pt-basis.
[common-recipe] [time    ] Populating pt-basis took 0.00255687s.
[common-recipe] [progress] Has populated pt-basis.
[common-recipe] [data    ] Populated basis (1'th pt-order basis) size: 22.
[common-recipe] [progress] About to generate hamiltoniam.
[common-recipe] [time    ] Generating kn-hamiltoniam matrix took 0.0448765s.
[common-recipe] [progress] Has generated kn-hamiltoniam.
[common-recipe] [progress] About to solve eigen problem.
[common-recipe] [time    ] Solving eigen problem took: 0.000185512s.
[common-recipe] [progress] Has solved eigen problem.
[common-recipe] [data    ] eigen_values:
[common-recipe]   -6.8735
------------------------------------------
[common-recipe] [data    ] Unpopulated basis (0'th pt-order basis) size: 1.
[common-recipe] [progress] About to populate pt-basis.
[common-recipe] [time    ] Populating pt-basis took 0.00227279s.
[common-recipe] [progress] Has populated pt-basis.
[common-recipe] [data    ] Populated basis (1'th pt-order basis) size: 22.
[common-recipe] [progress] About to generate hamiltoniam.
[common-recipe] [time    ] Generating kn-hamiltoniam matrix took 0.0443008s.
[common-recipe] [progress] Has generated kn-hamiltoniam.
[common-recipe] [progress] About to solve eigen problem.
[common-recipe] [time    ] Solving eigen problem took: 0.00022036s.
[common-recipe] [progress] Has solved eigen problem.
[common-recipe] [data    ] eigen_values:
[common-recipe]   -6.8139
------------------------------------------
[common-recipe] [data    ] Unpopulated basis (0'th pt-order basis) size: 1.
[common-recipe] [progress] About to populate pt-basis.
[common-recipe] [time    ] Populating pt-basis took 0.00243565s.
[common-recipe] [progress] Has populated pt-basis.
[common-recipe] [data    ] Populated basis (1'th pt-order basis) size: 22.
[common-recipe] [progress] About to generate hamiltoniam.
[common-recipe] [time    ] Generating kn-hamiltoniam matrix took 0.0446159s.
[common-recipe] [progress] Has generated kn-hamiltoniam.
[common-recipe] [progress] About to solve eigen problem.
[common-recipe] [time    ] Solving eigen problem took: 0.000229949s.
[common-recipe] [progress] Has solved eigen problem.
[common-recipe] [data    ] eigen_values:
[common-recipe]   -6.7913
------------------------------------------
[common-recipe] [data    ] Unpopulated basis (0'th pt-order basis) size: 1.
[common-recipe] [progress] About to populate pt-basis.
[common-recipe] [time    ] Populating pt-basis took 0.00236513s.
[common-recipe] [progress] Has populated pt-basis.
[common-recipe] [data    ] Populated basis (1'th pt-order basis) size: 22.
[common-recipe] [progress] About to generate hamiltoniam.
[common-recipe] [time    ] Generating kn-hamiltoniam matrix took 0.044315s.
[common-recipe] [progress] Has generated kn-hamiltoniam.
[common-recipe] [progress] About to solve eigen problem.
[common-recipe] [time    ] Solving eigen problem took: 0.000229804s.
[common-recipe] [progress] Has solved eigen problem.
[common-recipe] [data    ] eigen_values:
[common-recipe]   -6.8139
------------------------------------------
[common-recipe] [data    ] Unpopulated basis (0'th pt-order basis) size: 1.
[common-recipe] [progress] About to populate pt-basis.
[common-recipe] [time    ] Populating pt-basis took 0.00225538s.
[common-recipe] [progress] Has populated pt-basis.
[common-recipe] [data    ] Populated basis (1'th pt-order basis) size: 22.
[common-recipe] [progress] About to generate hamiltoniam.
[common-recipe] [time    ] Generating kn-hamiltoniam matrix took 0.0444437s.
[common-recipe] [progress] Has generated kn-hamiltoniam.
[common-recipe] [progress] About to solve eigen problem.
[common-recipe] [time    ] Solving eigen problem took: 0.000186201s.
[common-recipe] [progress] Has solved eigen problem.
[common-recipe] [data    ] eigen_values:
[common-recipe]   -6.8735
------------------------------------------
[common-recipe] [data    ] Unpopulated basis (0'th pt-order basis) size: 1.
[common-recipe] [progress] About to populate pt-basis.
[common-recipe] [time    ] Populating pt-basis took 0.00207082s.
[common-recipe] [progress] Has populated pt-basis.
[common-recipe] [data    ] Populated basis (1'th pt-order basis) size: 22.
[common-recipe] [progress] About to generate hamiltoniam.
[common-recipe] [time    ] Generating kn-hamiltoniam matrix took 0.0450193s.
[common-recipe] [progress] Has generated kn-hamiltoniam.
[common-recipe] [progress] About to solve eigen problem.
[common-recipe] [time    ] Solving eigen problem took: 0.000248477s.
[common-recipe] [progress] Has solved eigen problem.
[common-recipe] [data    ] eigen_values:
[common-recipe]   -6.9508
------------------------------------------
[common-recipe] [data    ] Unpopulated basis (0'th pt-order basis) size: 1.
[common-recipe] [progress] About to populate pt-basis.
[common-recipe] [time    ] Populating pt-basis took 0.00230886s.
[common-recipe] [progress] Has populated pt-basis.
[common-recipe] [data    ] Populated basis (1'th pt-order basis) size: 22.
[common-recipe] [progress] About to generate hamiltoniam.
[common-recipe] [time    ] Generating kn-hamiltoniam matrix took 0.0446965s.
[common-recipe] [progress] Has generated kn-hamiltoniam.
[common-recipe] [progress] About to solve eigen problem.
[common-recipe] [time    ] Solving eigen problem took: 0.000278577s.
[common-recipe] [progress] Has solved eigen problem.
[common-recipe] [data    ] eigen_values:
[common-recipe]   -7.0240
------------------------------------------
[common-recipe] [data    ] Unpopulated basis (0'th pt-order basis) size: 1.
[common-recipe] [progress] About to populate pt-basis.
[common-recipe] [time    ] Populating pt-basis took 0.00228466s.
[common-recipe] [progress] Has populated pt-basis.
[common-recipe] [data    ] Populated basis (1'th pt-order basis) size: 22.
[common-recipe] [progress] About to generate hamiltoniam.
[common-recipe] [time    ] Generating kn-hamiltoniam matrix took 0.0442272s.
[common-recipe] [progress] Has generated kn-hamiltoniam.
[common-recipe] [progress] About to solve eigen problem.
[common-recipe] [time    ] Solving eigen problem took: 0.00023005s.
[common-recipe] [progress] Has solved eigen problem.
[common-recipe] [data    ] eigen_values:
[common-recipe]   -7.0754
------------------------------------------
 ├state: gs 
 ││enery = -8
 ││enery (reference) = -10.6355
 ├state: es [k_n = 0]
 ││abs. enery        = -7.09376
 ││exc. enery        = 0.906237
 ││exc. enery (ref.) = 0
 ├state: es [k_n = 1]
 ││abs. enery        = -7.07538
 ││exc. enery        = 0.924621
 ││exc. enery (ref.) = 0.406552
 ├state: es [k_n = 2]
 ││abs. enery        = -7.024
 ││exc. enery        = 0.976004
 ││exc. enery (ref.) = 0.785398
 ├state: es [k_n = 3]
 ││abs. enery        = -6.95078
 ││exc. enery        = 1.04922
 ││exc. enery (ref.) = 1.11072
 ├state: es [k_n = 4]
 ││abs. enery        = -6.87349
 ││exc. enery        = 1.12651
 ││exc. enery (ref.) = 1.36035
 ├state: es [k_n = 5]
 ││abs. enery        = -6.81385
 ││exc. enery        = 1.18615
 ││exc. enery (ref.) = 1.51727
 ├state: es [k_n = 6]
 ││abs. enery        = -6.79129
 ││exc. enery        = 1.20871
 ││exc. enery (ref.) = 1.5708
 ├state: es [k_n = 7]
 ││abs. enery        = -6.81385
 ││exc. enery        = 1.18615
 ││exc. enery (ref.) = 1.51727
 ├state: es [k_n = 8]
 ││abs. enery        = -6.87349
 ││exc. enery        = 1.12651
 ││exc. enery (ref.) = 1.36035
 ├state: es [k_n = 9]
 ││abs. enery        = -6.95078
 ││exc. enery        = 1.04922
 ││exc. enery (ref.) = 1.11072
 ├state: es [k_n = 10]
 ││abs. enery        = -7.024
 ││exc. enery        = 0.976004
 ││exc. enery (ref.) = 0.785398
 ├state: es [k_n = 11]
 ││abs. enery        = -7.07538
 ││exc. enery        = 0.924621
 ││exc. enery (ref.) = 0.406552
 ├state: es [k_n = 12]
 ││abs. enery        = -7.09376
 ││exc. enery        = 0.906237
 ││exc. enery (ref.) = 1.92367e-16
 ├state: es [k_n = 13]
 ││abs. enery        = -7.07538
 ││exc. enery        = 0.924621
 ││exc. enery (ref.) = 0.406552
 ├state: es [k_n = 14]
 ││abs. enery        = -7.024
 ││exc. enery        = 0.976004
 ││exc. enery (ref.) = 0.785398
 ├state: es [k_n = 15]
 ││abs. enery        = -6.95078
 ││exc. enery        = 1.04922
 ││exc. enery (ref.) = 1.11072
 ├state: es [k_n = 16]
 ││abs. enery        = -6.87349
 ││exc. enery        = 1.12651
 ││exc. enery (ref.) = 1.36035
 ├state: es [k_n = 17]
 ││abs. enery        = -6.81385
 ││exc. enery        = 1.18615
 ││exc. enery (ref.) = 1.51727
 ├state: es [k_n = 18]
 ││abs. enery        = -6.79129
 ││exc. enery        = 1.20871
 ││exc. enery (ref.) = 1.5708
 ├state: es [k_n = 19]
 ││abs. enery        = -6.81385
 ││exc. enery        = 1.18615
 ││exc. enery (ref.) = 1.51727
 ├state: es [k_n = 20]
 ││abs. enery        = -6.87349
 ││exc. enery        = 1.12651
 ││exc. enery (ref.) = 1.36035
 ├state: es [k_n = 21]
 ││abs. enery        = -6.95078
 ││exc. enery        = 1.04922
 ││exc. enery (ref.) = 1.11072
 ├state: es [k_n = 22]
 ││abs. enery        = -7.024
 ││exc. enery        = 0.976004
 ││exc. enery (ref.) = 0.785398
 ├state: es [k_n = 23]
 ││abs. enery        = -7.07538
 ││exc. enery        = 0.924621
 ││exc. enery (ref.) = 0.406552
[RESULT] [POST] gs_energy: -8
[RESULT] [POST] domain: [0, 0.261799, 0.523599, 0.785398, 1.0472, 1.309, 1.5708, 1.8326, 2.0944, 2.35619, 2.61799, 2.87979, 3.14159, 3.40339, 3.66519, 3.92699, 4.18879, 4.45059, 4.71239, 4.97419, 5.23599, 5.49779, 5.75959, 6.02139]
[RESULT] [POST] es_absolute_energies: [-7.09376, -7.07538, -7.024, -6.95078, -6.87349, -6.81385, -6.79129, -6.81385, -6.87349, -6.95078, -7.024, -7.07538, -7.09376, -7.07538, -7.024, -6.95078, -6.87349, -6.81385, -6.79129, -6.81385, -6.87349, -6.95078, -7.024, -7.07538]
[RESULT] [POST] es_excitation_energies: [0.906237, 0.924621, 0.976004, 1.04922, 1.12651, 1.18615, 1.20871, 1.18615, 1.12651, 1.04922, 0.976004, 0.924621, 0.906237, 0.924621, 0.976004, 1.04922, 1.12651, 1.18615, 1.20871, 1.18615, 1.12651, 1.04922, 0.976004, 0.924621]
