[INFO   ] [PROGRAM_OPTIONS] n_sites                           = 20
[INFO   ] [PROGRAM_OPTIONS] n_pt                              = 22
[INFO   ] [PROGRAM_OPTIONS] model_type                        = ModelType::AF
[INFO   ] [PROGRAM_OPTIONS] J_classical                       = 1
[INFO   ] [PROGRAM_OPTIONS] J_quantum                         = 1
[INFO   ] [PROGRAM_OPTIONS] run_type                          = ModelType::EG
[INFO   ] [PROGRAM_OPTIONS] print_unpopulated_basis_flag      = 0
[INFO   ] [PROGRAM_OPTIONS] print_unpopulated_basis_size_flag = 1
[INFO   ] [PROGRAM_OPTIONS] print_populated_basis_flag        = 0
[INFO   ] [PROGRAM_OPTIONS] print_populated_basis_size_flag   = 1
[INFO   ] [PROGRAM_OPTIONS] print_sp_hamiltonian_flag         = 0
[INFO   ] [PROGRAM_OPTIONS] print_hamiltonian_flag            = 0
[INFO   ] [PROGRAM_OPTIONS] print_eigen_values_flag           = 1
[INFO   ] [PROGRAM_OPTIONS] print_eigen_vectors_flag          = 0
------------------------------------------
[common-recipe] [data    ] Unpopulated basis (0'th pt-order basis) size: 1.
[common-recipe] [progress] About to populate pt-basis.
[common-recipe] [time    ] Populating pt-basis took 7.16219s.
[common-recipe] [progress] Has populated pt-basis.
[common-recipe] [data    ] Populated basis (22'th pt-order basis) size: 9248.
[common-recipe] [progress] About to generate hamiltoniam.
[common-recipe] [time    ] Generating kn-hamiltoniam matrix took 8.31493s.
[common-recipe] [progress] Has generated kn-hamiltoniam.
[common-recipe] [progress] About to solve eigen problem.
[common-recipe] [time    ] Solving eigen problem took: 1.98358s.
[common-recipe] [progress] Has solved eigen problem.
[common-recipe] [data    ] eigen_values:
[common-recipe]   -8.9044
------------------------------------------
[common-recipe] [data    ] Unpopulated basis (0'th pt-order basis) size: 1.
[common-recipe] [progress] About to populate pt-basis.
[common-recipe] [time    ] Populating pt-basis took 13.4875s.
[common-recipe] [progress] Has populated pt-basis.
[common-recipe] [data    ] Populated basis (22'th pt-order basis) size: 16796.
[common-recipe] [progress] About to generate hamiltoniam.
[common-recipe] [time    ] Generating kn-hamiltoniam matrix took 15.184s.
[common-recipe] [progress] Has generated kn-hamiltoniam.
[common-recipe] [progress] About to solve eigen problem.
[common-recipe] [time    ] Solving eigen problem took: 5.30162s.
[common-recipe] [progress] Has solved eigen problem.
[common-recipe] [data    ] eigen_values:
[common-recipe]   -8.6864
------------------------------------------
[common-recipe] [data    ] Unpopulated basis (0'th pt-order basis) size: 1.
[common-recipe] [progress] About to populate pt-basis.
[common-recipe] [time    ] Populating pt-basis took 14.1638s.
[common-recipe] [progress] Has populated pt-basis.
[common-recipe] [data    ] Populated basis (22'th pt-order basis) size: 16796.
[common-recipe] [progress] About to generate hamiltoniam.
[common-recipe] [time    ] Generating kn-hamiltoniam matrix took 15.98s.
[common-recipe] [progress] Has generated kn-hamiltoniam.
[common-recipe] [progress] About to solve eigen problem.
[common-recipe] [time    ] Solving eigen problem took: 5.19625s.
[common-recipe] [progress] Has solved eigen problem.
[common-recipe] [data    ] eigen_values:
[common-recipe]   -8.4076
------------------------------------------
[common-recipe] [data    ] Unpopulated basis (0'th pt-order basis) size: 1.
[common-recipe] [progress] About to populate pt-basis.
[common-recipe] [time    ] Populating pt-basis took 14.1927s.
[common-recipe] [progress] Has populated pt-basis.
[common-recipe] [data    ] Populated basis (22'th pt-order basis) size: 16796.
[common-recipe] [progress] About to generate hamiltoniam.
[common-recipe] [time    ] Generating kn-hamiltoniam matrix took 16.0535s.
[common-recipe] [progress] Has generated kn-hamiltoniam.
[common-recipe] [progress] About to solve eigen problem.
[common-recipe] [time    ] Solving eigen problem took: 6.76593s.
[common-recipe] [progress] Has solved eigen problem.
[common-recipe] [data    ] eigen_values:
[common-recipe]   -7.9574
------------------------------------------
[common-recipe] [data    ] Unpopulated basis (0'th pt-order basis) size: 1.
[common-recipe] [progress] About to populate pt-basis.
[common-recipe] [time    ] Populating pt-basis took 14.3138s.
[common-recipe] [progress] Has populated pt-basis.
[common-recipe] [data    ] Populated basis (22'th pt-order basis) size: 16796.
[common-recipe] [progress] About to generate hamiltoniam.
[common-recipe] [time    ] Generating kn-hamiltoniam matrix took 16.022s.
[common-recipe] [progress] Has generated kn-hamiltoniam.
[common-recipe] [progress] About to solve eigen problem.
[common-recipe] [time    ] Solving eigen problem took: 8.83915s.
[common-recipe] [progress] Has solved eigen problem.
[common-recipe] [data    ] eigen_values:
[common-recipe]   -7.5905
------------------------------------------
[common-recipe] [data    ] Unpopulated basis (0'th pt-order basis) size: 1.
[common-recipe] [progress] About to populate pt-basis.
[common-recipe] [time    ] Populating pt-basis took 14.444s.
[common-recipe] [progress] Has populated pt-basis.
[common-recipe] [data    ] Populated basis (22'th pt-order basis) size: 16796.
[common-recipe] [progress] About to generate hamiltoniam.
[common-recipe] [time    ] Generating kn-hamiltoniam matrix took 16.3975s.
[common-recipe] [progress] Has generated kn-hamiltoniam.
[common-recipe] [progress] About to solve eigen problem.
[common-recipe] [time    ] Solving eigen problem took: 7.04367s.
[common-recipe] [progress] Has solved eigen problem.
[common-recipe] [data    ] eigen_values:
[common-recipe]   -7.3422
------------------------------------------
[common-recipe] [data    ] Unpopulated basis (0'th pt-order basis) size: 1.
[common-recipe] [progress] About to populate pt-basis.
[common-recipe] [time    ] Populating pt-basis took 14.3276s.
[common-recipe] [progress] Has populated pt-basis.
[common-recipe] [data    ] Populated basis (22'th pt-order basis) size: 16796.
[common-recipe] [progress] About to generate hamiltoniam.
[common-recipe] [time    ] Generating kn-hamiltoniam matrix took 16.3822s.
[common-recipe] [progress] Has generated kn-hamiltoniam.
[common-recipe] [progress] About to solve eigen problem.
[common-recipe] [time    ] Solving eigen problem took: 5.7165s.
[common-recipe] [progress] Has solved eigen problem.
[common-recipe] [data    ] eigen_values:
[common-recipe]   -7.2364
------------------------------------------
[common-recipe] [data    ] Unpopulated basis (0'th pt-order basis) size: 1.
[common-recipe] [progress] About to populate pt-basis.
[common-recipe] [time    ] Populating pt-basis took 14.3777s.
[common-recipe] [progress] Has populated pt-basis.
[common-recipe] [data    ] Populated basis (22'th pt-order basis) size: 16796.
[common-recipe] [progress] About to generate hamiltoniam.
[common-recipe] [time    ] Generating kn-hamiltoniam matrix took 16.4558s.
[common-recipe] [progress] Has generated kn-hamiltoniam.
[common-recipe] [progress] About to solve eigen problem.
[common-recipe] [time    ] Solving eigen problem took: 6.93294s.
[common-recipe] [progress] Has solved eigen problem.
[common-recipe] [data    ] eigen_values:
[common-recipe]   -7.3422
------------------------------------------
[common-recipe] [data    ] Unpopulated basis (0'th pt-order basis) size: 1.
[common-recipe] [progress] About to populate pt-basis.
[common-recipe] [time    ] Populating pt-basis took 14.5237s.
[common-recipe] [progress] Has populated pt-basis.
[common-recipe] [data    ] Populated basis (22'th pt-order basis) size: 16796.
[common-recipe] [progress] About to generate hamiltoniam.
[common-recipe] [time    ] Generating kn-hamiltoniam matrix took 16.3461s.
[common-recipe] [progress] Has generated kn-hamiltoniam.
[common-recipe] [progress] About to solve eigen problem.
[common-recipe] [time    ] Solving eigen problem took: 9.55031s.
[common-recipe] [progress] Has solved eigen problem.
[common-recipe] [data    ] eigen_values:
[common-recipe]   -7.5905
------------------------------------------
[common-recipe] [data    ] Unpopulated basis (0'th pt-order basis) size: 1.
[common-recipe] [progress] About to populate pt-basis.
[common-recipe] [time    ] Populating pt-basis took 14.6708s.
[common-recipe] [progress] Has populated pt-basis.
[common-recipe] [data    ] Populated basis (22'th pt-order basis) size: 16796.
[common-recipe] [progress] About to generate hamiltoniam.
[common-recipe] [time    ] Generating kn-hamiltoniam matrix took 16.4527s.
[common-recipe] [progress] Has generated kn-hamiltoniam.
[common-recipe] [progress] About to solve eigen problem.
[common-recipe] [time    ] Solving eigen problem took: 7.21442s.
[common-recipe] [progress] Has solved eigen problem.
[common-recipe] [data    ] eigen_values:
[common-recipe]   -7.9574
------------------------------------------
[common-recipe] [data    ] Unpopulated basis (0'th pt-order basis) size: 1.
[common-recipe] [progress] About to populate pt-basis.
[common-recipe] [time    ] Populating pt-basis took 14.5385s.
[common-recipe] [progress] Has populated pt-basis.
[common-recipe] [data    ] Populated basis (22'th pt-order basis) size: 16796.
[common-recipe] [progress] About to generate hamiltoniam.
[common-recipe] [time    ] Generating kn-hamiltoniam matrix took 16.4615s.
[common-recipe] [progress] Has generated kn-hamiltoniam.
[common-recipe] [progress] About to solve eigen problem.
[common-recipe] [time    ] Solving eigen problem took: 5.14736s.
[common-recipe] [progress] Has solved eigen problem.
[common-recipe] [data    ] eigen_values:
[common-recipe]   -8.4076
------------------------------------------
[common-recipe] [data    ] Unpopulated basis (0'th pt-order basis) size: 1.
[common-recipe] [progress] About to populate pt-basis.
[common-recipe] [time    ] Populating pt-basis took 14.716s.
[common-recipe] [progress] Has populated pt-basis.
[common-recipe] [data    ] Populated basis (22'th pt-order basis) size: 16796.
[common-recipe] [progress] About to generate hamiltoniam.
[common-recipe] [time    ] Generating kn-hamiltoniam matrix took 16.6986s.
[common-recipe] [progress] Has generated kn-hamiltoniam.
[common-recipe] [progress] About to solve eigen problem.
[common-recipe] [time    ] Solving eigen problem took: 5.97798s.
[common-recipe] [progress] Has solved eigen problem.
[common-recipe] [data    ] eigen_values:
[common-recipe]   -8.6864
------------------------------------------
[common-recipe] [data    ] Unpopulated basis (0'th pt-order basis) size: 1.
[common-recipe] [progress] About to populate pt-basis.
[common-recipe] [time    ] Populating pt-basis took 14.5115s.
[common-recipe] [progress] Has populated pt-basis.
[common-recipe] [data    ] Populated basis (22'th pt-order basis) size: 16796.
[common-recipe] [progress] About to generate hamiltoniam.
[common-recipe] [time    ] Generating kn-hamiltoniam matrix took 16.6372s.
[common-recipe] [progress] Has generated kn-hamiltoniam.
[common-recipe] [progress] About to solve eigen problem.
[common-recipe] [time    ] Solving eigen problem took: 5.47769s.
[common-recipe] [progress] Has solved eigen problem.
[common-recipe] [data    ] eigen_values:
[common-recipe]   -8.4076
------------------------------------------
[common-recipe] [data    ] Unpopulated basis (0'th pt-order basis) size: 1.
[common-recipe] [progress] About to populate pt-basis.
[common-recipe] [time    ] Populating pt-basis took 14.6562s.
[common-recipe] [progress] Has populated pt-basis.
[common-recipe] [data    ] Populated basis (22'th pt-order basis) size: 16796.
[common-recipe] [progress] About to generate hamiltoniam.
[common-recipe] [time    ] Generating kn-hamiltoniam matrix took 16.716s.
[common-recipe] [progress] Has generated kn-hamiltoniam.
[common-recipe] [progress] About to solve eigen problem.
[common-recipe] [time    ] Solving eigen problem took: 6.73853s.
[common-recipe] [progress] Has solved eigen problem.
[common-recipe] [data    ] eigen_values:
[common-recipe]   -7.9574
------------------------------------------
[common-recipe] [data    ] Unpopulated basis (0'th pt-order basis) size: 1.
[common-recipe] [progress] About to populate pt-basis.
[common-recipe] [time    ] Populating pt-basis took 14.8865s.
[common-recipe] [progress] Has populated pt-basis.
[common-recipe] [data    ] Populated basis (22'th pt-order basis) size: 16796.
[common-recipe] [progress] About to generate hamiltoniam.
[common-recipe] [time    ] Generating kn-hamiltoniam matrix took 16.6761s.
[common-recipe] [progress] Has generated kn-hamiltoniam.
[common-recipe] [progress] About to solve eigen problem.
[common-recipe] [time    ] Solving eigen problem took: 9.60961s.
[common-recipe] [progress] Has solved eigen problem.
[common-recipe] [data    ] eigen_values:
[common-recipe]   -7.5905
------------------------------------------
[common-recipe] [data    ] Unpopulated basis (0'th pt-order basis) size: 1.
[common-recipe] [progress] About to populate pt-basis.
[common-recipe] [time    ] Populating pt-basis took 15.312s.
[common-recipe] [progress] Has populated pt-basis.
[common-recipe] [data    ] Populated basis (22'th pt-order basis) size: 16796.
[common-recipe] [progress] About to generate hamiltoniam.
[common-recipe] [time    ] Generating kn-hamiltoniam matrix took 15.6763s.
[common-recipe] [progress] Has generated kn-hamiltoniam.
[common-recipe] [progress] About to solve eigen problem.
[common-recipe] [time    ] Solving eigen problem took: 7.29347s.
[common-recipe] [progress] Has solved eigen problem.
[common-recipe] [data    ] eigen_values:
[common-recipe]   -7.3422
------------------------------------------
[common-recipe] [data    ] Unpopulated basis (0'th pt-order basis) size: 1.
[common-recipe] [progress] About to populate pt-basis.
[common-recipe] [time    ] Populating pt-basis took 14.3189s.
[common-recipe] [progress] Has populated pt-basis.
[common-recipe] [data    ] Populated basis (22'th pt-order basis) size: 16796.
[common-recipe] [progress] About to generate hamiltoniam.
[common-recipe] [time    ] Generating kn-hamiltoniam matrix took 16.4849s.
[common-recipe] [progress] Has generated kn-hamiltoniam.
[common-recipe] [progress] About to solve eigen problem.
[common-recipe] [time    ] Solving eigen problem took: 6.36428s.
[common-recipe] [progress] Has solved eigen problem.
[common-recipe] [data    ] eigen_values:
[common-recipe]   -7.2364
------------------------------------------
[common-recipe] [data    ] Unpopulated basis (0'th pt-order basis) size: 1.
[common-recipe] [progress] About to populate pt-basis.
[common-recipe] [time    ] Populating pt-basis took 14.5912s.
[common-recipe] [progress] Has populated pt-basis.
[common-recipe] [data    ] Populated basis (22'th pt-order basis) size: 16796.
[common-recipe] [progress] About to generate hamiltoniam.
[common-recipe] [time    ] Generating kn-hamiltoniam matrix took 16.2676s.
[common-recipe] [progress] Has generated kn-hamiltoniam.
[common-recipe] [progress] About to solve eigen problem.
[common-recipe] [time    ] Solving eigen problem took: 7.39529s.
[common-recipe] [progress] Has solved eigen problem.
[common-recipe] [data    ] eigen_values:
[common-recipe]   -7.3422
------------------------------------------
[common-recipe] [data    ] Unpopulated basis (0'th pt-order basis) size: 1.
[common-recipe] [progress] About to populate pt-basis.
[common-recipe] [time    ] Populating pt-basis took 15.1445s.
[common-recipe] [progress] Has populated pt-basis.
[common-recipe] [data    ] Populated basis (22'th pt-order basis) size: 16796.
[common-recipe] [progress] About to generate hamiltoniam.
[common-recipe] [time    ] Generating kn-hamiltoniam matrix took 16.4821s.
[common-recipe] [progress] Has generated kn-hamiltoniam.
[common-recipe] [progress] About to solve eigen problem.
[common-recipe] [time    ] Solving eigen problem took: 9.49876s.
[common-recipe] [progress] Has solved eigen problem.
[common-recipe] [data    ] eigen_values:
[common-recipe]   -7.5905
------------------------------------------
[common-recipe] [data    ] Unpopulated basis (0'th pt-order basis) size: 1.
[common-recipe] [progress] About to populate pt-basis.
[common-recipe] [time    ] Populating pt-basis took 14.4641s.
[common-recipe] [progress] Has populated pt-basis.
[common-recipe] [data    ] Populated basis (22'th pt-order basis) size: 16796.
[common-recipe] [progress] About to generate hamiltoniam.
[common-recipe] [time    ] Generating kn-hamiltoniam matrix took 16.518s.
[common-recipe] [progress] Has generated kn-hamiltoniam.
[common-recipe] [progress] About to solve eigen problem.
[common-recipe] [time    ] Solving eigen problem took: 6.7002s.
[common-recipe] [progress] Has solved eigen problem.
[common-recipe] [data    ] eigen_values:
[common-recipe]   -7.9574
------------------------------------------
[common-recipe] [data    ] Unpopulated basis (0'th pt-order basis) size: 1.
[common-recipe] [progress] About to populate pt-basis.
[common-recipe] [time    ] Populating pt-basis took 14.5851s.
[common-recipe] [progress] Has populated pt-basis.
[common-recipe] [data    ] Populated basis (22'th pt-order basis) size: 16796.
[common-recipe] [progress] About to generate hamiltoniam.
[common-recipe] [time    ] Generating kn-hamiltoniam matrix took 16.5692s.
[common-recipe] [progress] Has generated kn-hamiltoniam.
[common-recipe] [progress] About to solve eigen problem.
[common-recipe] [time    ] Solving eigen problem took: 5.59165s.
[common-recipe] [progress] Has solved eigen problem.
[common-recipe] [data    ] eigen_values:
[common-recipe]   -8.4076
------------------------------------------
 ├state: gs 
 ││enery = -8.90439
 ││enery (reference) = -8.86294
 ├state: es [k_n = 0]
 ││abs. enery        = -8.68644
 ││exc. enery        = 0.217946
 ││exc. enery (ref.) = 0
 ├state: es [k_n = 1]
 ││abs. enery        = -8.40758
 ││exc. enery        = 0.496805
 ││exc. enery (ref.) = 0.485403
 ├state: es [k_n = 2]
 ││abs. enery        = -7.95738
 ││exc. enery        = 0.947003
 ││exc. enery (ref.) = 0.923291
 ├state: es [k_n = 3]
 ││abs. enery        = -7.5905
 ││exc. enery        = 1.31389
 ││exc. enery (ref.) = 1.2708
 ├state: es [k_n = 4]
 ││abs. enery        = -7.3422
 ││exc. enery        = 1.56219
 ││exc. enery (ref.) = 1.49392
 ├state: es [k_n = 5]
 ││abs. enery        = -7.23642
 ││exc. enery        = 1.66797
 ││exc. enery (ref.) = 1.5708
 ├state: es [k_n = 6]
 ││abs. enery        = -7.3422
 ││exc. enery        = 1.56219
 ││exc. enery (ref.) = 1.49392
 ├state: es [k_n = 7]
 ││abs. enery        = -7.5905
 ││exc. enery        = 1.31389
 ││exc. enery (ref.) = 1.2708
 ├state: es [k_n = 8]
 ││abs. enery        = -7.95738
 ││exc. enery        = 0.947003
 ││exc. enery (ref.) = 0.923291
 ├state: es [k_n = 9]
 ││abs. enery        = -8.40758
 ││exc. enery        = 0.496805
 ││exc. enery (ref.) = 0.485403
 ├state: es [k_n = 10]
 ││abs. enery        = -8.68644
 ││exc. enery        = 0.217946
 ││exc. enery (ref.) = 1.92367e-16
 ├state: es [k_n = 11]
 ││abs. enery        = -8.40758
 ││exc. enery        = 0.496805
 ││exc. enery (ref.) = 0.485403
 ├state: es [k_n = 12]
 ││abs. enery        = -7.95738
 ││exc. enery        = 0.947003
 ││exc. enery (ref.) = 0.923291
 ├state: es [k_n = 13]
 ││abs. enery        = -7.5905
 ││exc. enery        = 1.31389
 ││exc. enery (ref.) = 1.2708
 ├state: es [k_n = 14]
 ││abs. enery        = -7.3422
 ││exc. enery        = 1.56219
 ││exc. enery (ref.) = 1.49392
 ├state: es [k_n = 15]
 ││abs. enery        = -7.23642
 ││exc. enery        = 1.66797
 ││exc. enery (ref.) = 1.5708
 ├state: es [k_n = 16]
 ││abs. enery        = -7.3422
 ││exc. enery        = 1.56219
 ││exc. enery (ref.) = 1.49392
 ├state: es [k_n = 17]
 ││abs. enery        = -7.5905
 ││exc. enery        = 1.31389
 ││exc. enery (ref.) = 1.2708
 ├state: es [k_n = 18]
 ││abs. enery        = -7.95738
 ││exc. enery        = 0.947003
 ││exc. enery (ref.) = 0.923291
 ├state: es [k_n = 19]
 ││abs. enery        = -8.40758
 ││exc. enery        = 0.496805
 ││exc. enery (ref.) = 0.485403
[RESULT] [POST] gs_energy: -8.90439
[RESULT] [POST] domain: [0, 0.314159, 0.628319, 0.942478, 1.25664, 1.5708, 1.88496, 2.19911, 2.51327, 2.82743, 3.14159, 3.45575, 3.76991, 4.08407, 4.39823, 4.71239, 5.02655, 5.34071, 5.65487, 5.96903]
[RESULT] [POST] es_absolute_energies: [-8.68644, -8.40758, -7.95738, -7.5905, -7.3422, -7.23642, -7.3422, -7.5905, -7.95738, -8.40758, -8.68644, -8.40758, -7.95738, -7.5905, -7.3422, -7.23642, -7.3422, -7.5905, -7.95738, -8.40758]
[RESULT] [POST] es_excitation_energies: [0.217946, 0.496805, 0.947003, 1.31389, 1.56219, 1.66797, 1.56219, 1.31389, 0.947003, 0.496805, 0.217946, 0.496805, 0.947003, 1.31389, 1.56219, 1.66797, 1.56219, 1.31389, 0.947003, 0.496805]
